#
# A fatal error has been detected by the Java Runtime Environment:
#
#  EXCEPTION_ACCESS_VIOLATION (0xc0000005) at pc=0x00007ffc17bc9dde, pid=16172, tid=15416
#
# JRE version: OpenJDK Runtime Environment (16.0.2+7) (build 16.0.2+7-67)
# Java VM: OpenJDK 64-Bit Server VM (16.0.2+7-67, mixed mode, tiered, compressed oops, compressed class ptrs, g1 gc, windows-amd64)
# Problematic frame:
# V  [jvm.dll+0x369dde]
#
# No core dump will be written. Minidumps are not enabled by default on client versions of Windows
#
# If you would like to submit a bug report, please visit:
#   https://bugreport.java.com/bugreport/crash.jsp
#

---------------  S U M M A R Y ------------

Command Line: -ea -Dfile.encoding=Cp1252 -XX:+ShowCodeDetailsInExceptionMessages org.testng.remote.RemoteTestNG -serport 51632 -protocol json -d C:\Users\vadap\Documents\workspace-spring-tool-suite-4-4.11.1.RELEASE\easyMyTrip\test-output C:\Users\vadap\AppData\Local\Temp\testng-eclipse--1890496198\testng-customsuite.xml

Host: Intel(R) Core(TM) i5-10210U CPU @ 1.60GHz, 8 cores, 7G,  Windows 10 , 64 bit Build 19041 (10.0.19041.1202)
Time: Fri Oct  1 19:21:49 2021 India Standard Time elapsed time: 3.319943 seconds (0d 0h 0m 3s)

---------------  T H R E A D  ---------------

Current thread (0x0000026dce1b2ee0):  JavaThread "main" [_thread_in_vm, id=15416, stack(0x000000f4da300000,0x000000f4da400000)]

Stack: [0x000000f4da300000,0x000000f4da400000],  sp=0x000000f4da3fc620,  free space=1009k
Native frames: (J=compiled Java code, j=interpreted, Vv=VM code, C=native code)
V  [jvm.dll+0x369dde]
V  [jvm.dll+0x36b072]
V  [jvm.dll+0x555283]
V  [jvm.dll+0x552faf]
V  [jvm.dll+0x55594b]
V  [jvm.dll+0x6296cd]
V  [jvm.dll+0x741494]
V  [jvm.dll+0x23c562]
V  [jvm.dll+0x238e75]
V  [jvm.dll+0x121520]
V  [jvm.dll+0x1218ef]
V  [jvm.dll+0x740b92]
V  [jvm.dll+0x554f3c]
V  [jvm.dll+0x554d8c]
V  [jvm.dll+0x379237]
C  0x0000026dd173be43

Java frames: (J=compiled Java code, j=interpreted, Vv=VM code)
j  java.lang.reflect.Proxy.getProxyConstructor(Ljava/lang/Class;Ljava/lang/ClassLoader;[Ljava/lang/Class;)Ljava/lang/reflect/Constructor;+80 java.base@16.0.2
j  java.lang.reflect.Proxy.newProxyInstance(Ljava/lang/ClassLoader;[Ljava/lang/Class;Ljava/lang/reflect/InvocationHandler;)Ljava/lang/Object;+22 java.base@16.0.2
j  org.openqa.selenium.support.pagefactory.DefaultFieldDecorator.proxyForLocator(Ljava/lang/ClassLoader;Lorg/openqa/selenium/support/pagefactory/ElementLocator;)Lorg/openqa/selenium/WebElement;+30
j  org.openqa.selenium.support.pagefactory.DefaultFieldDecorator.decorate(Ljava/lang/ClassLoader;Ljava/lang/reflect/Field;)Ljava/lang/Object;+54
j  org.openqa.selenium.support.PageFactory.proxyFields(Lorg/openqa/selenium/support/pagefactory/FieldDecorator;Ljava/lang/Object;Ljava/lang/Class;)V+40
j  org.openqa.selenium.support.PageFactory.initElements(Lorg/openqa/selenium/support/pagefactory/FieldDecorator;Ljava/lang/Object;)V+14
j  org.openqa.selenium.support.PageFactory.initElements(Lorg/openqa/selenium/support/pagefactory/ElementLocatorFactory;Ljava/lang/Object;)V+9
j  org.openqa.selenium.support.PageFactory.initElements(Lorg/openqa/selenium/SearchContext;Ljava/lang/Object;)V+9
j  easyMyTrip.Flights.<init>()V+26
v  ~StubRoutines::call_stub
j  jdk.internal.reflect.NativeConstructorAccessorImpl.newInstance0(Ljava/lang/reflect/Constructor;[Ljava/lang/Object;)Ljava/lang/Object;+0 java.base@16.0.2
j  jdk.internal.reflect.NativeConstructorAccessorImpl.newInstance([Ljava/lang/Object;)Ljava/lang/Object;+131 java.base@16.0.2
j  jdk.internal.reflect.DelegatingConstructorAccessorImpl.newInstance([Ljava/lang/Object;)Ljava/lang/Object;+5 java.base@16.0.2
j  java.lang.reflect.Constructor.newInstanceWithCaller([Ljava/lang/Object;ZLjava/lang/Class;)Ljava/lang/Object;+65 java.base@16.0.2
j  java.lang.reflect.Constructor.newInstance([Ljava/lang/Object;)Ljava/lang/Object;+30 java.base@16.0.2
j  org.testng.internal.ObjectFactoryImpl.newInstance(Ljava/lang/reflect/Constructor;[Ljava/lang/Object;)Ljava/lang/Object;+21
j  org.testng.internal.InstanceCreator.instantiateUsingDefaultConstructor(Ljava/lang/Class;Ljava/util/Map;Lorg/testng/xml/XmlTest;Lorg/testng/IObjectFactory;)Ljava/lang/Object;+120
j  org.testng.internal.InstanceCreator.createInstanceUsingObjectFactory(Ljava/lang/Class;Ljava/util/Map;Lorg/testng/xml/XmlTest;Lorg/testng/internal/annotations/IAnnotationFinder;Lorg/testng/IObjectFactory;ZLjava/lang/String;)Ljava/lang/Object;+39
j  org.testng.internal.InstanceCreator.createInstance(Ljava/lang/Class;Ljava/util/Map;Lorg/testng/xml/XmlTest;Lorg/testng/internal/annotations/IAnnotationFinder;Lorg/testng/ITestObjectFactory;ZLjava/lang/String;)Ljava/lang/Object;+21
j  org.testng.internal.objects.SimpleObjectDispenser.dispense(Lorg/testng/internal/objects/pojo/CreationAttributes;)Ljava/lang/Object;+37
j  org.testng.internal.objects.GuiceBasedObjectDispenser.dispense(Lorg/testng/internal/objects/pojo/CreationAttributes;)Ljava/lang/Object;+32
j  org.testng.internal.ClassImpl.getDefaultInstance(ZLjava/lang/String;)Ljava/lang/Object;+69
j  org.testng.internal.ClassImpl.getInstances(ZLjava/lang/String;)[Ljava/lang/Object;+98
j  org.testng.TestClass.getInstances(ZLjava/lang/String;)[Ljava/lang/Object;+9
j  org.testng.TestClass.initTestClassesAndInstances()V+6
j  org.testng.TestClass.init(Lorg/testng/IClass;Lorg/testng/ITestMethodFinder;Lorg/testng/internal/annotations/IAnnotationFinder;Lorg/testng/xml/XmlTest;Lorg/testng/xml/XmlClass;)V+62
j  org.testng.TestClass.<init>(Lorg/testng/IClass;Lorg/testng/ITestMethodFinder;Lorg/testng/internal/annotations/IAnnotationFinder;Lorg/testng/xml/XmlTest;Lorg/testng/xml/XmlClass;Ljava/lang/String;)V+44
j  org.testng.TestRunner.initMethods()V+169
j  org.testng.TestRunner.init()V+27
j  org.testng.TestRunner.init(Lorg/testng/internal/IConfiguration;Lorg/testng/ISuite;Lorg/testng/xml/XmlTest;Ljava/lang/String;Lorg/testng/internal/annotations/IAnnotationFinder;ZLjava/util/Collection;Ljava/util/List;)V+332
j  org.testng.TestRunner.<init>(Lorg/testng/internal/IConfiguration;Lorg/testng/ISuite;Lorg/testng/xml/XmlTest;ZLjava/util/Collection;Ljava/util/List;)V+347
j  org.testng.remote.support.RemoteTestNG6_12$1.newTestRunner(Lorg/testng/ISuite;Lorg/testng/xml/XmlTest;Ljava/util/Collection;Ljava/util/List;)Lorg/testng/TestRunner;+17
j  org.testng.remote.support.RemoteTestNG6_12$DelegatingTestRunnerFactory.newTestRunner(Lorg/testng/ISuite;Lorg/testng/xml/XmlTest;Ljava/util/Collection;Ljava/util/List;)Lorg/testng/TestRunner;+9
j  org.testng.ITestRunnerFactory.newTestRunner(Lorg/testng/ISuite;Lorg/testng/xml/XmlTest;Ljava/util/Collection;Ljava/util/List;Lorg/testng/DataProviderHolder;)Lorg/testng/TestRunner;+6
j  org.testng.SuiteRunner$ProxyTestRunnerFactory.newTestRunner(Lorg/testng/ISuite;Lorg/testng/xml/XmlTest;Ljava/util/Collection;Ljava/util/List;Lorg/testng/DataProviderHolder;)Lorg/testng/TestRunner;+11
j  org.testng.SuiteRunner.init(Lorg/testng/internal/IConfiguration;Lorg/testng/xml/XmlSuite;Ljava/lang/String;Lorg/testng/ITestRunnerFactory;ZLjava/util/List;Ljava/util/Collection;Ljava/util/Collection;Ljava/util/Collection;Lorg/testng/DataProviderHolder;Ljava/util/Comparator;)V+348
j  org.testng.SuiteRunner.<init>(Lorg/testng/internal/IConfiguration;Lorg/testng/xml/XmlSuite;Ljava/lang/String;Lorg/testng/ITestRunnerFactory;ZLjava/util/List;Ljava/util/Collection;Ljava/util/Collection;Ljava/util/Collection;Lorg/testng/DataProviderHolder;Ljava/util/Comparator;)V+121
j  org.testng.TestNG.createSuiteRunner(Lorg/testng/xml/XmlSuite;)Lorg/testng/SuiteRunner;+90
j  org.testng.TestNG.createSuiteRunners(Lorg/testng/internal/SuiteRunnerMap;Lorg/testng/xml/XmlSuite;)V+241
j  org.testng.TestNG.runSuitesLocally()Ljava/util/List;+91
j  org.testng.TestNG.runSuites()Ljava/util/List;+1
j  org.testng.TestNG.run()V+25
j  org.testng.remote.AbstractRemoteTestNG.run()V+149
j  org.testng.remote.RemoteTestNG.initAndRun(Lorg/testng/remote/IRemoteTestNG;[Ljava/lang/String;Lorg/testng/CommandLineArgs;Lorg/testng/remote/RemoteArgs;)V+184
j  org.testng.remote.RemoteTestNG.main([Ljava/lang/String;)V+201
v  ~StubRoutines::call_stub

siginfo: EXCEPTION_ACCESS_VIOLATION (0xc0000005), reading address 0xffffffffffffffff


Register to memory mapping:

RIP=0x00007ffc17bc9dde jvm.dll
RAX=0x0000000000000010 is an unknown value
RBX=0x0000026de85e3678 is pointing into metadata
RCX=0x0000000000000010 is an unknown value
RDX=0x0010026de85e4900 is an unknown value
RSP=0x000000f4da3fc620 is pointing into the stack for thread: 0x0000026dce1b2ee0
RBP=0x0000026de85e3678 is pointing into metadata
RSI=0x0 is NULL
RDI=0x0000000000000001 is an unknown value
R8 =0x0000000000000012 is an unknown value
R9 =0x000000000000000f is an unknown value
R10=0x0000026de89c6ef0 points into unknown readable memory: 0x616c001c4d33ffff | ff ff 33 4d 1c 00 6c 61
R11=0x0000026dce1b3410 points into unknown readable memory: 0x6c2f6176616a4c28 | 28 4c 6a 61 76 61 2f 6c
R12=0x0000026de89c6f18 points into unknown readable memory: 0x4c28006a4f7effff | ff ff 7e 4f 6a 00 28 4c
R13=0x000000010000fb00 is a pointer to class: 
java.lang.reflect.Proxy {0x000000010000fb08}
R14=0x0000026de89c6ef0 points into unknown readable memory: 0x616c001c4d33ffff | ff ff 33 4d 1c 00 6c 61
R15=0x0000026de89c6f18 points into unknown readable memory: 0x4c28006a4f7effff | ff ff 7e 4f 6a 00 28 4c


Registers:
RAX=0x0000000000000010, RBX=0x0000026de85e3678, RCX=0x0000000000000010, RDX=0x0010026de85e4900
RSP=0x000000f4da3fc620, RBP=0x0000026de85e3678, RSI=0x0000000000000000, RDI=0x0000000000000001
R8 =0x0000000000000012, R9 =0x000000000000000f, R10=0x0000026de89c6ef0, R11=0x0000026dce1b3410
R12=0x0000026de89c6f18, R13=0x000000010000fb00, R14=0x0000026de89c6ef0, R15=0x0000026de89c6f18
RIP=0x00007ffc17bc9dde, EFLAGS=0x0000000000010203

Top of Stack: (sp=0x000000f4da3fc620)
0x000000f4da3fc620:   0000000000000000 00007ffc17bcb072
0x000000f4da3fc630:   0000000089cd4438 0000000089cd4450
0x000000f4da3fc640:   00000000831b37b8 0000026dd924f98c
0x000000f4da3fc650:   000000010000fb00 0000026de89c6ef0
0x000000f4da3fc660:   0000026dce1b2ee0 00007ffc17db5283
0x000000f4da3fc670:   0000000000000000 000000f4da3fc770
0x000000f4da3fc680:   0000026dce1b2ee0 000000f4da3fc9c8
0x000000f4da3fc690:   0000000000000000 0000026dd9303db0
0x000000f4da3fc6a0:   000027b5c4e265c3 00007ffc17ba9a67
0x000000f4da3fc6b0:   0000026dce1b2ee0 000000f4da3fc768
0x000000f4da3fc6c0:   0000000089cd42f0 0000000000000000
0x000000f4da3fc6d0:   0000000089cd4408 0000000000000108
0x000000f4da3fc6e0:   00000000832082f0 0000000082b18090
0x000000f4da3fc6f0:   0000000082fe7300 0000000083208010
0x000000f4da3fc700:   0000026de86d8e30 0000026dd9242773
0x000000f4da3fc710:   0000000082fd5d40 0000000082fd5d40 

Instructions: (pc=0x00007ffc17bc9dde)
0x00007ffc17bc9cde:   a0 00 00 00 41 ff c4 bf df ff 00 00 bb 00 02 00
0x00007ffc17bc9cee:   00 48 85 ed 0f 85 1a fe ff ff 48 8b 5c 24 30 44
0x00007ffc17bc9cfe:   89 ac 24 a8 00 00 00 8b bc 24 a8 00 00 00 4c 8b
0x00007ffc17bc9d0e:   ac 24 b8 00 00 00 48 83 3d c4 e6 76 00 00 4c 8b
0x00007ffc17bc9d1e:   7c 24 58 4c 8b 64 24 68 48 8b ac 24 80 00 00 00
0x00007ffc17bc9d2e:   74 11 44 8b c6 48 8d 0d d6 92 58 00 8b d7 e8 7f
0x00007ffc17bc9d3e:   6d ff ff 48 83 3b 00 48 8b 7c 24 70 48 8b 74 24
0x00007ffc17bc9d4e:   78 74 15 48 8b 54 24 38 49 8b cd e8 c2 49 d4 ff
0x00007ffc17bc9d5e:   48 8b cb e8 2a 49 d4 ff 48 8b 44 24 40 49 89 45
0x00007ffc17bc9d6e:   18 48 8b 44 24 48 49 89 5d 10 48 8b 9c 24 88 00
0x00007ffc17bc9d7e:   00 00 49 89 45 20 4c 8b 6c 24 60 48 81 c4 90 00
0x00007ffc17bc9d8e:   00 00 41 5e c3 cc cc cc cc cc cc cc cc cc cc cc
0x00007ffc17bc9d9e:   cc cc 40 53 80 3d 8b e5 76 00 00 4c 8b d2 48 8b
0x00007ffc17bc9dae:   d9 74 06 5b e9 e9 ce ff ff 44 8b 01 45 33 c9 41
0x00007ffc17bc9dbe:   83 e8 01 78 3f 0f 1f 40 00 66 0f 1f 84 00 00 00
0x00007ffc17bc9dce:   00 00 43 8d 04 08 d1 f8 48 63 c8 48 8b 54 cb 08
0x00007ffc17bc9dde:   48 8b 4a 08 0f b7 51 2a 48 8b 49 08 4c 39 54 d1
0x00007ffc17bc9dee:   48 73 06 44 8d 48 01 eb 06 74 0e 44 8d 40 ff 45
0x00007ffc17bc9dfe:   3b c8 7e ce b8 ff ff ff ff 5b c3 cc cc cc cc cc
0x00007ffc17bc9e0e:   cc cc 4c 8b dc 53 57 48 81 ec e8 00 00 00 48 8b
0x00007ffc17bc9e1e:   05 e5 6e 73 00 48 33 c4 48 89 84 24 d0 00 00 00
0x00007ffc17bc9e2e:   49 89 73 20 33 ff 4d 89 73 e8 48 8b f2 4c 8b f1
0x00007ffc17bc9e3e:   48 85 c9 75 04 8b df eb 5e 48 89 ac 24 10 01 00
0x00007ffc17bc9e4e:   00 48 8b aa 80 02 00 00 48 8b 5d 18 48 83 fb f7
0x00007ffc17bc9e5e:   76 18 4c 8d 05 a1 ca 53 00 ba 08 00 00 00 48 8b
0x00007ffc17bc9e6e:   cd e8 2c 49 d4 ff 48 8b 5d 18 48 8d 43 08 48 3b
0x00007ffc17bc9e7e:   45 20 76 14 45 33 c0 48 8b cd 41 8d 50 08 e8 8f
0x00007ffc17bc9e8e:   45 d4 ff 48 8b d8 eb 04 48 89 45 18 48 8b ac 24
0x00007ffc17bc9e9e:   10 01 00 00 4c 89 33 48 8b 0d 2c 34 7a 00 48 8d
0x00007ffc17bc9eae:   44 24 58 48 89 84 24 a8 00 00 00 48 8d 84 24 99
0x00007ffc17bc9ebe:   00 00 00 48 89 84 24 b0 00 00 00 c7 44 24 38 0e
0x00007ffc17bc9ece:   00 00 00 48 89 bc 24 c8 00 00 00 c7 84 24 bc 00 


Stack slot to memory mapping:
stack at sp + 0 slots: 0x0 is NULL
stack at sp + 1 slots: 0x00007ffc17bcb072 jvm.dll
stack at sp + 2 slots: 0x0000000089cd4438 is an oop: java.lang.String 
{0x0000000089cd4438} - klass: 'java/lang/String'
stack at sp + 3 slots: 0x0000000089cd4450 is an oop: [B 
{0x0000000089cd4450} - klass: {type array byte}
 - length: 19
stack at sp + 4 slots: 0x00000000831b37b8 is an oop: java.util.concurrent.ConcurrentHashMap 
{0x00000000831b37b8} - klass: 'java/util/concurrent/ConcurrentHashMap'
stack at sp + 5 slots: 0x0000026dd924f98c is at entry_point+492 in (nmethod*)0x0000026dd924f610
stack at sp + 6 slots: 0x000000010000fb00 is a pointer to class: 
java.lang.reflect.Proxy {0x000000010000fb08}
stack at sp + 7 slots: 0x0000026de89c6ef0 points into unknown readable memory: 0x616c001c4d33ffff | ff ff 33 4d 1c 00 6c 61


---------------  P R O C E S S  ---------------

Threads class SMR info:
_java_thread_list=0x0000026dedcdaf80, length=25, elements={
0x0000026dce1b2ee0, 0x0000026de7f56660, 0x0000026de7f582d0, 0x0000026de7f7d940,
0x0000026de7f7e340, 0x0000026de890bf50, 0x0000026de890e030, 0x0000026de890ec70,
0x0000026de8910ec0, 0x0000026de892c7a0, 0x0000026de8a9f280, 0x0000026de8ac04e0,
0x0000026dea3ba0c0, 0x0000026decb82670, 0x0000026dece12060, 0x0000026dec5e55b0,
0x0000026dec5e6050, 0x0000026dec5e7040, 0x0000026dec5e7590, 0x0000026dec5e8030,
0x0000026dec5e6af0, 0x0000026dec5e5060, 0x0000026dec5e65a0, 0x0000026dec5e8580,
0x0000026dec5e5b00
}

Java Threads: ( => current thread )
=>0x0000026dce1b2ee0 JavaThread "main" [_thread_in_vm, id=15416, stack(0x000000f4da300000,0x000000f4da400000)]
  0x0000026de7f56660 JavaThread "Reference Handler" daemon [_thread_blocked, id=10308, stack(0x000000f4daa00000,0x000000f4dab00000)]
  0x0000026de7f582d0 JavaThread "Finalizer" daemon [_thread_blocked, id=5004, stack(0x000000f4dab00000,0x000000f4dac00000)]
  0x0000026de7f7d940 JavaThread "Signal Dispatcher" daemon [_thread_blocked, id=3456, stack(0x000000f4dac00000,0x000000f4dad00000)]
  0x0000026de7f7e340 JavaThread "Attach Listener" daemon [_thread_blocked, id=11224, stack(0x000000f4dad00000,0x000000f4dae00000)]
  0x0000026de890bf50 JavaThread "Service Thread" daemon [_thread_blocked, id=1540, stack(0x000000f4dae00000,0x000000f4daf00000)]
  0x0000026de890e030 JavaThread "Monitor Deflation Thread" daemon [_thread_blocked, id=1644, stack(0x000000f4daf00000,0x000000f4db000000)]
  0x0000026de890ec70 JavaThread "C2 CompilerThread0" daemon [_thread_in_native, id=11016, stack(0x000000f4db000000,0x000000f4db100000)]
  0x0000026de8910ec0 JavaThread "C1 CompilerThread0" daemon [_thread_blocked, id=11028, stack(0x000000f4db100000,0x000000f4db200000)]
  0x0000026de892c7a0 JavaThread "Sweeper thread" daemon [_thread_blocked, id=15972, stack(0x000000f4db200000,0x000000f4db300000)]
  0x0000026de8a9f280 JavaThread "Notification Thread" daemon [_thread_blocked, id=10676, stack(0x000000f4db300000,0x000000f4db400000)]
  0x0000026de8ac04e0 JavaThread "Common-Cleaner" daemon [_thread_blocked, id=8200, stack(0x000000f4db500000,0x000000f4db600000)]
  0x0000026dea3ba0c0 JavaThread "ReaderThread" [_thread_in_native, id=14660, stack(0x000000f4db800000,0x000000f4db900000)]
  0x0000026decb82670 JavaThread "ForkJoinPool.commonPool-worker-3" daemon [_thread_blocked, id=15292, stack(0x000000f4dc200000,0x000000f4dc300000)]
  0x0000026dece12060 JavaThread "AsyncHttpClient-1-1" daemon [_thread_blocked, id=6276, stack(0x000000f4dc300000,0x000000f4dc400000)]
  0x0000026dec5e55b0 JavaThread "Exec Default Executor" daemon [_thread_in_native, id=15464, stack(0x000000f4dc400000,0x000000f4dc500000)]
  0x0000026dec5e6050 JavaThread "Driver Service Executor" daemon [_thread_blocked, id=15656, stack(0x000000f4dc500000,0x000000f4dc600000)]
  0x0000026dec5e7040 JavaThread "Driver Service Executor" daemon [_thread_blocked, id=12368, stack(0x000000f4dc600000,0x000000f4dc700000)]
  0x0000026dec5e7590 JavaThread "UrlChecker-2" daemon [_thread_blocked, id=5168, stack(0x000000f4dc700000,0x000000f4dc800000)]
  0x0000026dec5e8030 JavaThread "Exec Stream Pumper" daemon [_thread_in_native, id=13128, stack(0x000000f4dc800000,0x000000f4dc900000)]
  0x0000026dec5e6af0 JavaThread "Exec Stream Pumper" daemon [_thread_in_native, id=8040, stack(0x000000f4dc900000,0x000000f4dca00000)]
  0x0000026dec5e5060 JavaThread "Keep-Alive-Timer" daemon [_thread_blocked, id=3876, stack(0x000000f4dca00000,0x000000f4dcb00000)]
  0x0000026dec5e65a0 JavaThread "AsyncHttpClient-1-2" daemon [_thread_in_native, id=12412, stack(0x000000f4dcb00000,0x000000f4dcc00000)]
  0x0000026dec5e8580 JavaThread "AsyncHttpClient-1-3" daemon [_thread_in_native, id=10852, stack(0x000000f4db600000,0x000000f4db700000)]
  0x0000026dec5e5b00 JavaThread "AsyncHttpClient-1-4" daemon [_thread_in_native, id=7532, stack(0x000000f4db900000,0x000000f4dba00000)]

Other Threads:
  0x0000026de7f3f740 VMThread "VM Thread" [stack: 0x000000f4da900000,0x000000f4daa00000] [id=14864]
  0x0000026de8aa3fc0 WatcherThread [stack: 0x000000f4db400000,0x000000f4db500000] [id=9388]
  0x0000026dce1f1ed0 GCTaskThread "GC Thread#0" [stack: 0x000000f4da400000,0x000000f4da500000] [id=8956]
  0x0000026debdf2f20 GCTaskThread "GC Thread#1" [stack: 0x000000f4dba00000,0x000000f4dbb00000] [id=576]
  0x0000026de9d1e5f0 GCTaskThread "GC Thread#2" [stack: 0x000000f4dbb00000,0x000000f4dbc00000] [id=7272]
  0x0000026dea3b9bb0 GCTaskThread "GC Thread#3" [stack: 0x000000f4dbc00000,0x000000f4dbd00000] [id=16220]
  0x0000026de91ca310 GCTaskThread "GC Thread#4" [stack: 0x000000f4dbd00000,0x000000f4dbe00000] [id=6000]
  0x0000026dec645ee0 GCTaskThread "GC Thread#5" [stack: 0x000000f4dbe00000,0x000000f4dbf00000] [id=15576]
  0x0000026deb697570 GCTaskThread "GC Thread#6" [stack: 0x000000f4dbf00000,0x000000f4dc000000] [id=15720]
  0x0000026de917add0 GCTaskThread "GC Thread#7" [stack: 0x000000f4dc000000,0x000000f4dc100000] [id=12884]
  0x0000026dce203de0 ConcurrentGCThread "G1 Main Marker" [stack: 0x000000f4da500000,0x000000f4da600000] [id=6208]
  0x0000026dce204f70 ConcurrentGCThread "G1 Conc#0" [stack: 0x000000f4da600000,0x000000f4da700000] [id=3996]
  0x0000026de960e040 ConcurrentGCThread "G1 Conc#1" [stack: 0x000000f4dc100000,0x000000f4dc200000] [id=7544]
  0x0000026de7d910a0 ConcurrentGCThread "G1 Refine#0" [stack: 0x000000f4da700000,0x000000f4da800000] [id=10940]
  0x0000026de7d91aa0 ConcurrentGCThread "G1 Service" [stack: 0x000000f4da800000,0x000000f4da900000] [id=12248]

Threads with active compile tasks:
C2 CompilerThread0     3404 2440       4       jdk.internal.org.objectweb.asm.Frame::execute (2305 bytes)

VM state: not at safepoint (normal execution)

VM Mutex/Monitor currently owned by a thread: None

Heap address: 0x0000000082a00000, size: 2006 MB, Compressed Oops mode: 32-bit

CDS disabled.
Compressed class space mapped at: 0x0000000100000000-0x0000000140000000, reserved size: 1073741824
Narrow klass base: 0x0000000000000000, Narrow klass shift: 3, Narrow klass range: 0x140000000

GC Precious Log:
 CPUs: 8 total, 8 available
 Memory: 8022M
 Large Page Support: Disabled
 NUMA Support: Disabled
 Compressed Oops: Enabled (32-bit)
 Heap Region Size: 1M
 Heap Min Capacity: 8M
 Heap Initial Capacity: 126M
 Heap Max Capacity: 2006M
 Pre-touch: Disabled
 Parallel Workers: 8
 Concurrent Workers: 2
 Concurrent Refinement Workers: 8
 Periodic GC: Disabled

Heap:
 garbage-first heap   total 60416K, used 36953K [0x0000000082a00000, 0x0000000100000000)
  region size 1024K, 6 young (6144K), 2 survivors (2048K)
 Metaspace       used 35873K, committed 36096K, reserved 1081344K
  class space    used 4067K, committed 4160K, reserved 1048576K

Heap Regions: E=young(eden), S=young(survivor), O=old, HS=humongous(starts), HC=humongous(continues), CS=collection set, F=free, OA=open archive, CA=closed archive, TAMS=top-at-mark-start (previous, next)
|   0|0x0000000082a00000, 0x0000000082b00000, 0x0000000082b00000|100%|HS|  |TAMS 0x0000000082b00000, 0x0000000082a00000| Complete 
|   1|0x0000000082b00000, 0x0000000082c00000, 0x0000000082c00000|100%| O|  |TAMS 0x0000000082c00000, 0x0000000082b00000| Untracked 
|   2|0x0000000082c00000, 0x0000000082d00000, 0x0000000082d00000|100%| O|  |TAMS 0x0000000082d00000, 0x0000000082c00000| Untracked 
|   3|0x0000000082d00000, 0x0000000082e00000, 0x0000000082e00000|100%| O|  |TAMS 0x0000000082e00000, 0x0000000082d00000| Untracked 
|   4|0x0000000082e00000, 0x0000000082f00000, 0x0000000082f00000|100%| O|  |TAMS 0x0000000082f00000, 0x0000000082e00000| Untracked 
|   5|0x0000000082f00000, 0x0000000083000000, 0x0000000083000000|100%| O|  |TAMS 0x0000000083000000, 0x0000000082f00000| Untracked 
|   6|0x0000000083000000, 0x0000000083100000, 0x0000000083100000|100%| O|  |TAMS 0x0000000083100000, 0x0000000083000000| Untracked 
|   7|0x0000000083100000, 0x0000000083200000, 0x0000000083200000|100%| O|  |TAMS 0x0000000083200000, 0x0000000083100000| Untracked 
|   8|0x0000000083200000, 0x0000000083300000, 0x0000000083300000|100%| O|  |TAMS 0x0000000083300000, 0x0000000083200000| Untracked 
|   9|0x0000000083300000, 0x0000000083400000, 0x0000000083400000|100%| O|  |TAMS 0x0000000083400000, 0x0000000083300000| Untracked 
|  10|0x0000000083400000, 0x0000000083500000, 0x0000000083500000|100%| O|  |TAMS 0x0000000083500000, 0x0000000083400000| Untracked 
|  11|0x0000000083500000, 0x0000000083600000, 0x0000000083600000|100%| O|  |TAMS 0x0000000083600000, 0x0000000083500000| Untracked 
|  12|0x0000000083600000, 0x0000000083700000, 0x0000000083700000|100%| O|  |TAMS 0x0000000083700000, 0x0000000083600000| Untracked 
|  13|0x0000000083700000, 0x0000000083800000, 0x0000000083800000|100%| O|  |TAMS 0x0000000083800000, 0x0000000083700000| Untracked 
|  14|0x0000000083800000, 0x0000000083800000, 0x0000000083900000|  0%| F|  |TAMS 0x0000000083800000, 0x0000000083800000| Untracked 
|  15|0x0000000083900000, 0x0000000083900000, 0x0000000083a00000|  0%| F|  |TAMS 0x0000000083900000, 0x0000000083900000| Untracked 
|  16|0x0000000083a00000, 0x0000000083a00000, 0x0000000083b00000|  0%| F|  |TAMS 0x0000000083a00000, 0x0000000083a00000| Untracked 
|  17|0x0000000083b00000, 0x0000000083b00000, 0x0000000083c00000|  0%| F|  |TAMS 0x0000000083b00000, 0x0000000083b00000| Untracked 
|  18|0x0000000083c00000, 0x0000000083c75600, 0x0000000083d00000| 45%| O|  |TAMS 0x0000000083c75600, 0x0000000083c00000| Untracked 
|  19|0x0000000083d00000, 0x0000000083d00000, 0x0000000083e00000|  0%| F|  |TAMS 0x0000000083d00000, 0x0000000083d00000| Untracked 
|  20|0x0000000083e00000, 0x0000000083e00000, 0x0000000083f00000|  0%| F|  |TAMS 0x0000000083e00000, 0x0000000083e00000| Untracked 
|  21|0x0000000083f00000, 0x0000000083f00000, 0x0000000084000000|  0%| F|  |TAMS 0x0000000083f00000, 0x0000000083f00000| Untracked 
|  22|0x0000000084000000, 0x0000000084000000, 0x0000000084100000|  0%| F|  |TAMS 0x0000000084000000, 0x0000000084000000| Untracked 
|  23|0x0000000084100000, 0x0000000084100000, 0x0000000084200000|  0%| F|  |TAMS 0x0000000084100000, 0x0000000084100000| Untracked 
|  24|0x0000000084200000, 0x0000000084200000, 0x0000000084300000|  0%| F|  |TAMS 0x0000000084200000, 0x0000000084200000| Untracked 
|  25|0x0000000084300000, 0x0000000084300000, 0x0000000084400000|  0%| F|  |TAMS 0x0000000084300000, 0x0000000084300000| Untracked 
|  26|0x0000000084400000, 0x0000000084400000, 0x0000000084500000|  0%| F|  |TAMS 0x0000000084400000, 0x0000000084400000| Untracked 
|  27|0x0000000084500000, 0x0000000084500000, 0x0000000084600000|  0%| F|  |TAMS 0x0000000084500000, 0x0000000084500000| Untracked 
|  28|0x0000000084600000, 0x0000000084600000, 0x0000000084700000|  0%| F|  |TAMS 0x0000000084600000, 0x0000000084600000| Untracked 
|  29|0x0000000084700000, 0x0000000084700000, 0x0000000084800000|  0%| F|  |TAMS 0x0000000084700000, 0x0000000084700000| Untracked 
|  30|0x0000000084800000, 0x0000000084800000, 0x0000000084900000|  0%| F|  |TAMS 0x0000000084800000, 0x0000000084800000| Untracked 
|  31|0x0000000084900000, 0x0000000084900000, 0x0000000084a00000|  0%| F|  |TAMS 0x0000000084900000, 0x0000000084900000| Untracked 
|  32|0x0000000084a00000, 0x0000000084a00000, 0x0000000084b00000|  0%| F|  |TAMS 0x0000000084a00000, 0x0000000084a00000| Untracked 
|  33|0x0000000084b00000, 0x0000000084ba1160, 0x0000000084c00000| 62%| S|CS|TAMS 0x0000000084b00000, 0x0000000084b00000| Complete 
|  34|0x0000000084c00000, 0x0000000084c00000, 0x0000000084d00000|  0%| F|  |TAMS 0x0000000084c00000, 0x0000000084c00000| Untracked 
|  35|0x0000000084d00000, 0x0000000084d00000, 0x0000000084e00000|  0%| F|  |TAMS 0x0000000084d00000, 0x0000000084d00000| Untracked 
|  36|0x0000000084e00000, 0x0000000084f00000, 0x0000000084f00000|100%|HS|  |TAMS 0x0000000084f00000, 0x0000000084e00000| Complete 
|  37|0x0000000084f00000, 0x0000000085000000, 0x0000000085000000|100%|HC|  |TAMS 0x0000000085000000, 0x0000000084f00000| Complete 
|  38|0x0000000085000000, 0x0000000085100000, 0x0000000085100000|100%|HC|  |TAMS 0x0000000085100000, 0x0000000085000000| Complete 
|  39|0x0000000085100000, 0x0000000085200000, 0x0000000085200000|100%|HC|  |TAMS 0x0000000085200000, 0x0000000085100000| Complete 
|  40|0x0000000085200000, 0x0000000085300000, 0x0000000085300000|100%|HC|  |TAMS 0x0000000085300000, 0x0000000085200000| Complete 
|  41|0x0000000085300000, 0x0000000085400000, 0x0000000085400000|100%|HC|  |TAMS 0x0000000085400000, 0x0000000085300000| Complete 
|  42|0x0000000085400000, 0x0000000085500000, 0x0000000085500000|100%|HC|  |TAMS 0x0000000085500000, 0x0000000085400000| Complete 
|  43|0x0000000085500000, 0x0000000085600000, 0x0000000085600000|100%|HC|  |TAMS 0x0000000085600000, 0x0000000085500000| Complete 
|  44|0x0000000085600000, 0x0000000085700000, 0x0000000085700000|100%|HC|  |TAMS 0x0000000085700000, 0x0000000085600000| Complete 
|  45|0x0000000085700000, 0x0000000085800000, 0x0000000085800000|100%|HC|  |TAMS 0x0000000085800000, 0x0000000085700000| Complete 
|  46|0x0000000085800000, 0x0000000085900000, 0x0000000085900000|100%|HC|  |TAMS 0x0000000085900000, 0x0000000085800000| Complete 
|  47|0x0000000085900000, 0x0000000085a00000, 0x0000000085a00000|100%|HC|  |TAMS 0x0000000085a00000, 0x0000000085900000| Complete 
|  48|0x0000000085a00000, 0x0000000085b00000, 0x0000000085b00000|100%|HC|  |TAMS 0x0000000085b00000, 0x0000000085a00000| Complete 
|  49|0x0000000085b00000, 0x0000000085c00000, 0x0000000085c00000|100%|HC|  |TAMS 0x0000000085c00000, 0x0000000085b00000| Complete 
|  50|0x0000000085c00000, 0x0000000085d00000, 0x0000000085d00000|100%|HC|  |TAMS 0x0000000085d00000, 0x0000000085c00000| Complete 
|  51|0x0000000085d00000, 0x0000000085e00000, 0x0000000085e00000|100%|HC|  |TAMS 0x0000000085e00000, 0x0000000085d00000| Complete 
|  52|0x0000000085e00000, 0x0000000085f00000, 0x0000000085f00000|100%|HC|  |TAMS 0x0000000085f00000, 0x0000000085e00000| Complete 
|  53|0x0000000085f00000, 0x0000000085f00000, 0x0000000086000000|  0%| F|  |TAMS 0x0000000085f00000, 0x0000000085f00000| Untracked 
| 113|0x0000000089b00000, 0x0000000089c00000, 0x0000000089c00000|100%| S|CS|TAMS 0x0000000089b00000, 0x0000000089b00000| Complete 
| 114|0x0000000089c00000, 0x0000000089cd7440, 0x0000000089d00000| 84%| E|  |TAMS 0x0000000089c00000, 0x0000000089c00000| Complete 
| 115|0x0000000089d00000, 0x0000000089e00000, 0x0000000089e00000|100%| E|CS|TAMS 0x0000000089d00000, 0x0000000089d00000| Complete 
| 116|0x0000000089e00000, 0x0000000089f00000, 0x0000000089f00000|100%| E|CS|TAMS 0x0000000089e00000, 0x0000000089e00000| Complete 
| 125|0x000000008a700000, 0x000000008a800000, 0x000000008a800000|100%| E|CS|TAMS 0x000000008a700000, 0x000000008a700000| Complete 

Card table byte_map: [0x0000026de0e40000,0x0000026de1230000] _byte_map_base: 0x0000026de0a2b000

Marking Bits (Prev, Next): (CMBitMap*) 0x0000026dce1f38d0, (CMBitMap*) 0x0000026dce1f3910
 Prev Bits: [0x0000026de1620000, 0x0000026de3578000)
 Next Bits: [0x0000026de3580000, 0x0000026de54d8000)

Polling page: 0x0000026dcc160000

Metaspace:

Usage:
  Non-class:     31.06 MB used.
      Class:      3.97 MB used.
       Both:     35.03 MB used.

Virtual space:
  Non-class space:       32.00 MB reserved,      31.19 MB ( 97%) committed,  4 nodes.
      Class space:        1.00 GB reserved,       4.06 MB ( <1%) committed,  1 nodes.
              Both:        1.03 GB reserved,      35.25 MB (  3%) committed. 

Chunk freelists:
   Non-Class:  144.00 KB
       Class:  3.83 MB
        Both:  3.97 MB

MaxMetaspaceSize: 17179869184.00 GB
CompressedClassSpaceSize: 1.00 GB
 - commit_granule_bytes: 65536.
 - commit_granule_words: 8192.
 - virtual_space_node_default_size: 1048576.
 - enlarge_chunks_in_place: 1.
 - new_chunks_are_fully_committed: 0.
 - uncommit_free_chunks: 1.
 - use_allocation_guard: 0.
 - handle_deallocations: 1.


Internal statistics:

num_allocs_failed_limit: 6.
num_arena_births: 198.
num_arena_deaths: 0.
num_vsnodes_births: 5.
num_vsnodes_deaths: 0.
num_space_committed: 564.
num_space_uncommitted: 0.
num_chunks_returned_to_freelist: 6.
num_chunks_taken_from_freelist: 964.
num_chunk_merges: 6.
num_chunk_splits: 667.
num_chunks_enlarged: 519.
num_purges: 0.

CodeHeap 'non-profiled nmethods': size=120000Kb used=1259Kb max_used=1259Kb free=118740Kb
 bounds [0x0000026dd91f0000, 0x0000026dd9460000, 0x0000026de0720000]
CodeHeap 'profiled nmethods': size=120000Kb used=5209Kb max_used=5209Kb free=114790Kb
 bounds [0x0000026dd1cc0000, 0x0000026dd21e0000, 0x0000026dd91f0000]
CodeHeap 'non-nmethods': size=5760Kb used=1277Kb max_used=1394Kb free=4482Kb
 bounds [0x0000026dd1720000, 0x0000026dd1990000, 0x0000026dd1cc0000]
 total_blobs=3108 nmethods=2524 adapters=496
 compilation: enabled
              stopped_count=0, restarted_count=0
 full_count=0

Compilation events (20 events):
Event: 3.275 Thread 0x0000026de8910ec0 2523       3       java.lang.reflect.Proxy$ProxyBuilder::addElementTypes (33 bytes)
Event: 3.276 Thread 0x0000026de8910ec0 nmethod 2523 0x0000026dd21d2610 code [0x0000026dd21d2820, 0x0000026dd21d2ee8]
Event: 3.276 Thread 0x0000026de8910ec0 2524       3       java.util.StringJoiner::getChars (15 bytes)
Event: 3.276 Thread 0x0000026de8910ec0 nmethod 2524 0x0000026dd21d3190 code [0x0000026dd21d3340, 0x0000026dd21d3588]
Event: 3.276 Thread 0x0000026de8910ec0 2525       3       jdk.internal.org.objectweb.asm.MethodWriter::visitTryCatchBlock (67 bytes)
Event: 3.277 Thread 0x0000026de8910ec0 nmethod 2525 0x0000026dd21d3710 code [0x0000026dd21d3900, 0x0000026dd21d3f88]
Event: 3.277 Thread 0x0000026de8910ec0 2526       3       jdk.internal.org.objectweb.asm.Handler::<init> (32 bytes)
Event: 3.278 Thread 0x0000026de8910ec0 nmethod 2526 0x0000026dd21d4190 code [0x0000026dd21d4340, 0x0000026dd21d4618]
Event: 3.278 Thread 0x0000026de8910ec0 2522       1       java.lang.reflect.Method::getSharedExceptionTypes (5 bytes)
Event: 3.278 Thread 0x0000026de8910ec0 nmethod 2522 0x0000026dd932aa10 code [0x0000026dd932aba0, 0x0000026dd932ac78]
Event: 3.280 Thread 0x0000026de8910ec0 2527       3       java.util.Objects::hashCode (13 bytes)
Event: 3.280 Thread 0x0000026de8910ec0 nmethod 2527 0x0000026dd21d4710 code [0x0000026dd21d48c0, 0x0000026dd21d4ae8]
Event: 3.280 Thread 0x0000026de8910ec0 2528       3       java.lang.StringBuilder::<init> (6 bytes)
Event: 3.281 Thread 0x0000026de8910ec0 nmethod 2528 0x0000026dd21d4b90 code [0x0000026dd21d4d40, 0x0000026dd21d4e88]
Event: 3.281 Thread 0x0000026de8910ec0 2529       3       java.lang.AbstractStringBuilder::<init> (63 bytes)
Event: 3.282 Thread 0x0000026de8910ec0 nmethod 2529 0x0000026dd21d4f10 code [0x0000026dd21d5100, 0x0000026dd21d5698]
Event: 3.283 Thread 0x0000026de8910ec0 2530       3       sun.reflect.annotation.AnnotationType::getInstance (65 bytes)
Event: 3.284 Thread 0x0000026de8910ec0 nmethod 2530 0x0000026dd21d5890 code [0x0000026dd21d5aa0, 0x0000026dd21d6018]
Event: 3.284 Thread 0x0000026de8910ec0 2531       3       java.lang.System$2::getAnnotationType (5 bytes)
Event: 3.284 Thread 0x0000026de8910ec0 nmethod 2531 0x0000026dd21d6290 code [0x0000026dd21d6420, 0x0000026dd21d6558]

GC Heap History (14 events):
Event: 0.751 GC heap before
{Heap before GC invocations=0 (full 0):
 garbage-first heap   total 129024K, used 24576K [0x0000000082a00000, 0x0000000100000000)
  region size 1024K, 23 young (23552K), 0 survivors (0K)
 Metaspace       used 12264K, committed 12416K, reserved 1064960K
  class space    used 1147K, committed 1216K, reserved 1048576K
}
Event: 0.758 GC heap after
{Heap after GC invocations=1 (full 0):
 garbage-first heap   total 129024K, used 8007K [0x0000000082a00000, 0x0000000100000000)
  region size 1024K, 3 young (3072K), 3 survivors (3072K)
 Metaspace       used 12264K, committed 12416K, reserved 1064960K
  class space    used 1147K, committed 1216K, reserved 1048576K
}
Event: 1.286 GC heap before
{Heap before GC invocations=1 (full 0):
 garbage-first heap   total 129024K, used 34631K [0x0000000082a00000, 0x0000000100000000)
  region size 1024K, 29 young (29696K), 3 survivors (3072K)
 Metaspace       used 18734K, committed 18880K, reserved 1073152K
  class space    used 1841K, committed 1920K, reserved 1048576K
}
Event: 1.292 GC heap after
{Heap after GC invocations=2 (full 0):
 garbage-first heap   total 129024K, used 12062K [0x0000000082a00000, 0x0000000100000000)
  region size 1024K, 4 young (4096K), 4 survivors (4096K)
 Metaspace       used 18734K, committed 18880K, reserved 1073152K
  class space    used 1841K, committed 1920K, reserved 1048576K
}
Event: 1.466 GC heap before
{Heap before GC invocations=2 (full 0):
 garbage-first heap   total 129024K, used 20254K [0x0000000082a00000, 0x0000000100000000)
  region size 1024K, 13 young (13312K), 4 survivors (4096K)
 Metaspace       used 21076K, committed 21248K, reserved 1073152K
  class space    used 2148K, committed 2240K, reserved 1048576K
}
Event: 1.470 GC heap after
{Heap after GC invocations=3 (full 0):
 garbage-first heap   total 129024K, used 12012K [0x0000000082a00000, 0x0000000100000000)
  region size 1024K, 4 young (4096K), 4 survivors (4096K)
 Metaspace       used 21076K, committed 21248K, reserved 1073152K
  class space    used 2148K, committed 2240K, reserved 1048576K
}
Event: 1.953 GC heap before
{Heap before GC invocations=4 (full 0):
 garbage-first heap   total 45056K, used 34540K [0x0000000082a00000, 0x0000000100000000)
  region size 1024K, 26 young (26624K), 4 survivors (4096K)
 Metaspace       used 28542K, committed 28736K, reserved 1081344K
  class space    used 3034K, committed 3136K, reserved 1048576K
}
Event: 1.959 GC heap after
{Heap after GC invocations=5 (full 0):
 garbage-first heap   total 45056K, used 15109K [0x0000000082a00000, 0x0000000100000000)
  region size 1024K, 4 young (4096K), 4 survivors (4096K)
 Metaspace       used 28542K, committed 28736K, reserved 1081344K
  class space    used 3034K, committed 3136K, reserved 1048576K
}
Event: 2.261 GC heap before
{Heap before GC invocations=5 (full 0):
 garbage-first heap   total 45056K, used 29445K [0x0000000082a00000, 0x0000000100000000)
  region size 1024K, 18 young (18432K), 4 survivors (4096K)
 Metaspace       used 32304K, committed 32576K, reserved 1081344K
  class space    used 3561K, committed 3712K, reserved 1048576K
}
Event: 2.266 GC heap after
{Heap after GC invocations=6 (full 0):
 garbage-first heap   total 45056K, used 15994K [0x0000000082a00000, 0x0000000100000000)
  region size 1024K, 2 young (2048K), 2 survivors (2048K)
 Metaspace       used 32304K, committed 32576K, reserved 1081344K
  class space    used 3561K, committed 3712K, reserved 1048576K
}
Event: 2.416 GC heap before
{Heap before GC invocations=6 (full 0):
 garbage-first heap   total 45056K, used 23162K [0x0000000082a00000, 0x0000000100000000)
  region size 1024K, 10 young (10240K), 2 survivors (2048K)
 Metaspace       used 34182K, committed 34432K, reserved 1081344K
  class space    used 3817K, committed 3968K, reserved 1048576K
}
Event: 2.419 GC heap after
{Heap after GC invocations=7 (full 0):
 garbage-first heap   total 54272K, used 16374K [0x0000000082a00000, 0x0000000100000000)
  region size 1024K, 2 young (2048K), 2 survivors (2048K)
 Metaspace       used 34182K, committed 34432K, reserved 1081344K
  class space    used 3817K, committed 3968K, reserved 1048576K
}
Event: 3.110 GC heap before
{Heap before GC invocations=7 (full 0):
 garbage-first heap   total 59392K, used 36854K [0x0000000082a00000, 0x0000000100000000)
  region size 1024K, 6 young (6144K), 2 survivors (2048K)
 Metaspace       used 35292K, committed 35520K, reserved 1081344K
  class space    used 3972K, committed 4096K, reserved 1048576K
}
Event: 3.114 GC heap after
{Heap after GC invocations=8 (full 0):
 garbage-first heap   total 59392K, used 33881K [0x0000000082a00000, 0x0000000100000000)
  region size 1024K, 2 young (2048K), 2 survivors (2048K)
 Metaspace       used 35292K, committed 35520K, reserved 1081344K
  class space    used 3972K, committed 4096K, reserved 1048576K
}

Deoptimization events (20 events):
Event: 1.927 Thread 0x0000026dce1b2ee0 Uncommon trap: trap_request=0xffffff45 fr.pc=0x0000026dd92f1f74 relative=0x00000000000009b4
Event: 1.927 Thread 0x0000026dce1b2ee0 Uncommon trap: reason=unstable_if action=reinterpret pc=0x0000026dd92f1f74 method=java.lang.Integer.stringSize(I)I @ 19 c2
Event: 1.927 Thread 0x0000026dce1b2ee0 DEOPT PACKING pc=0x0000026dd92f1f74 sp=0x000000f4da3fbd00
Event: 1.927 Thread 0x0000026dce1b2ee0 DEOPT UNPACKING pc=0x0000026dd176d72e sp=0x000000f4da3fbc58 mode 2
Event: 1.929 Thread 0x0000026dce1b2ee0 Uncommon trap: trap_request=0xffffff45 fr.pc=0x0000026dd92f37d4 relative=0x00000000000000b4
Event: 1.929 Thread 0x0000026dce1b2ee0 Uncommon trap: reason=unstable_if action=reinterpret pc=0x0000026dd92f37d4 method=java.lang.Integer.stringSize(I)I @ 19 c2
Event: 1.929 Thread 0x0000026dce1b2ee0 DEOPT PACKING pc=0x0000026dd92f37d4 sp=0x000000f4da3fbce0
Event: 1.929 Thread 0x0000026dce1b2ee0 DEOPT UNPACKING pc=0x0000026dd176d72e sp=0x000000f4da3fbc60 mode 2
Event: 2.086 Thread 0x0000026dce1b2ee0 Uncommon trap: trap_request=0xffffff45 fr.pc=0x0000026dd9270590 relative=0x00000000000005d0
Event: 2.087 Thread 0x0000026dce1b2ee0 Uncommon trap: reason=unstable_if action=reinterpret pc=0x0000026dd9270590 method=java.lang.String.replace(CC)Ljava/lang/String; @ 2 c2
Event: 2.087 Thread 0x0000026dce1b2ee0 DEOPT PACKING pc=0x0000026dd9270590 sp=0x000000f4da3fd110
Event: 2.087 Thread 0x0000026dce1b2ee0 DEOPT UNPACKING pc=0x0000026dd176d72e sp=0x000000f4da3fd0c0 mode 2
Event: 2.423 Thread 0x0000026dec5e65a0 Uncommon trap: trap_request=0xffffffde fr.pc=0x0000026dd92b7828 relative=0x0000000000000528
Event: 2.423 Thread 0x0000026dec5e65a0 Uncommon trap: reason=class_check action=maybe_recompile pc=0x0000026dd92b7828 method=java.io.FilterInputStream.read([BII)I @ 7 c2
Event: 2.423 Thread 0x0000026dec5e65a0 DEOPT PACKING pc=0x0000026dd92b7828 sp=0x000000f4dcbfdfa0
Event: 2.423 Thread 0x0000026dec5e65a0 DEOPT UNPACKING pc=0x0000026dd176d72e sp=0x000000f4dcbfdf68 mode 2
Event: 3.128 Thread 0x0000026dce1b2ee0 Uncommon trap: trap_request=0xffffff45 fr.pc=0x0000026dd925cb40 relative=0x0000000000000ea0
Event: 3.128 Thread 0x0000026dce1b2ee0 Uncommon trap: reason=unstable_if action=reinterpret pc=0x0000026dd925cb40 method=java.util.concurrent.ConcurrentHashMap.putVal(Ljava/lang/Object;Ljava/lang/Object;Z)Ljava/lang/Object; @ 231 c2
Event: 3.128 Thread 0x0000026dce1b2ee0 DEOPT PACKING pc=0x0000026dd925cb40 sp=0x000000f4da3fd0e0
Event: 3.128 Thread 0x0000026dce1b2ee0 DEOPT UNPACKING pc=0x0000026dd176d72e sp=0x000000f4da3fd050 mode 2

Classes unloaded (0 events):
No events

Classes redefined (0 events):
No events

Internal exceptions (20 events):
Event: 2.035 Thread 0x0000026dce1b2ee0 Exception <a 'java/lang/NoSuchMethodError'{0x0000000085028eb8}: 'java.lang.Object java.lang.invoke.DirectMethodHandle$Holder.invokeVirtual(java.lang.Object, java.lang.Object, java.lang.Object)'> (0x0000000085028eb8) 
thrown [t:\workspace\open\src\hotspot\share\interpreter\linkResolver.cpp, line 790]
Event: 2.039 Thread 0x0000026dce1b2ee0 Exception <a 'java/lang/NoSuchMethodError'{0x000000008505ef18}: 'void java.lang.invoke.DirectMethodHandle$Holder.invokeStatic(java.lang.Object, java.lang.Object, java.lang.Object)'> (0x000000008505ef18) 
thrown [t:\workspace\open\src\hotspot\share\interpreter\linkResolver.cpp, line 790]
Event: 2.096 Thread 0x0000026dec5e55b0 Exception <a 'java/lang/NoSuchMethodError'{0x0000000084ee4240}: 'void java.lang.invoke.DirectMethodHandle$Holder.invokeStatic(java.lang.Object, long)'> (0x0000000084ee4240) 
thrown [t:\workspace\open\src\hotspot\share\interpreter\linkResolver.cpp, line 790]
Event: 2.097 Thread 0x0000026dec5e55b0 Exception <a 'java/lang/NoSuchMethodError'{0x0000000084d30798}: 'java.lang.Object java.lang.invoke.DirectMethodHandle$Holder.newInvokeSpecial(java.lang.Object, long)'> (0x0000000084d30798) 
thrown [t:\workspace\open\src\hotspot\share\interpreter\linkResolver.cpp, line 790]
Event: 2.099 Thread 0x0000026dec5e55b0 Exception <a 'java/lang/NoSuchMethodError'{0x0000000084d3aee8}: 'java.lang.Object java.lang.invoke.DirectMethodHandle$Holder.invokeStaticInit(java.lang.Object, java.lang.Object, long, java.lang.Object)'> (0x0000000084d3aee8) 
thrown [t:\workspace\open\src\hotspot\share\interpreter\linkResolver.cpp, line 790]
Event: 2.100 Thread 0x0000026dec5e55b0 Exception <a 'java/lang/NoSuchMethodError'{0x0000000084d41260}: 'java.lang.Object java.lang.invoke.DirectMethodHandle$Holder.newInvokeSpecial(java.lang.Object, java.lang.Object, long)'> (0x0000000084d41260) 
thrown [t:\workspace\open\src\hotspot\share\interpreter\linkResolver.cpp, line 790]
Event: 2.101 Thread 0x0000026dec5e55b0 Exception <a 'java/lang/NoSuchMethodError'{0x0000000084d44fd0}: 'java.lang.Object java.lang.invoke.Invokers$Holder.linkToTargetMethod(java.lang.Object, long, java.lang.Object)'> (0x0000000084d44fd0) 
thrown [t:\workspace\open\src\hotspot\share\interpreter\linkResolver.cpp, line 790]
Event: 2.103 Thread 0x0000026dec5e7590 Exception <a 'java/net/ConnectException'{0x0000000084d205e0}: Connection refused: no further information> (0x0000000084d205e0) 
thrown [t:\workspace\open\src\hotspot\share\prims\jni.cpp, line 600]
Event: 2.103 Thread 0x0000026dec5e7590 Exception <a 'java/net/SocketException'{0x0000000084d20918}: Socket is not connected: shutdown> (0x0000000084d20918) 
thrown [t:\workspace\open\src\hotspot\share\prims\jni.cpp, line 600]
Event: 2.116 Thread 0x0000026dec5e7590 Exception <a 'java/net/ConnectException'{0x0000000084d21980}: Connection refused: no further information> (0x0000000084d21980) 
thrown [t:\workspace\open\src\hotspot\share\prims\jni.cpp, line 600]
Event: 2.117 Thread 0x0000026dec5e7590 Exception <a 'java/net/SocketException'{0x0000000084d21cb8}: Socket is not connected: shutdown> (0x0000000084d21cb8) 
thrown [t:\workspace\open\src\hotspot\share\prims\jni.cpp, line 600]
Event: 2.164 Thread 0x0000026dce1b2ee0 Exception <a 'java/lang/NoSuchMethodError'{0x0000000084c1bb88}: 'double java.lang.invoke.DirectMethodHandle$Holder.invokeVirtual(java.lang.Object, java.lang.Object)'> (0x0000000084c1bb88) 
thrown [t:\workspace\open\src\hotspot\share\interpreter\linkResolver.cpp, line 790]
Event: 2.165 Thread 0x0000026dce1b2ee0 Exception <a 'java/lang/NoSuchMethodError'{0x0000000084c22840}: 'float java.lang.invoke.DirectMethodHandle$Holder.invokeVirtual(java.lang.Object, java.lang.Object)'> (0x0000000084c22840) 
thrown [t:\workspace\open\src\hotspot\share\interpreter\linkResolver.cpp, line 790]
Event: 2.166 Thread 0x0000026dce1b2ee0 Exception <a 'java/lang/NoSuchMethodError'{0x0000000084c2c3c0}: 'long java.lang.invoke.DirectMethodHandle$Holder.invokeVirtual(java.lang.Object, java.lang.Object)'> (0x0000000084c2c3c0) 
thrown [t:\workspace\open\src\hotspot\share\interpreter\linkResolver.cpp, line 790]
Event: 2.192 Thread 0x0000026dce1b2ee0 Exception <a 'java/lang/NoSuchMethodError'{0x0000000084b84e78}: 'void java.lang.invoke.DirectMethodHandle$Holder.invokeStatic(java.lang.Object, java.lang.Object, int)'> (0x0000000084b84e78) 
thrown [t:\workspace\open\src\hotspot\share\interpreter\linkResolver.cpp, line 790]
Event: 2.211 Thread 0x0000026dce1b2ee0 Exception <a 'java/lang/NoSuchMethodError'{0x0000000084a4ae50}: 'java.lang.Object java.lang.invoke.DirectMethodHandle$Holder.newInvokeSpecial(java.lang.Object, java.lang.Object, java.lang.Object, java.lang.Object, java.lang.Object)'> (0x0000000084a4ae50) 
thrown [t:\workspace\open\src\hotspot\share\interpreter\linkResolver.cpp, line 790]
Event: 2.224 Thread 0x0000026dce1b2ee0 Exception <a 'java/lang/NoSuchMethodError'{0x000000008492a058}: 'int java.lang.invoke.DirectMethodHandle$Holder.invokeSpecialIFC(java.lang.Object, java.lang.Object, java.lang.Object)'> (0x000000008492a058) 
thrown [t:\workspace\open\src\hotspot\share\interpreter\linkResolver.cpp, line 790]
Event: 2.294 Thread 0x0000026dce1b2ee0 Exception <a 'java/lang/NoSuchMethodError'{0x0000000089e81000}: 'void java.lang.invoke.DirectMethodHandle$Holder.invokeSpecial(java.lang.Object, java.lang.Object, java.lang.Object, java.lang.Object, java.lang.Object, java.lang.Object)'> (0x0000000089e81000) 
thrown [t:\workspace\open\src\hotspot\share\interpreter\linkResolver.cpp, line 790]
Event: 3.061 Thread 0x0000026dce1b2ee0 Exception <a 'java/lang/NoSuchMethodError'{0x0000000089dbce90}: 'java.lang.Object java.lang.invoke.DirectMethodHandle$Holder.invokeSpecialIFC(java.lang.Object, java.lang.Object, java.lang.Object)'> (0x0000000089dbce90) 
thrown [t:\workspace\open\src\hotspot\share\interpreter\linkResolver.cpp, line 790]
Event: 3.100 Thread 0x0000026dce1b2ee0 Exception <a 'java/lang/ClassNotFoundException'{0x0000000089c42480}: sun/util/logging/resources/spi/loggingProvider> (0x0000000089c42480) 
thrown [t:\workspace\open\src\hotspot\share\classfile\systemDictionary.cpp, line 256]

Events (20 events):
Event: 3.139 Executing  VM operation: G1Concurrent
Event: 3.142 Executing  VM operation: G1Concurrent done
Event: 3.153 Thread 0x0000026dec5e8580 Thread added: 0x0000026dec5e8580
Event: 3.154 Executing  VM operation: G1Concurrent
Event: 3.155 Executing  VM operation: G1Concurrent done
Event: 3.184 loading class java/util/Base64
Event: 3.184 loading class java/util/Base64 done
Event: 3.184 loading class java/util/Base64$Encoder
Event: 3.185 loading class java/util/Base64$Encoder done
Event: 3.186 Thread 0x0000026dec5e5b00 Thread added: 0x0000026dec5e5b00
Event: 3.189 loading class java/util/concurrent/CompletableFuture$UniExceptionally
Event: 3.189 loading class java/util/concurrent/CompletableFuture$UniCompletion
Event: 3.189 loading class java/util/concurrent/CompletableFuture$UniCompletion done
Event: 3.189 loading class java/util/concurrent/CompletableFuture$UniExceptionally done
Event: 3.209 loading class java/lang/Deprecated
Event: 3.210 loading class java/lang/Deprecated done
Event: 3.259 loading class java/util/stream/SortedOps$SizedRefSortingSink
Event: 3.259 loading class java/util/stream/SortedOps$SizedRefSortingSink done
Event: 3.278 loading class java/lang/annotation/ElementType
Event: 3.278 loading class java/lang/annotation/ElementType done


Dynamic libraries:
0x00007ff793670000 - 0x00007ff79367e000 	C:\Users\vadap\Downloads\sts-4.11.1.RELEASE\plugins\org.eclipse.justj.openjdk.hotspot.jre.full.win32.x86_64_16.0.2.v20210721-1149\jre\bin\javaw.exe
0x00007ffc77130000 - 0x00007ffc77325000 	C:\WINDOWS\SYSTEM32\ntdll.dll
0x00007ffc75a20000 - 0x00007ffc75ade000 	C:\WINDOWS\System32\KERNEL32.DLL
0x00007ffc74b40000 - 0x00007ffc74e09000 	C:\WINDOWS\System32\KERNELBASE.dll
0x00007ffc74a40000 - 0x00007ffc74b40000 	C:\WINDOWS\System32\ucrtbase.dll
0x00007ffc72990000 - 0x00007ffc729a9000 	C:\Users\vadap\Downloads\sts-4.11.1.RELEASE\plugins\org.eclipse.justj.openjdk.hotspot.jre.full.win32.x86_64_16.0.2.v20210721-1149\jre\bin\VCRUNTIME140.dll
0x00007ffc72970000 - 0x00007ffc72988000 	C:\Users\vadap\Downloads\sts-4.11.1.RELEASE\plugins\org.eclipse.justj.openjdk.hotspot.jre.full.win32.x86_64_16.0.2.v20210721-1149\jre\bin\jli.dll
0x00007ffc75ce0000 - 0x00007ffc75e81000 	C:\WINDOWS\System32\USER32.dll
0x00007ffc749b0000 - 0x00007ffc749d2000 	C:\WINDOWS\System32\win32u.dll
0x00007ffc73c50000 - 0x00007ffc73eea000 	C:\WINDOWS\WinSxS\amd64_microsoft.windows.common-controls_6595b64144ccf1df_6.0.19041.1110_none_60b5254171f9507e\COMCTL32.dll
0x00007ffc75660000 - 0x00007ffc7568b000 	C:\WINDOWS\System32\GDI32.dll
0x00007ffc77040000 - 0x00007ffc770de000 	C:\WINDOWS\System32\msvcrt.dll
0x00007ffc74850000 - 0x00007ffc7495b000 	C:\WINDOWS\System32\gdi32full.dll
0x00007ffc75050000 - 0x00007ffc750ed000 	C:\WINDOWS\System32\msvcp_win.dll
0x00007ffc75330000 - 0x00007ffc75360000 	C:\WINDOWS\System32\IMM32.DLL
0x00007ffc74260000 - 0x00007ffc7426c000 	C:\Users\vadap\Downloads\sts-4.11.1.RELEASE\plugins\org.eclipse.justj.openjdk.hotspot.jre.full.win32.x86_64_16.0.2.v20210721-1149\jre\bin\vcruntime140_1.dll
0x00007ffc40b90000 - 0x00007ffc40c21000 	C:\Users\vadap\Downloads\sts-4.11.1.RELEASE\plugins\org.eclipse.justj.openjdk.hotspot.jre.full.win32.x86_64_16.0.2.v20210721-1149\jre\bin\msvcp140.dll
0x00007ffc17860000 - 0x00007ffc1840b000 	C:\Users\vadap\Downloads\sts-4.11.1.RELEASE\plugins\org.eclipse.justj.openjdk.hotspot.jre.full.win32.x86_64_16.0.2.v20210721-1149\jre\bin\server\jvm.dll
0x00007ffc75360000 - 0x00007ffc7540c000 	C:\WINDOWS\System32\ADVAPI32.dll
0x00007ffc75920000 - 0x00007ffc759bb000 	C:\WINDOWS\System32\sechost.dll
0x00007ffc761f0000 - 0x00007ffc7631a000 	C:\WINDOWS\System32\RPCRT4.dll
0x00007ffc770e0000 - 0x00007ffc770e8000 	C:\WINDOWS\System32\PSAPI.DLL
0x00007ffc72350000 - 0x00007ffc7235a000 	C:\WINDOWS\SYSTEM32\VERSION.dll
0x00007ffc582a0000 - 0x00007ffc582c7000 	C:\WINDOWS\SYSTEM32\WINMM.dll
0x00007ffc582d0000 - 0x00007ffc582d9000 	C:\WINDOWS\SYSTEM32\WSOCK32.dll
0x00007ffc75b40000 - 0x00007ffc75bab000 	C:\WINDOWS\System32\WS2_32.dll
0x00007ffc71b40000 - 0x00007ffc71b52000 	C:\WINDOWS\SYSTEM32\kernel.appcore.dll
0x00007ffc46e10000 - 0x00007ffc46e1a000 	C:\Users\vadap\Downloads\sts-4.11.1.RELEASE\plugins\org.eclipse.justj.openjdk.hotspot.jre.full.win32.x86_64_16.0.2.v20210721-1149\jre\bin\jimage.dll
0x00007ffc74270000 - 0x00007ffc74454000 	C:\WINDOWS\SYSTEM32\DBGHELP.DLL
0x00007ffc741c0000 - 0x00007ffc741ec000 	C:\WINDOWS\SYSTEM32\dbgcore.DLL
0x00007ffc750f0000 - 0x00007ffc75173000 	C:\WINDOWS\System32\bcryptPrimitives.dll
0x00007ffc17810000 - 0x00007ffc17835000 	C:\Users\vadap\Downloads\sts-4.11.1.RELEASE\plugins\org.eclipse.justj.openjdk.hotspot.jre.full.win32.x86_64_16.0.2.v20210721-1149\jre\bin\java.dll
0x00007ffc177f0000 - 0x00007ffc17808000 	C:\Users\vadap\Downloads\sts-4.11.1.RELEASE\plugins\org.eclipse.justj.openjdk.hotspot.jre.full.win32.x86_64_16.0.2.v20210721-1149\jre\bin\zip.dll
0x00007ffc76320000 - 0x00007ffc76a5f000 	C:\WINDOWS\System32\SHELL32.dll
0x00007ffc71b60000 - 0x00007ffc722f0000 	C:\WINDOWS\SYSTEM32\windows.storage.dll
0x00007ffc75e90000 - 0x00007ffc761e5000 	C:\WINDOWS\System32\combase.dll
0x00007ffc73bb0000 - 0x00007ffc73bdc000 	C:\WINDOWS\SYSTEM32\Wldp.dll
0x00007ffc75690000 - 0x00007ffc7573e000 	C:\WINDOWS\System32\SHCORE.dll
0x00007ffc75740000 - 0x00007ffc75795000 	C:\WINDOWS\System32\shlwapi.dll
0x00007ffc74790000 - 0x00007ffc747af000 	C:\WINDOWS\SYSTEM32\profapi.dll
0x00007ffc72be0000 - 0x00007ffc72bf9000 	C:\Users\vadap\Downloads\sts-4.11.1.RELEASE\plugins\org.eclipse.justj.openjdk.hotspot.jre.full.win32.x86_64_16.0.2.v20210721-1149\jre\bin\net.dll
0x00007ffc6ba60000 - 0x00007ffc6bb68000 	C:\WINDOWS\SYSTEM32\WINHTTP.dll
0x00007ffc73a80000 - 0x00007ffc73aea000 	C:\WINDOWS\system32\mswsock.dll
0x00007ffc695d0000 - 0x00007ffc695e3000 	C:\Users\vadap\Downloads\sts-4.11.1.RELEASE\plugins\org.eclipse.justj.openjdk.hotspot.jre.full.win32.x86_64_16.0.2.v20210721-1149\jre\bin\nio.dll
0x00007ffc73640000 - 0x00007ffc7370c000 	C:\WINDOWS\SYSTEM32\DNSAPI.dll
0x00007ffc73600000 - 0x00007ffc7363b000 	C:\WINDOWS\SYSTEM32\IPHLPAPI.DLL
0x00007ffc75430000 - 0x00007ffc75438000 	C:\WINDOWS\System32\NSI.dll
0x00007ffc68e20000 - 0x00007ffc68e2a000 	C:\Windows\System32\rasadhlp.dll
0x00007ffc686a0000 - 0x00007ffc6871f000 	C:\WINDOWS\System32\fwpuclnt.dll
0x00007ffc75020000 - 0x00007ffc75047000 	C:\WINDOWS\System32\bcrypt.dll
0x00007ffc745d0000 - 0x00007ffc745e8000 	C:\WINDOWS\SYSTEM32\CRYPTSP.dll
0x00007ffc732b0000 - 0x00007ffc732e4000 	C:\WINDOWS\system32\rsaenh.dll
0x00007ffc74710000 - 0x00007ffc7473e000 	C:\WINDOWS\SYSTEM32\USERENV.dll
0x00007ffc73b70000 - 0x00007ffc73b7c000 	C:\WINDOWS\SYSTEM32\CRYPTBASE.dll
0x00007ffc69040000 - 0x00007ffc69057000 	C:\WINDOWS\SYSTEM32\dhcpcsvc6.DLL
0x00007ffc68e60000 - 0x00007ffc68e7d000 	C:\WINDOWS\SYSTEM32\dhcpcsvc.DLL
0x00007ffc69590000 - 0x00007ffc695a0000 	C:\Users\vadap\Downloads\sts-4.11.1.RELEASE\plugins\org.eclipse.justj.openjdk.hotspot.jre.full.win32.x86_64_16.0.2.v20210721-1149\jre\bin\verify.dll
0x00007ffc72960000 - 0x00007ffc72969000 	C:\Users\vadap\Downloads\sts-4.11.1.RELEASE\plugins\org.eclipse.justj.openjdk.hotspot.jre.full.win32.x86_64_16.0.2.v20210721-1149\jre\bin\management.dll
0x00007ffc72950000 - 0x00007ffc7295b000 	C:\Users\vadap\Downloads\sts-4.11.1.RELEASE\plugins\org.eclipse.justj.openjdk.hotspot.jre.full.win32.x86_64_16.0.2.v20210721-1149\jre\bin\management_ext.dll
0x00007ffc725c0000 - 0x00007ffc725ce000 	C:\Users\vadap\Downloads\sts-4.11.1.RELEASE\plugins\org.eclipse.justj.openjdk.hotspot.jre.full.win32.x86_64_16.0.2.v20210721-1149\jre\bin\sunmscapi.dll
0x00007ffc74ec0000 - 0x00007ffc75016000 	C:\WINDOWS\System32\CRYPT32.dll
0x00007ffc73c20000 - 0x00007ffc73c47000 	C:\WINDOWS\SYSTEM32\ncrypt.dll
0x00007ffc73be0000 - 0x00007ffc73c1b000 	C:\WINDOWS\SYSTEM32\NTASN1.dll
0x00007ffc72940000 - 0x00007ffc72947000 	C:\WINDOWS\system32\wshunix.dll
0x00007ffc53b10000 - 0x00007ffc53b27000 	C:\WINDOWS\system32\napinsp.dll
0x00007ffc53af0000 - 0x00007ffc53b0b000 	C:\WINDOWS\system32\pnrpnsp.dll
0x00007ffc53ad0000 - 0x00007ffc53ae5000 	C:\WINDOWS\system32\wshbth.dll
0x00007ffc6c1c0000 - 0x00007ffc6c1dd000 	C:\WINDOWS\system32\NLAapi.dll
0x00007ffc53a40000 - 0x00007ffc53a52000 	C:\WINDOWS\System32\winrnr.dll

dbghelp: loaded successfully - version: 4.0.5 - missing functions: none
symbol engine: initialized successfully - sym options: 0x614 - pdb path: .;C:\Users\vadap\Downloads\sts-4.11.1.RELEASE\plugins\org.eclipse.justj.openjdk.hotspot.jre.full.win32.x86_64_16.0.2.v20210721-1149\jre\bin;C:\WINDOWS\SYSTEM32;C:\WINDOWS\WinSxS\amd64_microsoft.windows.common-controls_6595b64144ccf1df_6.0.19041.1110_none_60b5254171f9507e;C:\Users\vadap\Downloads\sts-4.11.1.RELEASE\plugins\org.eclipse.justj.openjdk.hotspot.jre.full.win32.x86_64_16.0.2.v20210721-1149\jre\bin\server

VM Arguments:
jvm_args: -ea -Dfile.encoding=Cp1252 -XX:+ShowCodeDetailsInExceptionMessages 
java_command: org.testng.remote.RemoteTestNG -serport 51632 -protocol json -d C:\Users\vadap\Documents\workspace-spring-tool-suite-4-4.11.1.RELEASE\easyMyTrip\test-output C:\Users\vadap\AppData\Local\Temp\testng-eclipse--1890496198\testng-customsuite.xml
java_class_path (initial): C:\Users\vadap\Downloads\sts-4.11.1.RELEASE\configuration\org.eclipse.osgi\583\0\.cp\lib\testng-remote.jar;C:\Users\vadap\Documents\workspace-spring-tool-suite-4-4.11.1.RELEASE\easyMyTrip\target\test-classes;C:\Users\vadap\Documents\workspace-spring-tool-suite-4-4.11.1.RELEASE\easyMyTrip\target\classes;C:\Users\vadap\.m2\repository\org\seleniumhq\selenium\selenium-java\4.0.0-rc-1\selenium-java-4.0.0-rc-1.jar;C:\Users\vadap\.m2\repository\org\seleniumhq\selenium\selenium-api\4.0.0-rc-1\selenium-api-4.0.0-rc-1.jar;C:\Users\vadap\.m2\repository\org\seleniumhq\selenium\selenium-chrome-driver\4.0.0-rc-1\selenium-chrome-driver-4.0.0-rc-1.jar;C:\Users\vadap\.m2\repository\com\google\auto\service\auto-service-annotations\1.0\auto-service-annotations-1.0.jar;C:\Users\vadap\.m2\repository\com\google\auto\service\auto-service\1.0\auto-service-1.0.jar;C:\Users\vadap\.m2\repository\com\google\auto\auto-common\1.0\auto-common-1.0.jar;C:\Users\vadap\.m2\repository\com\google\guava\guava\30.1.1-jre\guava-30.1.1-jre.jar;C:\Users\vadap\.m2\repository\com\google\guava\failureaccess\1.0.1\failureaccess-1.0.1.jar;C:\Users\vadap\.m2\repository\com\google\guava\listenablefuture\9999.0-empty-to-avoid-conflict-with-guava\listenablefuture-9999.0-empty-to-avoid-conflict-with-guava.jar;C:\Users\vadap\.m2\repository\com\google\code\findbugs\jsr305\3.0.2\jsr305-3.0.2.jar;C:\Users\vadap\.m2\repository\org\checkerframework\checker-qual\3.8.0\checker-qual-3.8.0.jar;C:\Users\vadap\.m2\repository\com\google\errorprone\error_prone_annotations\2.5.1\error_prone_annotations-2.5.1.jar;C:\Users\vadap\.m2\repository\com\google\j2objc\j2objc-annotations\1.3\j2objc-annotations-1.3.jar;C:\Users\vadap\.m2\repository\org\seleniumhq\selenium\selenium-chromium-driver\4.0.0-rc-1\selenium-chromium-driver-4.0.0-rc-1.jar;C:\Users\vadap\.m2\repository\org\seleniumhq\selenium\selenium-devtools\4.0.0-rc-1\selenium-devtools-4.0.0-rc-1.jar;C:\Users\vadap\.m2\repository\org\seleniumhq\selenium\
Launcher Type: SUN_STANDARD

[Global flags]
     intx CICompilerCount                          = 4                                         {product} {ergonomic}
     uint ConcGCThreads                            = 2                                         {product} {ergonomic}
     uint G1ConcRefinementThreads                  = 8                                         {product} {ergonomic}
   size_t G1HeapRegionSize                         = 1048576                                   {product} {ergonomic}
    uintx GCDrainStackTargetSize                   = 64                                        {product} {ergonomic}
   size_t InitialHeapSize                          = 132120576                                 {product} {ergonomic}
   size_t MarkStackSize                            = 4194304                                   {product} {ergonomic}
   size_t MaxHeapSize                              = 2103443456                                {product} {ergonomic}
   size_t MaxNewSize                               = 1261436928                                {product} {ergonomic}
   size_t MinHeapDeltaBytes                        = 1048576                                   {product} {ergonomic}
   size_t MinHeapSize                              = 8388608                                   {product} {ergonomic}
    uintx NonNMethodCodeHeapSize                   = 5839372                                {pd product} {ergonomic}
    uintx NonProfiledCodeHeapSize                  = 122909434                              {pd product} {ergonomic}
    uintx ProfiledCodeHeapSize                     = 122909434                              {pd product} {ergonomic}
    uintx ReservedCodeCacheSize                    = 251658240                              {pd product} {ergonomic}
     bool SegmentedCodeCache                       = true                                      {product} {ergonomic}
     bool ShowCodeDetailsInExceptionMessages       = true                                   {manageable} {command line}
   size_t SoftMaxHeapSize                          = 2103443456                             {manageable} {ergonomic}
     bool UseCompressedClassPointers               = true                           {product lp64_product} {ergonomic}
     bool UseCompressedOops                        = true                           {product lp64_product} {ergonomic}
     bool UseG1GC                                  = true                                      {product} {ergonomic}
     bool UseLargePagesIndividualAllocation        = false                                  {pd product} {ergonomic}

Logging:
Log output configuration:
 #0: stdout all=warning uptime,level,tags
 #1: stderr all=off uptime,level,tags

Environment Variables:
JAVA_HOME=C:\Program Files\Java\jdk-16.0.1
PATH=C:/Users/vadap/Downloads/sts-4.11.1.RELEASE//plugins/org.eclipse.justj.openjdk.hotspot.jre.full.win32.x86_64_16.0.2.v20210721-1149/jre/bin/server;C:/Users/vadap/Downloads/sts-4.11.1.RELEASE//plugins/org.eclipse.justj.openjdk.hotspot.jre.full.win32.x86_64_16.0.2.v20210721-1149/jre/bin;C:\Users\vadap\AppData\Local\Microsoft\WindowsApps;C:\Users\vadap\AppData\Local\Programs\Microsoft VS Code\bin;C:\Users\vadap\AppData\Roaming\npm;C:\Users\vadap\flutter\bin;C:\Program Files\heroku\bin;%MAVEN_HOME%\bin;C:\Program Files\Git\bin;C:\Program Files\Java\jdk-16.0.1\bin;C:\Program Files\nodejs;C:\Windows\System32;C:\Program Files\Git\cmd;C:\Program Files\Git\git-cmd.exe;C:\Users\vadap\AppData\Local\Microsoft\WindowsApps;C:\Users\vadap\AppData\Local\Programs\Microsoft VS Code\bin;C:\Users\vadap\AppData\Roaming\npm;C:\Users\vadap\flutter\bin;C:\Program Files\heroku\bin;C:\Program Files\Git\bin;C:\Program Files\Java\jdk-16.0.1\bin;C:\Users\vadap\Downloads\apache-maven-3.8.2\bin;C:\Program Files\nodejs;C:\Windows\System32;C:\Program Files\Git\cmd;C:\Program Files\Git\git-cmd.exe;C:\Windows\System32\WindowsPowerShell\v1.0;C:\WINDOWS\System32\WindowsPowerShell\v1.0\;;C:\Users\vadap\Downloads\sts-4.11.1.RELEASE;
USERNAME=vadap
OS=Windows_NT
PROCESSOR_IDENTIFIER=Intel64 Family 6 Model 142 Stepping 12, GenuineIntel



---------------  S Y S T E M  ---------------

OS:
 Windows 10 , 64 bit Build 19041 (10.0.19041.1202)
OS uptime: 0 days 3:30 hours

CPU: total 8 (initial active 8) (4 cores per cpu, 2 threads per core) family 6 model 142 stepping 12 microcode 0xc0, cx8, cmov, fxsr, ht, mmx, 3dnowpref, sse, sse2, sse3, ssse3, sse4.1, sse4.2, popcnt, lzcnt, tsc, tscinvbit, avx, avx2, aes, erms, clmul, bmi1, bmi2, adx, fma, vzeroupper, clflush, clflushopt

Memory: 4k page, system-wide physical 8022M (2012M free)
TotalPageFile size 13910M (AvailPageFile size 3877M)
current process WorkingSet (physical memory assigned to process): 249M, peak: 249M
current process commit charge ("private bytes"): 285M, peak: 285M

vm_info: OpenJDK 64-Bit Server VM (16.0.2+7-67) for windows-amd64 JRE (16.0.2+7-67), built on Jun  8 2021 23:21:43 by "mach5one" with MS VC++ 16.7 (VS2019)

END.
