#
# A fatal error has been detected by the Java Runtime Environment:
#
#  EXCEPTION_ACCESS_VIOLATION (0xc0000005) at pc=0x00007ffc17bc9dde, pid=13492, tid=4960
#
# JRE version: OpenJDK Runtime Environment (16.0.2+7) (build 16.0.2+7-67)
# Java VM: OpenJDK 64-Bit Server VM (16.0.2+7-67, mixed mode, tiered, compressed oops, compressed class ptrs, g1 gc, windows-amd64)
# Problematic frame:
# V  [jvm.dll+0x369dde]
#
# No core dump will be written. Minidumps are not enabled by default on client versions of Windows
#
# If you would like to submit a bug report, please visit:
#   https://bugreport.java.com/bugreport/crash.jsp
#

---------------  S U M M A R Y ------------

Command Line: -ea -Dfile.encoding=Cp1252 -XX:+ShowCodeDetailsInExceptionMessages org.testng.remote.RemoteTestNG -serport 58975 -protocol json -d C:\Users\vadap\Documents\workspace-spring-tool-suite-4-4.11.1.RELEASE\easyMyTrip\test-output C:\Users\vadap\AppData\Local\Temp\testng-eclipse--1029428683\testng-customsuite.xml

Host: Intel(R) Core(TM) i5-10210U CPU @ 1.60GHz, 8 cores, 7G,  Windows 10 , 64 bit Build 19041 (10.0.19041.1202)
Time: Fri Oct  1 19:21:16 2021 India Standard Time elapsed time: 1.458704 seconds (0d 0h 0m 1s)

---------------  T H R E A D  ---------------

Current thread (0x0000021c8a152730):  JavaThread "C2 CompilerThread1" daemon [_thread_in_vm, id=4960, stack(0x0000008469300000,0x0000008469400000)]


Current CompileTask:
C2:   1458 1799   !   4       jdk.internal.loader.URLClassPath$JarLoader::ensureOpen (36 bytes)

Stack: [0x0000008469300000,0x0000008469400000],  sp=0x00000084693f9330,  free space=996k
Native frames: (J=compiled Java code, j=interpreted, Vv=VM code, C=native code)
V  [jvm.dll+0x369dde]
V  [jvm.dll+0x36b072]
V  [jvm.dll+0x555283]
V  [jvm.dll+0x55311e]
V  [jvm.dll+0x553390]
V  [jvm.dll+0x1c24ec]
V  [jvm.dll+0x1c2140]
V  [jvm.dll+0x1d74e9]
V  [jvm.dll+0x1dc047]
V  [jvm.dll+0x1da0bf]
V  [jvm.dll+0x1dc49a]
V  [jvm.dll+0x1dbc78]
V  [jvm.dll+0x1dcc41]
V  [jvm.dll+0x1dbf1e]
V  [jvm.dll+0x1cb540]
V  [jvm.dll+0x12455c]
V  [jvm.dll+0x2a20ff]
V  [jvm.dll+0x2a3e18]
V  [jvm.dll+0x680b54]
V  [jvm.dll+0x67886b]
V  [jvm.dll+0x677e97]
V  [jvm.dll+0x675d6a]
V  [jvm.dll+0x1a4d4c]
V  [jvm.dll+0x2a3e92]
V  [jvm.dll+0x680b54]
V  [jvm.dll+0x67886b]
V  [jvm.dll+0x677e97]
V  [jvm.dll+0x675d6a]
V  [jvm.dll+0x1a4d4c]
V  [jvm.dll+0x2a3e92]
V  [jvm.dll+0x680b54]
V  [jvm.dll+0x67886b]
V  [jvm.dll+0x677e97]
V  [jvm.dll+0x675d6a]
V  [jvm.dll+0x1a4d4c]
V  [jvm.dll+0x2a3e92]
V  [jvm.dll+0x680b54]
V  [jvm.dll+0x67886b]
V  [jvm.dll+0x677e97]
V  [jvm.dll+0x675d6a]
V  [jvm.dll+0x1a4d4c]
V  [jvm.dll+0x2a3e92]
V  [jvm.dll+0x680b54]
V  [jvm.dll+0x67886b]
V  [jvm.dll+0x677e97]
V  [jvm.dll+0x675d6a]
V  [jvm.dll+0x1a4d4c]
V  [jvm.dll+0x2a3e92]
V  [jvm.dll+0x680b54]
V  [jvm.dll+0x67886b]
V  [jvm.dll+0x677e97]
V  [jvm.dll+0x675d6a]
V  [jvm.dll+0x1a4d4c]
V  [jvm.dll+0x2a3e92]
V  [jvm.dll+0x680b54]
V  [jvm.dll+0x67886b]
V  [jvm.dll+0x677e97]
V  [jvm.dll+0x675d6a]
V  [jvm.dll+0x1a4d4c]
V  [jvm.dll+0x2a3e92]
V  [jvm.dll+0x680b54]
V  [jvm.dll+0x67886b]
V  [jvm.dll+0x677e97]
V  [jvm.dll+0x675d6a]
V  [jvm.dll+0x1a4d4c]
V  [jvm.dll+0x2a3e92]
V  [jvm.dll+0x680b54]
V  [jvm.dll+0x67886b]
V  [jvm.dll+0x677e97]
V  [jvm.dll+0x675d6a]
V  [jvm.dll+0x1a4d4c]
V  [jvm.dll+0x2a3e92]
V  [jvm.dll+0x680b54]
V  [jvm.dll+0x67886b]
V  [jvm.dll+0x677e97]
V  [jvm.dll+0x675d6a]
V  [jvm.dll+0x1a4d4c]
V  [jvm.dll+0x2a3e92]
V  [jvm.dll+0x680b54]
V  [jvm.dll+0x67886b]
V  [jvm.dll+0x677e97]
V  [jvm.dll+0x675d6a]
V  [jvm.dll+0x1a4d4c]
V  [jvm.dll+0x2a3e92]
V  [jvm.dll+0x680b54]
V  [jvm.dll+0x67886b]
V  [jvm.dll+0x677e97]
V  [jvm.dll+0x675d6a]
V  [jvm.dll+0x1a4d4c]
V  [jvm.dll+0x214d15]
V  [jvm.dll+0x1a1beb]
V  [jvm.dll+0x225158]
V  [jvm.dll+0x22319c]
V  [jvm.dll+0x77fa62]
V  [jvm.dll+0x7795aa]
V  [jvm.dll+0x667066]
C  [ucrtbase.dll+0x21bb2]
C  [KERNEL32.DLL+0x17034]
C  [ntdll.dll+0x52651]


siginfo: EXCEPTION_ACCESS_VIOLATION (0xc0000005), reading address 0xffffffffffffffff


Register to memory mapping:

RIP=0x00007ffc17bc9dde jvm.dll
RAX=0x0000000000000014 is an unknown value
RBX=0x0000021ca43e9c18 is pointing into metadata
RCX=0x0000000000000014 is an unknown value
RDX=0x0010021ca43ea1b8 is an unknown value
RSP=0x00000084693f9330 is pointing into the stack for thread: 0x0000021c8a152730
RBP=0x0000021ca43e9c18 is pointing into metadata
RSI=0x0 is NULL
RDI=0x0000000000000001 is an unknown value
R8 =0x000000000000001b is an unknown value
R9 =0x000000000000000e is an unknown value
R10=0x0000021ca3dbe548 points into unknown readable memory: 0x63730005387cffff | ff ff 7c 38 05 00 73 63
R11=0x00000084693f9838 is pointing into the stack for thread: 0x0000021c8a152730
R12=0x0000021ca3dbe558 points into unknown readable memory: 0x2928002e6db3ffff | ff ff b3 6d 2e 00 28 29
R13=0x000000010003a9c8 is a pointer to class: 
java.nio.DirectLongBufferU {0x000000010003a9d0}
R14=0x0000021ca3dbe548 points into unknown readable memory: 0x63730005387cffff | ff ff 7c 38 05 00 73 63
R15=0x0000021ca3dbe558 points into unknown readable memory: 0x2928002e6db3ffff | ff ff b3 6d 2e 00 28 29


Registers:
RAX=0x0000000000000014, RBX=0x0000021ca43e9c18, RCX=0x0000000000000014, RDX=0x0010021ca43ea1b8
RSP=0x00000084693f9330, RBP=0x0000021ca43e9c18, RSI=0x0000000000000000, RDI=0x0000000000000001
R8 =0x000000000000001b, R9 =0x000000000000000e, R10=0x0000021ca3dbe548, R11=0x00000084693f9838
R12=0x0000021ca3dbe558, R13=0x000000010003a9c8, R14=0x0000021ca3dbe548, R15=0x0000021ca3dbe558
RIP=0x00007ffc17bc9dde, EFLAGS=0x0000000000010207

Top of Stack: (sp=0x00000084693f9330)
0x00000084693f9330:   0000000000000000 00007ffc17bcb072
0x00000084693f9340:   0000021ca3d7ae30 0000021ca496d4c0
0x00000084693f9350:   0000021ca59e75f0 0000021ca705a690
0x00000084693f9360:   000000010003a9c8 0000021ca3dbe548
0x00000084693f9370:   0000021ca3dbe558 00007ffc17db5283
0x00000084693f9380:   0000000000000000 00000084693f9480
0x00000084693f9390:   0000021c8a152730 00000084693f9680
0x00000084693f93a0:   0000021c00000000 00007ffc17db215c
0x00000084693f93b0:   0000000100053fe0 00007ffc17ba1d56
0x00000084693f93c0:   0000000000000000 0000000000000000
0x00000084693f93d0:   00000084693f9700 0000021c8a152730
0x00000084693f93e0:   0000021c8a152730 0000000100053fe0
0x00000084693f93f0:   0000021ca4101501 00000084693f9700
0x00000084693f9400:   0000021c8a152730 00000084693f9460
0x00000084693f9410:   0000021ca4aae6d0 0000021ca70212b0
0x00000084693f9420:   0000021ca7024180 0000021ca7029298 

Instructions: (pc=0x00007ffc17bc9dde)
0x00007ffc17bc9cde:   a0 00 00 00 41 ff c4 bf df ff 00 00 bb 00 02 00
0x00007ffc17bc9cee:   00 48 85 ed 0f 85 1a fe ff ff 48 8b 5c 24 30 44
0x00007ffc17bc9cfe:   89 ac 24 a8 00 00 00 8b bc 24 a8 00 00 00 4c 8b
0x00007ffc17bc9d0e:   ac 24 b8 00 00 00 48 83 3d c4 e6 76 00 00 4c 8b
0x00007ffc17bc9d1e:   7c 24 58 4c 8b 64 24 68 48 8b ac 24 80 00 00 00
0x00007ffc17bc9d2e:   74 11 44 8b c6 48 8d 0d d6 92 58 00 8b d7 e8 7f
0x00007ffc17bc9d3e:   6d ff ff 48 83 3b 00 48 8b 7c 24 70 48 8b 74 24
0x00007ffc17bc9d4e:   78 74 15 48 8b 54 24 38 49 8b cd e8 c2 49 d4 ff
0x00007ffc17bc9d5e:   48 8b cb e8 2a 49 d4 ff 48 8b 44 24 40 49 89 45
0x00007ffc17bc9d6e:   18 48 8b 44 24 48 49 89 5d 10 48 8b 9c 24 88 00
0x00007ffc17bc9d7e:   00 00 49 89 45 20 4c 8b 6c 24 60 48 81 c4 90 00
0x00007ffc17bc9d8e:   00 00 41 5e c3 cc cc cc cc cc cc cc cc cc cc cc
0x00007ffc17bc9d9e:   cc cc 40 53 80 3d 8b e5 76 00 00 4c 8b d2 48 8b
0x00007ffc17bc9dae:   d9 74 06 5b e9 e9 ce ff ff 44 8b 01 45 33 c9 41
0x00007ffc17bc9dbe:   83 e8 01 78 3f 0f 1f 40 00 66 0f 1f 84 00 00 00
0x00007ffc17bc9dce:   00 00 43 8d 04 08 d1 f8 48 63 c8 48 8b 54 cb 08
0x00007ffc17bc9dde:   48 8b 4a 08 0f b7 51 2a 48 8b 49 08 4c 39 54 d1
0x00007ffc17bc9dee:   48 73 06 44 8d 48 01 eb 06 74 0e 44 8d 40 ff 45
0x00007ffc17bc9dfe:   3b c8 7e ce b8 ff ff ff ff 5b c3 cc cc cc cc cc
0x00007ffc17bc9e0e:   cc cc 4c 8b dc 53 57 48 81 ec e8 00 00 00 48 8b
0x00007ffc17bc9e1e:   05 e5 6e 73 00 48 33 c4 48 89 84 24 d0 00 00 00
0x00007ffc17bc9e2e:   49 89 73 20 33 ff 4d 89 73 e8 48 8b f2 4c 8b f1
0x00007ffc17bc9e3e:   48 85 c9 75 04 8b df eb 5e 48 89 ac 24 10 01 00
0x00007ffc17bc9e4e:   00 48 8b aa 80 02 00 00 48 8b 5d 18 48 83 fb f7
0x00007ffc17bc9e5e:   76 18 4c 8d 05 a1 ca 53 00 ba 08 00 00 00 48 8b
0x00007ffc17bc9e6e:   cd e8 2c 49 d4 ff 48 8b 5d 18 48 8d 43 08 48 3b
0x00007ffc17bc9e7e:   45 20 76 14 45 33 c0 48 8b cd 41 8d 50 08 e8 8f
0x00007ffc17bc9e8e:   45 d4 ff 48 8b d8 eb 04 48 89 45 18 48 8b ac 24
0x00007ffc17bc9e9e:   10 01 00 00 4c 89 33 48 8b 0d 2c 34 7a 00 48 8d
0x00007ffc17bc9eae:   44 24 58 48 89 84 24 a8 00 00 00 48 8d 84 24 99
0x00007ffc17bc9ebe:   00 00 00 48 89 84 24 b0 00 00 00 c7 44 24 38 0e
0x00007ffc17bc9ece:   00 00 00 48 89 bc 24 c8 00 00 00 c7 84 24 bc 00 


Stack slot to memory mapping:
stack at sp + 0 slots: 0x0 is NULL
stack at sp + 1 slots: 0x00007ffc17bcb072 jvm.dll
stack at sp + 2 slots: 0x0000021ca3d7ae30 points into unknown readable memory: 0x646a002472eaffff | ff ff ea 72 24 00 6a 64
stack at sp + 3 slots: 0x0000021ca496d4c0 points into unknown readable memory: 0x00000084693fee88 | 88 ee 3f 69 84 00 00 00
stack at sp + 4 slots: 0x0000021ca59e75f0 points into unknown readable memory: 0x0000000400000002 | 02 00 00 00 04 00 00 00
stack at sp + 5 slots: 0x0000021ca705a690 points into unknown readable memory: 0x00000084693fe5d8 | d8 e5 3f 69 84 00 00 00
stack at sp + 6 slots: 0x000000010003a9c8 is a pointer to class: 
java.nio.DirectLongBufferU {0x000000010003a9d0}
stack at sp + 7 slots: 0x0000021ca3dbe548 points into unknown readable memory: 0x63730005387cffff | ff ff 7c 38 05 00 73 63


---------------  P R O C E S S  ---------------

Threads class SMR info:
_java_thread_list=0x0000021ca7d62220, length=16, elements={
0x0000021c8a1516b0, 0x0000021ca3ef4260, 0x0000021ca3ef5120, 0x0000021ca3f023a0,
0x0000021ca49220b0, 0x0000021ca4923fe0, 0x0000021ca4925320, 0x0000021ca4929c20,
0x0000021ca4933640, 0x0000021ca4940390, 0x0000021ca4a96c40, 0x0000021ca4aa9200,
0x0000021c8a152730, 0x0000021ca564f140, 0x0000021ca5991c90, 0x0000021ca5993720
}

Java Threads: ( => current thread )
  0x0000021c8a1516b0 JavaThread "main" [_thread_in_vm, id=8840, stack(0x0000008468000000,0x0000008468100000)]
  0x0000021ca3ef4260 JavaThread "Reference Handler" daemon [_thread_blocked, id=7232, stack(0x0000008468700000,0x0000008468800000)]
  0x0000021ca3ef5120 JavaThread "Finalizer" daemon [_thread_blocked, id=8512, stack(0x0000008468800000,0x0000008468900000)]
  0x0000021ca3f023a0 JavaThread "Signal Dispatcher" daemon [_thread_blocked, id=3912, stack(0x0000008468900000,0x0000008468a00000)]
  0x0000021ca49220b0 JavaThread "Attach Listener" daemon [_thread_blocked, id=2616, stack(0x0000008468a00000,0x0000008468b00000)]
  0x0000021ca4923fe0 JavaThread "Service Thread" daemon [_thread_blocked, id=5308, stack(0x0000008468b00000,0x0000008468c00000)]
  0x0000021ca4925320 JavaThread "Monitor Deflation Thread" daemon [_thread_blocked, id=12448, stack(0x0000008468c00000,0x0000008468d00000)]
  0x0000021ca4929c20 JavaThread "C2 CompilerThread0" daemon [_thread_in_vm, id=7996, stack(0x0000008468d00000,0x0000008468e00000)]
  0x0000021ca4933640 JavaThread "C1 CompilerThread0" daemon [_thread_blocked, id=2576, stack(0x0000008468e00000,0x0000008468f00000)]
  0x0000021ca4940390 JavaThread "Sweeper thread" daemon [_thread_blocked, id=13040, stack(0x0000008468f00000,0x0000008469000000)]
  0x0000021ca4a96c40 JavaThread "Notification Thread" daemon [_thread_blocked, id=6492, stack(0x0000008469000000,0x0000008469100000)]
  0x0000021ca4aa9200 JavaThread "Common-Cleaner" daemon [_thread_blocked, id=13048, stack(0x0000008469200000,0x0000008469300000)]
=>0x0000021c8a152730 JavaThread "C2 CompilerThread1" daemon [_thread_in_vm, id=4960, stack(0x0000008469300000,0x0000008469400000)]
  0x0000021ca564f140 JavaThread "C2 CompilerThread2" daemon [_thread_in_native, id=544, stack(0x0000008469400000,0x0000008469500000)]
  0x0000021ca5991c90 JavaThread "ReaderThread" [_thread_in_native, id=9792, stack(0x0000008469600000,0x0000008469700000)]
  0x0000021ca5993720 JavaThread "ForkJoinPool.commonPool-worker-3" daemon [_thread_blocked, id=14276, stack(0x0000008469f00000,0x000000846a000000)]

Other Threads:
  0x0000021ca3ed42b0 VMThread "VM Thread" [stack: 0x0000008468600000,0x0000008468700000] [id=16076]
  0x0000021ca4a98170 WatcherThread [stack: 0x0000008469100000,0x0000008469200000] [id=8416]
  0x0000021c8a1914d0 GCTaskThread "GC Thread#0" [stack: 0x0000008468100000,0x0000008468200000] [id=9292]
  0x0000021ca7274200 GCTaskThread "GC Thread#1" [stack: 0x0000008469700000,0x0000008469800000] [id=1904]
  0x0000021ca7274510 GCTaskThread "GC Thread#2" [stack: 0x0000008469800000,0x0000008469900000] [id=3040]
  0x0000021ca847a0a0 GCTaskThread "GC Thread#3" [stack: 0x0000008469900000,0x0000008469a00000] [id=15948]
  0x0000021ca6435590 GCTaskThread "GC Thread#4" [stack: 0x0000008469a00000,0x0000008469b00000] [id=15376]
  0x0000021ca7d52d20 GCTaskThread "GC Thread#5" [stack: 0x0000008469b00000,0x0000008469c00000] [id=16092]
  0x0000021ca8868c30 GCTaskThread "GC Thread#6" [stack: 0x0000008469c00000,0x0000008469d00000] [id=9200]
  0x0000021ca7273e40 GCTaskThread "GC Thread#7" [stack: 0x0000008469d00000,0x0000008469e00000] [id=5068]
  0x0000021c8a1a20d0 ConcurrentGCThread "G1 Main Marker" [stack: 0x0000008468200000,0x0000008468300000] [id=1352]
  0x0000021c8a1a5380 ConcurrentGCThread "G1 Conc#0" [stack: 0x0000008468300000,0x0000008468400000] [id=15728]
  0x0000021ca832fd80 ConcurrentGCThread "G1 Conc#1" [stack: 0x0000008469e00000,0x0000008469f00000] [id=15608]
  0x0000021c8a21d830 ConcurrentGCThread "G1 Refine#0" [stack: 0x0000008468400000,0x0000008468500000] [id=13476]
  0x0000021c8a21e2b0 ConcurrentGCThread "G1 Service" [stack: 0x0000008468500000,0x0000008468600000] [id=8624]

Threads with active compile tasks:
C2 CompilerThread0     1502 1818   !   4       jdk.internal.loader.URLClassPath$JarLoader::getResource (354 bytes)
C2 CompilerThread1     1502 1799   !   4       jdk.internal.loader.URLClassPath$JarLoader::ensureOpen (36 bytes)
C2 CompilerThread2     1502 1802  s!   4       jdk.internal.loader.URLClassPath::getLoader (194 bytes)

VM state: not at safepoint (normal execution)

VM Mutex/Monitor currently owned by a thread: None

Heap address: 0x0000000082a00000, size: 2006 MB, Compressed Oops mode: 32-bit

CDS disabled.
Compressed class space mapped at: 0x0000000100000000-0x0000000140000000, reserved size: 1073741824
Narrow klass base: 0x0000000000000000, Narrow klass shift: 3, Narrow klass range: 0x140000000

GC Precious Log:
 CPUs: 8 total, 8 available
 Memory: 8022M
 Large Page Support: Disabled
 NUMA Support: Disabled
 Compressed Oops: Enabled (32-bit)
 Heap Region Size: 1M
 Heap Min Capacity: 8M
 Heap Initial Capacity: 126M
 Heap Max Capacity: 2006M
 Pre-touch: Disabled
 Parallel Workers: 8
 Concurrent Workers: 2
 Concurrent Refinement Workers: 8
 Periodic GC: Disabled

Heap:
 garbage-first heap   total 45056K, used 15995K [0x0000000082a00000, 0x0000000100000000)
  region size 1024K, 9 young (9216K), 4 survivors (4096K)
 Metaspace       used 22401K, committed 22592K, reserved 1073152K
  class space    used 2334K, committed 2432K, reserved 1048576K

Heap Regions: E=young(eden), S=young(survivor), O=old, HS=humongous(starts), HC=humongous(continues), CS=collection set, F=free, OA=open archive, CA=closed archive, TAMS=top-at-mark-start (previous, next)
|   0|0x0000000082a00000, 0x0000000082b00000, 0x0000000082b00000|100%|HS|  |TAMS 0x0000000082b00000, 0x0000000082a00000| Complete 
|   1|0x0000000082b00000, 0x0000000082c00000, 0x0000000082c00000|100%| O|  |TAMS 0x0000000082c00000, 0x0000000082b00000| Untracked 
|   2|0x0000000082c00000, 0x0000000082d00000, 0x0000000082d00000|100%| O|  |TAMS 0x0000000082d00000, 0x0000000082c00000| Untracked 
|   3|0x0000000082d00000, 0x0000000082e00000, 0x0000000082e00000|100%| O|  |TAMS 0x0000000082e00000, 0x0000000082d00000| Untracked 
|   4|0x0000000082e00000, 0x0000000082f00000, 0x0000000082f00000|100%| O|  |TAMS 0x0000000082f00000, 0x0000000082e00000| Untracked 
|   5|0x0000000082f00000, 0x0000000083000000, 0x0000000083000000|100%| O|  |TAMS 0x0000000083000000, 0x0000000082f00000| Untracked 
|   6|0x0000000083000000, 0x0000000083100000, 0x0000000083100000|100%| O|  |TAMS 0x0000000083100000, 0x0000000083000000| Untracked 
|   7|0x0000000083100000, 0x0000000083200000, 0x0000000083200000|100%| O|  |TAMS 0x0000000083200000, 0x0000000083100000| Untracked 
|   8|0x0000000083200000, 0x0000000083200000, 0x0000000083300000|  0%| F|  |TAMS 0x0000000083200000, 0x0000000083200000| Untracked 
|   9|0x0000000083300000, 0x0000000083300000, 0x0000000083400000|  0%| F|  |TAMS 0x0000000083300000, 0x0000000083300000| Untracked 
|  10|0x0000000083400000, 0x0000000083400000, 0x0000000083500000|  0%| F|  |TAMS 0x0000000083400000, 0x0000000083400000| Untracked 
|  11|0x0000000083500000, 0x0000000083500000, 0x0000000083600000|  0%| F|  |TAMS 0x0000000083500000, 0x0000000083500000| Untracked 
|  12|0x0000000083600000, 0x0000000083600000, 0x0000000083700000|  0%| F|  |TAMS 0x0000000083600000, 0x0000000083600000| Untracked 
|  13|0x0000000083700000, 0x0000000083700000, 0x0000000083800000|  0%| F|  |TAMS 0x0000000083700000, 0x0000000083700000| Untracked 
|  14|0x0000000083800000, 0x0000000083800000, 0x0000000083900000|  0%| F|  |TAMS 0x0000000083800000, 0x0000000083800000| Untracked 
|  15|0x0000000083900000, 0x0000000083900000, 0x0000000083a00000|  0%| F|  |TAMS 0x0000000083900000, 0x0000000083900000| Untracked 
|  16|0x0000000083a00000, 0x0000000083a00000, 0x0000000083b00000|  0%| F|  |TAMS 0x0000000083a00000, 0x0000000083a00000| Untracked 
|  17|0x0000000083b00000, 0x0000000083b00000, 0x0000000083c00000|  0%| F|  |TAMS 0x0000000083b00000, 0x0000000083b00000| Untracked 
|  18|0x0000000083c00000, 0x0000000083c00000, 0x0000000083d00000|  0%| F|  |TAMS 0x0000000083c00000, 0x0000000083c00000| Untracked 
|  19|0x0000000083d00000, 0x0000000083d00000, 0x0000000083e00000|  0%| F|  |TAMS 0x0000000083d00000, 0x0000000083d00000| Untracked 
|  20|0x0000000083e00000, 0x0000000083e00000, 0x0000000083f00000|  0%| F|  |TAMS 0x0000000083e00000, 0x0000000083e00000| Untracked 
|  21|0x0000000083f00000, 0x0000000083f00000, 0x0000000084000000|  0%| F|  |TAMS 0x0000000083f00000, 0x0000000083f00000| Untracked 
|  22|0x0000000084000000, 0x0000000084000000, 0x0000000084100000|  0%| F|  |TAMS 0x0000000084000000, 0x0000000084000000| Untracked 
|  23|0x0000000084100000, 0x0000000084100000, 0x0000000084200000|  0%| F|  |TAMS 0x0000000084100000, 0x0000000084100000| Untracked 
|  24|0x0000000084200000, 0x0000000084200000, 0x0000000084300000|  0%| F|  |TAMS 0x0000000084200000, 0x0000000084200000| Untracked 
|  25|0x0000000084300000, 0x0000000084300000, 0x0000000084400000|  0%| F|  |TAMS 0x0000000084300000, 0x0000000084300000| Untracked 
|  26|0x0000000084400000, 0x0000000084400000, 0x0000000084500000|  0%| F|  |TAMS 0x0000000084400000, 0x0000000084400000| Untracked 
|  27|0x0000000084500000, 0x0000000084500000, 0x0000000084600000|  0%| F|  |TAMS 0x0000000084500000, 0x0000000084500000| Untracked 
|  28|0x0000000084600000, 0x0000000084600000, 0x0000000084700000|  0%| F|  |TAMS 0x0000000084600000, 0x0000000084600000| Untracked 
|  29|0x0000000084700000, 0x0000000084700000, 0x0000000084800000|  0%| F|  |TAMS 0x0000000084700000, 0x0000000084700000| Untracked 
|  30|0x0000000084800000, 0x0000000084800000, 0x0000000084900000|  0%| F|  |TAMS 0x0000000084800000, 0x0000000084800000| Untracked 
|  31|0x0000000084900000, 0x0000000084900000, 0x0000000084a00000|  0%| F|  |TAMS 0x0000000084900000, 0x0000000084900000| Untracked 
|  32|0x0000000084a00000, 0x0000000084a00000, 0x0000000084b00000|  0%| F|  |TAMS 0x0000000084a00000, 0x0000000084a00000| Untracked 
|  33|0x0000000084b00000, 0x0000000084b00000, 0x0000000084c00000|  0%| F|  |TAMS 0x0000000084b00000, 0x0000000084b00000| Untracked 
|  34|0x0000000084c00000, 0x0000000084c00000, 0x0000000084d00000|  0%| F|  |TAMS 0x0000000084c00000, 0x0000000084c00000| Untracked 
|  35|0x0000000084d00000, 0x0000000084e00000, 0x0000000084e00000|100%| E|  |TAMS 0x0000000084d00000, 0x0000000084d00000| Complete 
|  36|0x0000000084e00000, 0x0000000084f00000, 0x0000000084f00000|100%| E|CS|TAMS 0x0000000084e00000, 0x0000000084e00000| Complete 
|  37|0x0000000084f00000, 0x0000000085000000, 0x0000000085000000|100%| E|CS|TAMS 0x0000000084f00000, 0x0000000084f00000| Complete 
|  38|0x0000000085000000, 0x0000000085100000, 0x0000000085100000|100%| E|CS|TAMS 0x0000000085000000, 0x0000000085000000| Complete 
| 110|0x0000000089800000, 0x000000008989ee20, 0x0000000089900000| 62%| S|CS|TAMS 0x0000000089800000, 0x0000000089800000| Complete 
| 111|0x0000000089900000, 0x0000000089a00000, 0x0000000089a00000|100%| S|CS|TAMS 0x0000000089900000, 0x0000000089900000| Complete 
| 112|0x0000000089a00000, 0x0000000089b00000, 0x0000000089b00000|100%| S|CS|TAMS 0x0000000089a00000, 0x0000000089a00000| Complete 
| 113|0x0000000089b00000, 0x0000000089c00000, 0x0000000089c00000|100%| S|CS|TAMS 0x0000000089b00000, 0x0000000089b00000| Complete 
| 125|0x000000008a700000, 0x000000008a800000, 0x000000008a800000|100%| E|CS|TAMS 0x000000008a700000, 0x000000008a700000| Complete 

Card table byte_map: [0x0000021c9cde0000,0x0000021c9d1d0000] _byte_map_base: 0x0000021c9c9cb000

Marking Bits (Prev, Next): (CMBitMap*) 0x0000021c8a191c00, (CMBitMap*) 0x0000021c8a191bc0
 Prev Bits: [0x0000021c9f520000, 0x0000021ca1478000)
 Next Bits: [0x0000021c9d5c0000, 0x0000021c9f518000)

Polling page: 0x0000021c880c0000

Metaspace:

Usage:
  Non-class:     19.63 MB used.
      Class:      2.28 MB used.
       Both:     21.92 MB used.

Virtual space:
  Non-class space:       24.00 MB reserved,      19.69 MB ( 82%) committed,  3 nodes.
      Class space:        1.00 GB reserved,       2.38 MB ( <1%) committed,  1 nodes.
              Both:        1.02 GB reserved,      22.06 MB (  2%) committed. 

Chunk freelists:
   Non-Class:  3.56 MB
       Class:  1.55 MB
        Both:  5.11 MB

MaxMetaspaceSize: 17179869184.00 GB
CompressedClassSpaceSize: 1.00 GB
 - commit_granule_bytes: 65536.
 - commit_granule_words: 8192.
 - virtual_space_node_default_size: 1048576.
 - enlarge_chunks_in_place: 1.
 - new_chunks_are_fully_committed: 0.
 - uncommit_free_chunks: 1.
 - use_allocation_guard: 0.
 - handle_deallocations: 1.


Internal statistics:

num_allocs_failed_limit: 3.
num_arena_births: 100.
num_arena_deaths: 0.
num_vsnodes_births: 4.
num_vsnodes_deaths: 0.
num_space_committed: 353.
num_space_uncommitted: 0.
num_chunks_returned_to_freelist: 3.
num_chunks_taken_from_freelist: 500.
num_chunk_merges: 3.
num_chunk_splits: 344.
num_chunks_enlarged: 268.
num_purges: 0.

CodeHeap 'non-profiled nmethods': size=120000Kb used=846Kb max_used=846Kb free=119153Kb
 bounds [0x0000021c95190000, 0x0000021c95400000, 0x0000021c9c6c0000]
CodeHeap 'profiled nmethods': size=120000Kb used=3708Kb max_used=3708Kb free=116291Kb
 bounds [0x0000021c8dc60000, 0x0000021c8e000000, 0x0000021c95190000]
CodeHeap 'non-nmethods': size=5760Kb used=1199Kb max_used=1240Kb free=4561Kb
 bounds [0x0000021c8d6c0000, 0x0000021c8d930000, 0x0000021c8dc60000]
 total_blobs=2313 nmethods=1819 adapters=407
 compilation: enabled
              stopped_count=0, restarted_count=0
 full_count=0

Compilation events (20 events):
Event: 1.429 Thread 0x0000021ca4933640 nmethod 1793 0x0000021c8dfe7f10 code [0x0000021c8dfe80c0, 0x0000021c8dfe8358]
Event: 1.441 Thread 0x0000021ca4933640 1795       3       java.lang.Character::toUpperCase (6 bytes)
Event: 1.441 Thread 0x0000021ca4933640 nmethod 1795 0x0000021c8dfe8410 code [0x0000021c8dfe85c0, 0x0000021c8dfe8818]
Event: 1.441 Thread 0x0000021ca4933640 1796       3       java.lang.Character::toUpperCase (9 bytes)
Event: 1.441 Thread 0x0000021ca4933640 nmethod 1796 0x0000021c8dfe8910 code [0x0000021c8dfe8ac0, 0x0000021c8dfe8cb8]
Event: 1.441 Thread 0x0000021ca4933640 1794       3       java.util.TreeMap::leftOf (13 bytes)
Event: 1.441 Thread 0x0000021ca4933640 nmethod 1794 0x0000021c8dfe8d90 code [0x0000021c8dfe8f40, 0x0000021c8dfe90b8]
Event: 1.441 Thread 0x0000021ca4933640 1797       3       java.util.TreeMap::setColor (10 bytes)
Event: 1.442 Thread 0x0000021ca4933640 nmethod 1797 0x0000021c8dfe9190 code [0x0000021c8dfe9320, 0x0000021c8dfe9458]
Event: 1.442 Thread 0x0000021ca4933640 1798       3       java.util.Arrays$ArrayItr::next (36 bytes)
Event: 1.442 Thread 0x0000021ca4933640 nmethod 1798 0x0000021c8dfe9510 code [0x0000021c8dfe96c0, 0x0000021c8dfe9908]
Event: 1.445 Thread 0x0000021c8a152730 1799   !   4       jdk.internal.loader.URLClassPath$JarLoader::ensureOpen (36 bytes)
Event: 1.446 Thread 0x0000021ca4933640 1800       3       java.lang.invoke.MethodHandleNatives::isCallerSensitive (29 bytes)
Event: 1.447 Thread 0x0000021ca4933640 nmethod 1800 0x0000021c8dfe9a10 code [0x0000021c8dfe9c00, 0x0000021c8dfea188]
Event: 1.447 Thread 0x0000021ca4933640 1801       3       java.lang.invoke.MethodHandleNatives::canBeCalledVirtual (94 bytes)
Event: 1.447 Thread 0x0000021ca4933640 nmethod 1801 0x0000021c8dfea390 code [0x0000021c8dfea5a0, 0x0000021c8dfeab38]
Event: 1.449 Thread 0x0000021ca564f140 1802  s!   4       jdk.internal.loader.URLClassPath::getLoader (194 bytes)
Event: 1.453 Thread 0x0000021ca4929c20 1803       4       java.util.HashMap::putVal (300 bytes)
Event: 1.454 Thread 0x0000021ca4933640 1804       3       java.lang.invoke.MethodHandleNatives::refKindHasReceiver (33 bytes)
Event: 1.454 Thread 0x0000021ca4933640 nmethod 1804 0x0000021c8dfead10 code [0x0000021c8dfeaea0, 0x0000021c8dfeaff8]

GC Heap History (6 events):
Event: 0.711 GC heap before
{Heap before GC invocations=0 (full 0):
 garbage-first heap   total 129024K, used 24576K [0x0000000082a00000, 0x0000000100000000)
  region size 1024K, 23 young (23552K), 0 survivors (0K)
 Metaspace       used 12299K, committed 12416K, reserved 1064960K
  class space    used 1147K, committed 1216K, reserved 1048576K
}
Event: 0.717 GC heap after
{Heap after GC invocations=1 (full 0):
 garbage-first heap   total 129024K, used 8411K [0x0000000082a00000, 0x0000000100000000)
  region size 1024K, 3 young (3072K), 3 survivors (3072K)
 Metaspace       used 12299K, committed 12416K, reserved 1064960K
  class space    used 1147K, committed 1216K, reserved 1048576K
}
Event: 1.177 GC heap before
{Heap before GC invocations=1 (full 0):
 garbage-first heap   total 129024K, used 32987K [0x0000000082a00000, 0x0000000100000000)
  region size 1024K, 27 young (27648K), 3 survivors (3072K)
 Metaspace       used 18540K, committed 18752K, reserved 1073152K
  class space    used 1826K, committed 1920K, reserved 1048576K
}
Event: 1.184 GC heap after
{Heap after GC invocations=2 (full 0):
 garbage-first heap   total 129024K, used 10801K [0x0000000082a00000, 0x0000000100000000)
  region size 1024K, 3 young (3072K), 3 survivors (3072K)
 Metaspace       used 18540K, committed 18752K, reserved 1073152K
  class space    used 1826K, committed 1920K, reserved 1048576K
}
Event: 1.394 GC heap before
{Heap before GC invocations=2 (full 0):
 garbage-first heap   total 129024K, used 22065K [0x0000000082a00000, 0x0000000100000000)
  region size 1024K, 15 young (15360K), 3 survivors (3072K)
 Metaspace       used 21101K, committed 21248K, reserved 1073152K
  class space    used 2159K, committed 2240K, reserved 1048576K
}
Event: 1.399 GC heap after
{Heap after GC invocations=3 (full 0):
 garbage-first heap   total 129024K, used 11899K [0x0000000082a00000, 0x0000000100000000)
  region size 1024K, 4 young (4096K), 4 survivors (4096K)
 Metaspace       used 21101K, committed 21248K, reserved 1073152K
  class space    used 2159K, committed 2240K, reserved 1048576K
}

Deoptimization events (20 events):
Event: 1.358 Thread 0x0000021c8a1516b0 Uncommon trap: trap_request=0xffffff45 fr.pc=0x0000021c95220d30 relative=0x0000000000000550
Event: 1.358 Thread 0x0000021c8a1516b0 Uncommon trap: reason=unstable_if action=reinterpret pc=0x0000021c95220d30 method=java.lang.String.regionMatches(ZILjava/lang/String;II)Z @ 21 c2
Event: 1.358 Thread 0x0000021c8a1516b0 DEOPT PACKING pc=0x0000021c95220d30 sp=0x00000084680fd180
Event: 1.358 Thread 0x0000021c8a1516b0 DEOPT UNPACKING pc=0x0000021c8d70d72e sp=0x00000084680fd128 mode 2
Event: 1.441 Thread 0x0000021c8a1516b0 Uncommon trap: trap_request=0xffffffc6 fr.pc=0x0000021c951f3ee8 relative=0x0000000000001428
Event: 1.441 Thread 0x0000021c8a1516b0 Uncommon trap: reason=bimorphic_or_optimized_type_check action=maybe_recompile pc=0x0000021c951f3ee8 method=java.util.HashMap.putVal(ILjava/lang/Object;Ljava/lang/Object;ZZ)Ljava/lang/Object; @ 56 c2
Event: 1.441 Thread 0x0000021c8a1516b0 DEOPT PACKING pc=0x0000021c951f3ee8 sp=0x00000084680fc6e0
Event: 1.441 Thread 0x0000021c8a1516b0 DEOPT UNPACKING pc=0x0000021c8d70d72e sp=0x00000084680fc668 mode 2
Event: 1.441 Thread 0x0000021c8a1516b0 Uncommon trap: trap_request=0xffffffc6 fr.pc=0x0000021c951f3ee8 relative=0x0000000000001428
Event: 1.441 Thread 0x0000021c8a1516b0 Uncommon trap: reason=bimorphic_or_optimized_type_check action=maybe_recompile pc=0x0000021c951f3ee8 method=java.util.HashMap.putVal(ILjava/lang/Object;Ljava/lang/Object;ZZ)Ljava/lang/Object; @ 56 c2
Event: 1.441 Thread 0x0000021c8a1516b0 DEOPT PACKING pc=0x0000021c951f3ee8 sp=0x00000084680fc6e0
Event: 1.441 Thread 0x0000021c8a1516b0 DEOPT UNPACKING pc=0x0000021c8d70d72e sp=0x00000084680fc668 mode 2
Event: 1.441 Thread 0x0000021c8a1516b0 Uncommon trap: trap_request=0xffffffc6 fr.pc=0x0000021c951f3ee8 relative=0x0000000000001428
Event: 1.441 Thread 0x0000021c8a1516b0 Uncommon trap: reason=bimorphic_or_optimized_type_check action=maybe_recompile pc=0x0000021c951f3ee8 method=java.util.HashMap.putVal(ILjava/lang/Object;Ljava/lang/Object;ZZ)Ljava/lang/Object; @ 56 c2
Event: 1.441 Thread 0x0000021c8a1516b0 DEOPT PACKING pc=0x0000021c951f3ee8 sp=0x00000084680fc6e0
Event: 1.441 Thread 0x0000021c8a1516b0 DEOPT UNPACKING pc=0x0000021c8d70d72e sp=0x00000084680fc668 mode 2
Event: 1.441 Thread 0x0000021c8a1516b0 Uncommon trap: trap_request=0xffffffc6 fr.pc=0x0000021c951f3ee8 relative=0x0000000000001428
Event: 1.441 Thread 0x0000021c8a1516b0 Uncommon trap: reason=bimorphic_or_optimized_type_check action=maybe_recompile pc=0x0000021c951f3ee8 method=java.util.HashMap.putVal(ILjava/lang/Object;Ljava/lang/Object;ZZ)Ljava/lang/Object; @ 56 c2
Event: 1.441 Thread 0x0000021c8a1516b0 DEOPT PACKING pc=0x0000021c951f3ee8 sp=0x00000084680fc6e0
Event: 1.441 Thread 0x0000021c8a1516b0 DEOPT UNPACKING pc=0x0000021c8d70d72e sp=0x00000084680fc668 mode 2

Classes unloaded (0 events):
No events

Classes redefined (0 events):
No events

Internal exceptions (20 events):
Event: 0.625 Thread 0x0000021c8a1516b0 Exception <a 'java/lang/NoSuchMethodError'{0x00000000893f2730}: 'java.lang.Object java.lang.invoke.DirectMethodHandle$Holder.invokeStaticInit(java.lang.Object, int, int, int, int)'> (0x00000000893f2730) 
thrown [t:\workspace\open\src\hotspot\share\interpreter\linkResolver.cpp, line 790]
Event: 0.676 Thread 0x0000021c8a1516b0 Exception <a 'java/lang/NoSuchMethodError'{0x0000000089294fb8}: 'java.lang.Object java.lang.invoke.DirectMethodHandle$Holder.invokeStaticInit(java.lang.Object, java.lang.Object, int, int, int, int)'> (0x0000000089294fb8) 
thrown [t:\workspace\open\src\hotspot\share\interpreter\linkResolver.cpp, line 790]
Event: 0.748 Thread 0x0000021c8a1516b0 Exception <a 'java/lang/NoSuchMethodError'{0x000000008a500550}: 'int java.lang.invoke.DirectMethodHandle$Holder.invokeVirtual(java.lang.Object, java.lang.Object)'> (0x000000008a500550) 
thrown [t:\workspace\open\src\hotspot\share\interpreter\linkResolver.cpp, line 790]
Event: 0.749 Thread 0x0000021c8a1516b0 Exception <a 'java/lang/NoSuchMethodError'{0x000000008a50a910}: 'java.lang.Object java.lang.invoke.Invokers$Holder.invokeExact_MT(java.lang.Object, java.lang.Object, java.lang.Object, java.lang.Object, java.lang.Object, java.lang.Object)'> (0x000000008a50a910) 
thrown [t:\workspace\open\src\hotspot\share\interpreter\linkResolver.cpp, line 790]
Event: 0.765 Thread 0x0000021c8a1516b0 Exception <a 'java/lang/NoSuchMethodError'{0x000000008a598c20}: 'int java.lang.invoke.DirectMethodHandle$Holder.invokeStaticInit(java.lang.Object, java.lang.Object, java.lang.Object)'> (0x000000008a598c20) 
thrown [t:\workspace\open\src\hotspot\share\interpreter\linkResolver.cpp, line 790]
Event: 0.802 Thread 0x0000021c8a1516b0 Exception <a 'java/lang/NoSuchMethodError'{0x000000008a3016a8}: 'java.lang.Object java.lang.invoke.DirectMethodHandle$Holder.invokeSpecial(java.lang.Object, java.lang.Object, java.lang.Object, java.lang.Object, java.lang.Object, java.lang.Object, java.lang.Object, java.lang.Object, java.lang.Object, java.lang.Object)'> (0x000000008a3016a8) 
thrown [t:\workspace\open\src\hotspot\share\interpreter\linkResolver.cpp, line 790]
Event: 0.803 Thread 0x0000021c8a1516b0 Exception <a 'java/lang/NoSuchMethodError'{0x000000008a30cf10}: 'java.lang.Object java.lang.invoke.DirectMethodHandle$Holder.newInvokeSpecial(java.lang.Object, java.lang.Object, java.lang.Object, java.lang.Object, java.lang.Object, java.lang.Object, java.lang.Object, java.lang.Object, java.lang.Object)'> (0x000000008a30cf10) 
thrown [t:\workspace\open\src\hotspot\share\interpreter\linkResolver.cpp, line 790]
Event: 0.803 Thread 0x0000021c8a1516b0 Exception <a 'java/lang/NoSuchMethodError'{0x000000008a312370}: 'java.lang.Object java.lang.invoke.Invokers$Holder.linkToTargetMethod(java.lang.Object, java.lang.Object, java.lang.Object, java.lang.Object, java.lang.Object, java.lang.Object, java.lang.Object, java.lang.Object, java.lang.Object)'> (0x000000008a312370) 
thrown [t:\workspace\open\src\hotspot\share\interpreter\linkResolver.cpp, line 790]
Event: 0.813 Thread 0x0000021c8a1516b0 Exception <a 'java/lang/NoSuchMethodError'{0x000000008a385b20}: 'java.lang.Object java.lang.invoke.DirectMethodHandle$Holder.newInvokeSpecial(java.lang.Object, java.lang.Object, java.lang.Object, java.lang.Object, java.lang.Object, java.lang.Object, java.lang.Object)'> (0x000000008a385b20) 
thrown [t:\workspace\open\src\hotspot\share\interpreter\linkResolver.cpp, line 790]
Event: 0.814 Thread 0x0000021c8a1516b0 Exception <a 'java/lang/NoSuchMethodError'{0x000000008a38a988}: 'java.lang.Object java.lang.invoke.Invokers$Holder.linkToTargetMethod(java.lang.Object, java.lang.Object, java.lang.Object, java.lang.Object, java.lang.Object, java.lang.Object, java.lang.Object)'> (0x000000008a38a988) 
thrown [t:\workspace\open\src\hotspot\share\interpreter\linkResolver.cpp, line 790]
Event: 0.815 Thread 0x0000021c8a1516b0 Exception <a 'java/lang/NoSuchMethodError'{0x000000008a398400}: 'void java.lang.invoke.DirectMethodHandle$Holder.invokeStatic(java.lang.Object, java.lang.Object, java.lang.Object, java.lang.Object)'> (0x000000008a398400) 
thrown [t:\workspace\open\src\hotspot\share\interpreter\linkResolver.cpp, line 790]
Event: 0.930 Thread 0x0000021c8a1516b0 Exception <a 'java/lang/NoSuchMethodError'{0x0000000089ddab40}: 'void java.lang.invoke.DirectMethodHandle$Holder.invokeVirtual(java.lang.Object, java.lang.Object, java.lang.Object, java.lang.Object)'> (0x0000000089ddab40) 
thrown [t:\workspace\open\src\hotspot\share\interpreter\linkResolver.cpp, line 790]
Event: 0.940 Thread 0x0000021c8a1516b0 Exception <a 'java/lang/NoSuchMethodError'{0x0000000089c19640}: 'void java.lang.invoke.DirectMethodHandle$Holder.invokeStatic(java.lang.Object, java.lang.Object, java.lang.Object, int)'> (0x0000000089c19640) 
thrown [t:\workspace\open\src\hotspot\share\interpreter\linkResolver.cpp, line 790]
Event: 0.940 Thread 0x0000021c8a1516b0 Exception <a 'java/lang/NoSuchMethodError'{0x0000000089c1d230}: 'void java.lang.invoke.DirectMethodHandle$Holder.invokeStaticInit(java.lang.Object, java.lang.Object, java.lang.Object, int)'> (0x0000000089c1d230) 
thrown [t:\workspace\open\src\hotspot\share\interpreter\linkResolver.cpp, line 790]
Event: 0.963 Thread 0x0000021c8a1516b0 Exception <a 'java/lang/NoSuchMethodError'{0x0000000089cb5278}: 'void java.lang.invoke.DirectMethodHandle$Holder.invokeInterface(java.lang.Object, java.lang.Object, java.lang.Object)'> (0x0000000089cb5278) 
thrown [t:\workspace\open\src\hotspot\share\interpreter\linkResolver.cpp, line 790]
Event: 1.101 Thread 0x0000021c8a1516b0 Implicit null exception at 0x0000021c951f5e80 to 0x0000021c951f74e4
Event: 1.121 Thread 0x0000021c8a1516b0 Exception <a 'java/lang/NoSuchMethodError'{0x000000008936c170}: 'java.lang.Object java.lang.invoke.DirectMethodHandle$Holder.invokeInterface(java.lang.Object, java.lang.Object)'> (0x000000008936c170) 
thrown [t:\workspace\open\src\hotspot\share\interpreter\linkResolver.cpp, line 790]
Event: 1.154 Thread 0x0000021c8a1516b0 Exception <a 'java/lang/NoSuchMethodError'{0x000000008918c190}: 'void java.lang.invoke.DirectMethodHandle$Holder.invokeSpecial(java.lang.Object, java.lang.Object, java.lang.Object, java.lang.Object, java.lang.Object)'> (0x000000008918c190) 
thrown [t:\workspace\open\src\hotspot\share\interpreter\linkResolver.cpp, line 790]
Event: 1.159 Thread 0x0000021c8a1516b0 Exception <a 'java/lang/NoSuchMethodError'{0x00000000891af678}: 'void java.lang.invoke.DirectMethodHandle$Holder.invokeVirtual(java.lang.Object, java.lang.Object)'> (0x00000000891af678) 
thrown [t:\workspace\open\src\hotspot\share\interpreter\linkResolver.cpp, line 790]
Event: 1.439 Thread 0x0000021c8a1516b0 Exception <a 'java/net/SocketException'{0x0000000085015690}: Socket is not connected: shutdown> (0x0000000085015690) 
thrown [t:\workspace\open\src\hotspot\share\prims\jni.cpp, line 600]

Events (20 events):
Event: 1.447 loading class java/util/concurrent/ThreadPoolExecutor
Event: 1.447 loading class java/util/concurrent/AbstractExecutorService
Event: 1.447 loading class java/util/concurrent/AbstractExecutorService done
Event: 1.447 loading class java/util/concurrent/ThreadPoolExecutor done
Event: 1.448 loading class java/util/concurrent/ThreadPoolExecutor$AbortPolicy
Event: 1.448 loading class java/util/concurrent/RejectedExecutionHandler
Event: 1.448 loading class java/util/concurrent/RejectedExecutionHandler done
Event: 1.448 loading class java/util/concurrent/ThreadPoolExecutor$AbortPolicy done
Event: 1.448 loading class java/util/concurrent/LinkedBlockingQueue
Event: 1.448 loading class java/util/AbstractQueue
Event: 1.448 loading class java/util/AbstractQueue done
Event: 1.448 loading class java/util/concurrent/LinkedBlockingQueue done
Event: 1.448 loading class java/util/concurrent/locks/AbstractQueuedSynchronizer$ConditionObject
Event: 1.448 loading class java/util/concurrent/locks/Condition
Event: 1.448 loading class java/util/concurrent/locks/Condition done
Event: 1.448 loading class java/util/concurrent/locks/AbstractQueuedSynchronizer$ConditionObject done
Event: 1.448 loading class java/util/concurrent/LinkedBlockingQueue$Node
Event: 1.448 loading class java/util/concurrent/LinkedBlockingQueue$Node done
Event: 1.453 loading class java/util/Spliterators$IteratorSpliterator
Event: 1.453 loading class java/util/Spliterators$IteratorSpliterator done


Dynamic libraries:
0x00007ff793670000 - 0x00007ff79367e000 	C:\Users\vadap\Downloads\sts-4.11.1.RELEASE\plugins\org.eclipse.justj.openjdk.hotspot.jre.full.win32.x86_64_16.0.2.v20210721-1149\jre\bin\javaw.exe
0x00007ffc77130000 - 0x00007ffc77325000 	C:\WINDOWS\SYSTEM32\ntdll.dll
0x00007ffc75a20000 - 0x00007ffc75ade000 	C:\WINDOWS\System32\KERNEL32.DLL
0x00007ffc74b40000 - 0x00007ffc74e09000 	C:\WINDOWS\System32\KERNELBASE.dll
0x00007ffc74a40000 - 0x00007ffc74b40000 	C:\WINDOWS\System32\ucrtbase.dll
0x00007ffc72970000 - 0x00007ffc72988000 	C:\Users\vadap\Downloads\sts-4.11.1.RELEASE\plugins\org.eclipse.justj.openjdk.hotspot.jre.full.win32.x86_64_16.0.2.v20210721-1149\jre\bin\jli.dll
0x00007ffc72990000 - 0x00007ffc729a9000 	C:\Users\vadap\Downloads\sts-4.11.1.RELEASE\plugins\org.eclipse.justj.openjdk.hotspot.jre.full.win32.x86_64_16.0.2.v20210721-1149\jre\bin\VCRUNTIME140.dll
0x00007ffc75ce0000 - 0x00007ffc75e81000 	C:\WINDOWS\System32\USER32.dll
0x00007ffc749b0000 - 0x00007ffc749d2000 	C:\WINDOWS\System32\win32u.dll
0x00007ffc73c50000 - 0x00007ffc73eea000 	C:\WINDOWS\WinSxS\amd64_microsoft.windows.common-controls_6595b64144ccf1df_6.0.19041.1110_none_60b5254171f9507e\COMCTL32.dll
0x00007ffc75660000 - 0x00007ffc7568b000 	C:\WINDOWS\System32\GDI32.dll
0x00007ffc77040000 - 0x00007ffc770de000 	C:\WINDOWS\System32\msvcrt.dll
0x00007ffc74850000 - 0x00007ffc7495b000 	C:\WINDOWS\System32\gdi32full.dll
0x00007ffc75050000 - 0x00007ffc750ed000 	C:\WINDOWS\System32\msvcp_win.dll
0x00007ffc75330000 - 0x00007ffc75360000 	C:\WINDOWS\System32\IMM32.DLL
0x00007ffc74260000 - 0x00007ffc7426c000 	C:\Users\vadap\Downloads\sts-4.11.1.RELEASE\plugins\org.eclipse.justj.openjdk.hotspot.jre.full.win32.x86_64_16.0.2.v20210721-1149\jre\bin\vcruntime140_1.dll
0x00007ffc40b90000 - 0x00007ffc40c21000 	C:\Users\vadap\Downloads\sts-4.11.1.RELEASE\plugins\org.eclipse.justj.openjdk.hotspot.jre.full.win32.x86_64_16.0.2.v20210721-1149\jre\bin\msvcp140.dll
0x00007ffc17860000 - 0x00007ffc1840b000 	C:\Users\vadap\Downloads\sts-4.11.1.RELEASE\plugins\org.eclipse.justj.openjdk.hotspot.jre.full.win32.x86_64_16.0.2.v20210721-1149\jre\bin\server\jvm.dll
0x00007ffc75360000 - 0x00007ffc7540c000 	C:\WINDOWS\System32\ADVAPI32.dll
0x00007ffc75920000 - 0x00007ffc759bb000 	C:\WINDOWS\System32\sechost.dll
0x00007ffc761f0000 - 0x00007ffc7631a000 	C:\WINDOWS\System32\RPCRT4.dll
0x00007ffc770e0000 - 0x00007ffc770e8000 	C:\WINDOWS\System32\PSAPI.DLL
0x00007ffc582a0000 - 0x00007ffc582c7000 	C:\WINDOWS\SYSTEM32\WINMM.dll
0x00007ffc72350000 - 0x00007ffc7235a000 	C:\WINDOWS\SYSTEM32\VERSION.dll
0x00007ffc582d0000 - 0x00007ffc582d9000 	C:\WINDOWS\SYSTEM32\WSOCK32.dll
0x00007ffc75b40000 - 0x00007ffc75bab000 	C:\WINDOWS\System32\WS2_32.dll
0x00007ffc71b40000 - 0x00007ffc71b52000 	C:\WINDOWS\SYSTEM32\kernel.appcore.dll
0x00007ffc46e10000 - 0x00007ffc46e1a000 	C:\Users\vadap\Downloads\sts-4.11.1.RELEASE\plugins\org.eclipse.justj.openjdk.hotspot.jre.full.win32.x86_64_16.0.2.v20210721-1149\jre\bin\jimage.dll
0x00007ffc74270000 - 0x00007ffc74454000 	C:\WINDOWS\SYSTEM32\DBGHELP.DLL
0x00007ffc741c0000 - 0x00007ffc741ec000 	C:\WINDOWS\SYSTEM32\dbgcore.DLL
0x00007ffc750f0000 - 0x00007ffc75173000 	C:\WINDOWS\System32\bcryptPrimitives.dll
0x00007ffc17810000 - 0x00007ffc17835000 	C:\Users\vadap\Downloads\sts-4.11.1.RELEASE\plugins\org.eclipse.justj.openjdk.hotspot.jre.full.win32.x86_64_16.0.2.v20210721-1149\jre\bin\java.dll
0x00007ffc177f0000 - 0x00007ffc17808000 	C:\Users\vadap\Downloads\sts-4.11.1.RELEASE\plugins\org.eclipse.justj.openjdk.hotspot.jre.full.win32.x86_64_16.0.2.v20210721-1149\jre\bin\zip.dll
0x00007ffc76320000 - 0x00007ffc76a5f000 	C:\WINDOWS\System32\SHELL32.dll
0x00007ffc71b60000 - 0x00007ffc722f0000 	C:\WINDOWS\SYSTEM32\windows.storage.dll
0x00007ffc75e90000 - 0x00007ffc761e5000 	C:\WINDOWS\System32\combase.dll
0x00007ffc73bb0000 - 0x00007ffc73bdc000 	C:\WINDOWS\SYSTEM32\Wldp.dll
0x00007ffc75690000 - 0x00007ffc7573e000 	C:\WINDOWS\System32\SHCORE.dll
0x00007ffc75740000 - 0x00007ffc75795000 	C:\WINDOWS\System32\shlwapi.dll
0x00007ffc74790000 - 0x00007ffc747af000 	C:\WINDOWS\SYSTEM32\profapi.dll
0x00007ffc72be0000 - 0x00007ffc72bf9000 	C:\Users\vadap\Downloads\sts-4.11.1.RELEASE\plugins\org.eclipse.justj.openjdk.hotspot.jre.full.win32.x86_64_16.0.2.v20210721-1149\jre\bin\net.dll
0x00007ffc6ba60000 - 0x00007ffc6bb68000 	C:\WINDOWS\SYSTEM32\WINHTTP.dll
0x00007ffc73a80000 - 0x00007ffc73aea000 	C:\WINDOWS\system32\mswsock.dll
0x00007ffc695d0000 - 0x00007ffc695e3000 	C:\Users\vadap\Downloads\sts-4.11.1.RELEASE\plugins\org.eclipse.justj.openjdk.hotspot.jre.full.win32.x86_64_16.0.2.v20210721-1149\jre\bin\nio.dll
0x00007ffc73640000 - 0x00007ffc7370c000 	C:\WINDOWS\SYSTEM32\DNSAPI.dll
0x00007ffc73600000 - 0x00007ffc7363b000 	C:\WINDOWS\SYSTEM32\IPHLPAPI.DLL
0x00007ffc75430000 - 0x00007ffc75438000 	C:\WINDOWS\System32\NSI.dll
0x00007ffc68e20000 - 0x00007ffc68e2a000 	C:\Windows\System32\rasadhlp.dll
0x00007ffc686a0000 - 0x00007ffc6871f000 	C:\WINDOWS\System32\fwpuclnt.dll
0x00007ffc75020000 - 0x00007ffc75047000 	C:\WINDOWS\System32\bcrypt.dll
0x00007ffc745d0000 - 0x00007ffc745e8000 	C:\WINDOWS\SYSTEM32\CRYPTSP.dll
0x00007ffc732b0000 - 0x00007ffc732e4000 	C:\WINDOWS\system32\rsaenh.dll
0x00007ffc74710000 - 0x00007ffc7473e000 	C:\WINDOWS\SYSTEM32\USERENV.dll
0x00007ffc73b70000 - 0x00007ffc73b7c000 	C:\WINDOWS\SYSTEM32\CRYPTBASE.dll
0x00007ffc69040000 - 0x00007ffc69057000 	C:\WINDOWS\SYSTEM32\dhcpcsvc6.DLL
0x00007ffc68e60000 - 0x00007ffc68e7d000 	C:\WINDOWS\SYSTEM32\dhcpcsvc.DLL
0x00007ffc69590000 - 0x00007ffc695a0000 	C:\Users\vadap\Downloads\sts-4.11.1.RELEASE\plugins\org.eclipse.justj.openjdk.hotspot.jre.full.win32.x86_64_16.0.2.v20210721-1149\jre\bin\verify.dll

dbghelp: loaded successfully - version: 4.0.5 - missing functions: none
symbol engine: initialized successfully - sym options: 0x614 - pdb path: .;C:\Users\vadap\Downloads\sts-4.11.1.RELEASE\plugins\org.eclipse.justj.openjdk.hotspot.jre.full.win32.x86_64_16.0.2.v20210721-1149\jre\bin;C:\WINDOWS\SYSTEM32;C:\WINDOWS\WinSxS\amd64_microsoft.windows.common-controls_6595b64144ccf1df_6.0.19041.1110_none_60b5254171f9507e;C:\Users\vadap\Downloads\sts-4.11.1.RELEASE\plugins\org.eclipse.justj.openjdk.hotspot.jre.full.win32.x86_64_16.0.2.v20210721-1149\jre\bin\server

VM Arguments:
jvm_args: -ea -Dfile.encoding=Cp1252 -XX:+ShowCodeDetailsInExceptionMessages 
java_command: org.testng.remote.RemoteTestNG -serport 58975 -protocol json -d C:\Users\vadap\Documents\workspace-spring-tool-suite-4-4.11.1.RELEASE\easyMyTrip\test-output C:\Users\vadap\AppData\Local\Temp\testng-eclipse--1029428683\testng-customsuite.xml
java_class_path (initial): C:\Users\vadap\Downloads\sts-4.11.1.RELEASE\configuration\org.eclipse.osgi\583\0\.cp\lib\testng-remote.jar;C:\Users\vadap\Documents\workspace-spring-tool-suite-4-4.11.1.RELEASE\easyMyTrip\target\test-classes;C:\Users\vadap\Documents\workspace-spring-tool-suite-4-4.11.1.RELEASE\easyMyTrip\target\classes;C:\Users\vadap\.m2\repository\org\seleniumhq\selenium\selenium-java\4.0.0-rc-1\selenium-java-4.0.0-rc-1.jar;C:\Users\vadap\.m2\repository\org\seleniumhq\selenium\selenium-api\4.0.0-rc-1\selenium-api-4.0.0-rc-1.jar;C:\Users\vadap\.m2\repository\org\seleniumhq\selenium\selenium-chrome-driver\4.0.0-rc-1\selenium-chrome-driver-4.0.0-rc-1.jar;C:\Users\vadap\.m2\repository\com\google\auto\service\auto-service-annotations\1.0\auto-service-annotations-1.0.jar;C:\Users\vadap\.m2\repository\com\google\auto\service\auto-service\1.0\auto-service-1.0.jar;C:\Users\vadap\.m2\repository\com\google\auto\auto-common\1.0\auto-common-1.0.jar;C:\Users\vadap\.m2\repository\com\google\guava\guava\30.1.1-jre\guava-30.1.1-jre.jar;C:\Users\vadap\.m2\repository\com\google\guava\failureaccess\1.0.1\failureaccess-1.0.1.jar;C:\Users\vadap\.m2\repository\com\google\guava\listenablefuture\9999.0-empty-to-avoid-conflict-with-guava\listenablefuture-9999.0-empty-to-avoid-conflict-with-guava.jar;C:\Users\vadap\.m2\repository\com\google\code\findbugs\jsr305\3.0.2\jsr305-3.0.2.jar;C:\Users\vadap\.m2\repository\org\checkerframework\checker-qual\3.8.0\checker-qual-3.8.0.jar;C:\Users\vadap\.m2\repository\com\google\errorprone\error_prone_annotations\2.5.1\error_prone_annotations-2.5.1.jar;C:\Users\vadap\.m2\repository\com\google\j2objc\j2objc-annotations\1.3\j2objc-annotations-1.3.jar;C:\Users\vadap\.m2\repository\org\seleniumhq\selenium\selenium-chromium-driver\4.0.0-rc-1\selenium-chromium-driver-4.0.0-rc-1.jar;C:\Users\vadap\.m2\repository\org\seleniumhq\selenium\selenium-devtools\4.0.0-rc-1\selenium-devtools-4.0.0-rc-1.jar;C:\Users\vadap\.m2\repository\org\seleniumhq\selenium\
Launcher Type: SUN_STANDARD

[Global flags]
     intx CICompilerCount                          = 4                                         {product} {ergonomic}
     uint ConcGCThreads                            = 2                                         {product} {ergonomic}
     uint G1ConcRefinementThreads                  = 8                                         {product} {ergonomic}
   size_t G1HeapRegionSize                         = 1048576                                   {product} {ergonomic}
    uintx GCDrainStackTargetSize                   = 64                                        {product} {ergonomic}
   size_t InitialHeapSize                          = 132120576                                 {product} {ergonomic}
   size_t MarkStackSize                            = 4194304                                   {product} {ergonomic}
   size_t MaxHeapSize                              = 2103443456                                {product} {ergonomic}
   size_t MaxNewSize                               = 1261436928                                {product} {ergonomic}
   size_t MinHeapDeltaBytes                        = 1048576                                   {product} {ergonomic}
   size_t MinHeapSize                              = 8388608                                   {product} {ergonomic}
    uintx NonNMethodCodeHeapSize                   = 5839372                                {pd product} {ergonomic}
    uintx NonProfiledCodeHeapSize                  = 122909434                              {pd product} {ergonomic}
    uintx ProfiledCodeHeapSize                     = 122909434                              {pd product} {ergonomic}
    uintx ReservedCodeCacheSize                    = 251658240                              {pd product} {ergonomic}
     bool SegmentedCodeCache                       = true                                      {product} {ergonomic}
     bool ShowCodeDetailsInExceptionMessages       = true                                   {manageable} {command line}
   size_t SoftMaxHeapSize                          = 2103443456                             {manageable} {ergonomic}
     bool UseCompressedClassPointers               = true                           {product lp64_product} {ergonomic}
     bool UseCompressedOops                        = true                           {product lp64_product} {ergonomic}
     bool UseG1GC                                  = true                                      {product} {ergonomic}
     bool UseLargePagesIndividualAllocation        = false                                  {pd product} {ergonomic}

Logging:
Log output configuration:
 #0: stdout all=warning uptime,level,tags
 #1: stderr all=off uptime,level,tags

Environment Variables:
JAVA_HOME=C:\Program Files\Java\jdk-16.0.1
PATH=C:/Users/vadap/Downloads/sts-4.11.1.RELEASE//plugins/org.eclipse.justj.openjdk.hotspot.jre.full.win32.x86_64_16.0.2.v20210721-1149/jre/bin/server;C:/Users/vadap/Downloads/sts-4.11.1.RELEASE//plugins/org.eclipse.justj.openjdk.hotspot.jre.full.win32.x86_64_16.0.2.v20210721-1149/jre/bin;C:\Users\vadap\AppData\Local\Microsoft\WindowsApps;C:\Users\vadap\AppData\Local\Programs\Microsoft VS Code\bin;C:\Users\vadap\AppData\Roaming\npm;C:\Users\vadap\flutter\bin;C:\Program Files\heroku\bin;%MAVEN_HOME%\bin;C:\Program Files\Git\bin;C:\Program Files\Java\jdk-16.0.1\bin;C:\Program Files\nodejs;C:\Windows\System32;C:\Program Files\Git\cmd;C:\Program Files\Git\git-cmd.exe;C:\Users\vadap\AppData\Local\Microsoft\WindowsApps;C:\Users\vadap\AppData\Local\Programs\Microsoft VS Code\bin;C:\Users\vadap\AppData\Roaming\npm;C:\Users\vadap\flutter\bin;C:\Program Files\heroku\bin;C:\Program Files\Git\bin;C:\Program Files\Java\jdk-16.0.1\bin;C:\Users\vadap\Downloads\apache-maven-3.8.2\bin;C:\Program Files\nodejs;C:\Windows\System32;C:\Program Files\Git\cmd;C:\Program Files\Git\git-cmd.exe;C:\Windows\System32\WindowsPowerShell\v1.0;C:\WINDOWS\System32\WindowsPowerShell\v1.0\;;C:\Users\vadap\Downloads\sts-4.11.1.RELEASE;
USERNAME=vadap
OS=Windows_NT
PROCESSOR_IDENTIFIER=Intel64 Family 6 Model 142 Stepping 12, GenuineIntel



---------------  S Y S T E M  ---------------

OS:
 Windows 10 , 64 bit Build 19041 (10.0.19041.1202)
OS uptime: 0 days 3:29 hours

CPU: total 8 (initial active 8) (4 cores per cpu, 2 threads per core) family 6 model 142 stepping 12 microcode 0xc0, cx8, cmov, fxsr, ht, mmx, 3dnowpref, sse, sse2, sse3, ssse3, sse4.1, sse4.2, popcnt, lzcnt, tsc, tscinvbit, avx, avx2, aes, erms, clmul, bmi1, bmi2, adx, fma, vzeroupper, clflush, clflushopt

Memory: 4k page, system-wide physical 8022M (2285M free)
TotalPageFile size 13910M (AvailPageFile size 4183M)
current process WorkingSet (physical memory assigned to process): 117M, peak: 135M
current process commit charge ("private bytes"): 181M, peak: 264M

vm_info: OpenJDK 64-Bit Server VM (16.0.2+7-67) for windows-amd64 JRE (16.0.2+7-67), built on Jun  8 2021 23:21:43 by "mach5one" with MS VC++ 16.7 (VS2019)

END.
