#
# A fatal error has been detected by the Java Runtime Environment:
#
#  EXCEPTION_ACCESS_VIOLATION (0xc0000005) at pc=0x00007ffc17b5ec21, pid=7744, tid=16280
#
# JRE version: OpenJDK Runtime Environment (16.0.2+7) (build 16.0.2+7-67)
# Java VM: OpenJDK 64-Bit Server VM (16.0.2+7-67, mixed mode, tiered, compressed oops, compressed class ptrs, g1 gc, windows-amd64)
# Problematic frame:
# V  [jvm.dll+0x2fec21]
#
# No core dump will be written. Minidumps are not enabled by default on client versions of Windows
#
# If you would like to submit a bug report, please visit:
#   https://bugreport.java.com/bugreport/crash.jsp
#

---------------  S U M M A R Y ------------

Command Line: -ea -Dfile.encoding=Cp1252 -XX:+ShowCodeDetailsInExceptionMessages org.testng.remote.RemoteTestNG -serport 56354 -protocol json -d C:\Users\vadap\Documents\workspace-spring-tool-suite-4-4.11.1.RELEASE\easyMyTrip\test-output C:\Users\vadap\AppData\Local\Temp\testng-eclipse--776997823\testng-customsuite.xml

Host: Intel(R) Core(TM) i5-10210U CPU @ 1.60GHz, 8 cores, 7G,  Windows 10 , 64 bit Build 19041 (10.0.19041.1202)
Time: Fri Oct  1 19:07:47 2021 India Standard Time elapsed time: 16.246848 seconds (0d 0h 0m 16s)

---------------  T H R E A D  ---------------

Current thread (0x0000027b5af53af0):  GCTaskThread "GC Thread#0" [stack: 0x000000e57a800000,0x000000e57a900000] [id=16280]

Stack: [0x000000e57a800000,0x000000e57a900000],  sp=0x000000e57a8ff9d0,  free space=1022k
Native frames: (J=compiled Java code, j=interpreted, Vv=VM code, C=native code)
V  [jvm.dll+0x2fec21]
V  [jvm.dll+0x2fb91e]
V  [jvm.dll+0x30e565]
V  [jvm.dll+0x1f4a94]
V  [jvm.dll+0x2fb89b]
V  [jvm.dll+0x1f7448]
V  [jvm.dll+0x30f3b4]
V  [jvm.dll+0x30f1c8]
V  [jvm.dll+0x2d6b14]
V  [jvm.dll+0x2d84ab]
V  [jvm.dll+0x7f7f0b]
V  [jvm.dll+0x7795aa]
V  [jvm.dll+0x667066]
C  [ucrtbase.dll+0x21bb2]
C  [KERNEL32.DLL+0x17034]
C  [ntdll.dll+0x52651]


siginfo: EXCEPTION_ACCESS_VIOLATION (0xc0000005), reading address 0x0000000000040000


Register to memory mapping:

RIP=0x00007ffc17b5ec21 jvm.dll
RAX=0x0000027b5af5122c points into unknown readable memory: 00 00 00 00
RBX=0x0000000085613f35 is pointing into object: java.lang.reflect.Constructor 
{0x0000000085613f20} - klass: 'java/lang/reflect/Constructor'
RCX=0x0 is NULL
RDX=0x0 is NULL
RSP=0x000000e57a8ff9d0 points into unknown readable memory: 0x0000000085910001 | 01 00 91 85 00 00 00 00
RBP=0x0000000000000807 is an unknown value
RSI=0x0000000085613f34 is pointing into object: java.lang.reflect.Constructor 
{0x0000000085613f20} - klass: 'java/lang/reflect/Constructor'
RDI=0x0000027b78074300 points into unknown readable memory: 0x00007ffc18148928 | 28 89 14 18 fc 7f 00 00
R8 =0x0000000085613f20 is an oop: java.lang.reflect.Constructor 
{0x0000000085613f20} - klass: 'java/lang/reflect/Constructor'
R9 =0x000000008302f2e8 is an oop: [Ljava.lang.Class; 
{0x000000008302f2e8} - klass: 'java/lang/Class'[]
 - length: 0
R10=0x0000000000040000 is an unknown value
R11=0x0000000085613f20 is an oop: java.lang.reflect.Constructor 
{0x0000000085613f20} - klass: 'java/lang/reflect/Constructor'
R12=0x0000027b5af268f8 points into unknown readable memory: 0x0c0586d79936729a | 9a 72 36 99 d7 86 05 0c
R13=0x00000000000003d8 is an unknown value
R14=0x0000000000000040 is an unknown value
R15=0x0 is NULL


Registers:
RAX=0x0000027b5af5122c, RBX=0x0000000085613f35, RCX=0x0000000000000000, RDX=0x0000000000000000
RSP=0x000000e57a8ff9d0, RBP=0x0000000000000807, RSI=0x0000000085613f34, RDI=0x0000027b78074300
R8 =0x0000000085613f20, R9 =0x000000008302f2e8, R10=0x0000000000040000, R11=0x0000000085613f20
R12=0x0000027b5af268f8, R13=0x00000000000003d8, R14=0x0000000000000040, R15=0x0000000000000000
RIP=0x00007ffc17b5ec21, EFLAGS=0x0000000000010246

Top of Stack: (sp=0x000000e57a8ff9d0)
0x000000e57a8ff9d0:   0000000085910001 0000000000000001
0x000000e57a8ff9e0:   0000027b5af20001 0000000000000001
0x000000e57a8ff9f0:   000000e57a8ffa70 0000000000000001
0x000000e57a8ffa00:   0000000000000008 0000027b760f1bb0
0x000000e57a8ffa10:   0000027b78070001 0000027b78fef3f0
0x000000e57a8ffa20:   0000027b78fef518 0000027b7c752830
0x000000e57a8ffa30:   0000027b7c7527c0 0000000000000020
0x000000e57a8ffa40:   0000027b78074300 00007ffc17b5b91e
0x000000e57a8ffa50:   0000000000000004 0000027b78fef3f0
0x000000e57a8ffa60:   0000027b78fe0000 00000000000003d8
0x000000e57a8ffa70:   0000000009aca5f3 00000007fa906df5
0x000000e57a8ffa80:   0000027b7c7527c0 0000027b78fef518
0x000000e57a8ffa90:   0000027b78fef518 00007ffc17b6e565
0x000000e57a8ffaa0:   0000000000000100 0000000085900001
0x000000e57a8ffab0:   0000027b760f0001 0000007e0bc8a309
0x000000e57a8ffac0:   0000027b7c752830 00007ffc17a54a94 

Instructions: (pc=0x00007ffc17b5ec21)
0x00007ffc17b5eb21:   0b fd ff ff 66 66 66 0f 1f 84 00 00 00 00 00 48
0x00007ffc17b5eb31:   8b 77 10 8b ae 80 00 00 00 8b cd 8b 86 00 01 00
0x00007ffc17b5eb41:   00 2b c8 81 e1 ff ff 01 00 41 3b ce 0f 86 16 03
0x00007ffc17b5eb51:   00 00 ff cd 81 e5 ff ff 01 00 89 ae 80 00 00 00
0x00007ffc17b5eb61:   e8 9a aa 35 00 8b 86 00 01 00 00 8b cd 48 8b 9e
0x00007ffc17b5eb71:   80 01 00 00 2b c8 81 e1 ff ff 01 00 8b d5 81 f9
0x00007ffc17b5eb81:   ff ff 01 00 48 8b 1c eb 41 0f 44 cf 85 c9 75 41
0x00007ffc17b5eb91:   48 8b 86 00 01 00 00 48 8b c8 48 89 44 24 28 48
0x00007ffc17b5eba1:   c1 e9 20 ff c1 89 6c 24 20 89 4c 24 24 3b e8 0f
0x00007ffc17b5ebb1:   85 a1 02 00 00 48 c1 e1 20 48 0b ca f0 48 0f b1
0x00007ffc17b5ebc1:   8e 00 01 00 00 0f 85 8b 02 00 00 8b 86 00 01 00
0x00007ffc17b5ebd1:   00 f6 c3 01 0f 84 44 01 00 00 8b 0d 57 24 77 00
0x00007ffc17b5ebe1:   48 8d 73 ff 48 8b 47 08 44 8b 16 49 d3 e2 4c 03
0x00007ffc17b5ebf1:   15 3a 24 77 00 8b 88 78 05 00 00 49 8b d2 48 8b
0x00007ffc17b5ec01:   80 68 05 00 00 48 d3 ea 0f b7 0c 50 66 89 8c 24
0x00007ffc17b5ec11:   90 00 00 00 66 c1 e9 08 84 c9 0f 88 0f ff ff ff
0x00007ffc17b5ec21:   4d 8b 02 41 0f b6 c0 24 03 3c 03 75 1e 44 38 3d
0x00007ffc17b5ec31:   2d 8d 7d 00 74 0f 41 0f b6 c0 24 07 3c 05 75 05
0x00007ffc17b5ec41:   4d 8b c7 eb 1f 49 83 e0 fc eb 19 0f b7 94 24 90
0x00007ffc17b5ec51:   00 00 00 4d 8b c8 4d 8b c2 48 8b cf e8 7e ee ff
0x00007ffc17b5ec61:   ff 4c 8b c0 8b 0d cd 23 77 00 49 8b d0 48 2b 15
0x00007ffc17b5ec71:   bb 23 77 00 48 d3 ea 89 16 49 8b d0 8b 0d 0d 96
0x00007ffc17b5ec81:   7d 00 48 33 d6 48 d3 ea 48 85 d2 0f 84 9e fe ff
0x00007ffc17b5ec91:   ff 48 8b 47 08 48 8b d6 8b 88 c0 01 00 00 48 8b
0x00007ffc17b5eca1:   80 b0 01 00 00 48 d3 ea 48 8b 0c d0 8b 81 cc 00
0x00007ffc17b5ecb1:   00 00 d1 e8 a8 01 0f 85 73 fe ff ff 48 8b 47 08
0x00007ffc17b5ecc1:   8b 88 78 05 00 00 48 8b 80 68 05 00 00 49 d3 e8
0x00007ffc17b5ecd1:   46 38 3c 40 0f 84 55 fe ff ff 48 8b 87 80 00 00
0x00007ffc17b5ece1:   00 48 c1 ee 09 48 8b 58 48 48 8b 50 40 48 03 de
0x00007ffc17b5ecf1:   48 2b da 48 39 9f d0 01 00 00 0f 84 2f fe ff ff
0x00007ffc17b5ed01:   44 38 7f 28 48 8d 4f 18 74 08 48 03 d3 e8 2d be
0x00007ffc17b5ed11:   3a 00 48 89 9f d0 01 00 00 e9 11 fe ff ff f6 c3 


Stack slot to memory mapping:
stack at sp + 0 slots: 0x0000000085910001 is pointing into object: java.util.concurrent.ForkJoinWorkerThread 
{0x000000008590ff18} - klass: 'java/util/concurrent/ForkJoinWorkerThread'
stack at sp + 1 slots: 0x0000000000000001 is an unknown value
stack at sp + 2 slots: 0x0000027b5af20001 points into unknown readable memory: 75 74 69 6c 2f 63 6f
stack at sp + 3 slots: 0x0000000000000001 is an unknown value
stack at sp + 4 slots: 0x000000e57a8ffa70 points into unknown readable memory: 0x0000000009aca5f3 | f3 a5 ac 09 00 00 00 00
stack at sp + 5 slots: 0x0000000000000001 is an unknown value
stack at sp + 6 slots: 0x0000000000000008 is an unknown value
stack at sp + 7 slots: 0x0000027b760f1bb0 points into unknown readable memory: 0x0000000900000008 | 08 00 00 00 09 00 00 00


---------------  P R O C E S S  ---------------

Threads class SMR info:
_java_thread_list=0x0000027b7b892ed0, length=30, elements={
0x0000027b5af15a50, 0x0000027b74cbe270, 0x0000027b75800300, 0x0000027b75830770,
0x0000027b75831370, 0x0000027b75835190, 0x0000027b75835b90, 0x0000027b758383f0,
0x0000027b75855f90, 0x0000027b758589e0, 0x0000027b759c9460, 0x0000027b759dbfb0,
0x0000027b76c7b5e0, 0x0000027b77670ad0, 0x0000027b7743c030, 0x0000027b79696a10,
0x0000027b774de040, 0x0000027b797aca60, 0x0000027b77539570, 0x0000027b77538ad0,
0x0000027b77539020, 0x0000027b77536050, 0x0000027b77537590, 0x0000027b77538030,
0x0000027b77538580, 0x0000027b77537ae0, 0x0000027b77536af0, 0x0000027b77537040,
0x0000027b7b898ce0, 0x0000027b7b898790
}

Java Threads: ( => current thread )
  0x0000027b5af15a50 JavaThread "Forwarding isElementDisplayed on session 11f32ef8043b4baee4a2c69bbde4a6bb to remote" [_thread_blocked, id=7188, stack(0x000000e57a700000,0x000000e57a800000)]
  0x0000027b74cbe270 JavaThread "Reference Handler" daemon [_thread_blocked, id=15992, stack(0x000000e57ae00000,0x000000e57af00000)]
  0x0000027b75800300 JavaThread "Finalizer" daemon [_thread_blocked, id=12260, stack(0x000000e57af00000,0x000000e57b000000)]
  0x0000027b75830770 JavaThread "Signal Dispatcher" daemon [_thread_blocked, id=14928, stack(0x000000e57b000000,0x000000e57b100000)]
  0x0000027b75831370 JavaThread "Attach Listener" daemon [_thread_blocked, id=15724, stack(0x000000e57b100000,0x000000e57b200000)]
  0x0000027b75835190 JavaThread "Service Thread" daemon [_thread_blocked, id=13264, stack(0x000000e57b200000,0x000000e57b300000)]
  0x0000027b75835b90 JavaThread "Monitor Deflation Thread" daemon [_thread_blocked, id=3788, stack(0x000000e57b300000,0x000000e57b400000)]
  0x0000027b758383f0 JavaThread "C2 CompilerThread0" daemon [_thread_blocked, id=1728, stack(0x000000e57b400000,0x000000e57b500000)]
  0x0000027b75855f90 JavaThread "C1 CompilerThread0" daemon [_thread_blocked, id=7600, stack(0x000000e57b500000,0x000000e57b600000)]
  0x0000027b758589e0 JavaThread "Sweeper thread" daemon [_thread_blocked, id=7344, stack(0x000000e57b600000,0x000000e57b700000)]
  0x0000027b759c9460 JavaThread "Notification Thread" daemon [_thread_blocked, id=9736, stack(0x000000e57b700000,0x000000e57b800000)]
  0x0000027b759dbfb0 JavaThread "Common-Cleaner" daemon [_thread_blocked, id=15800, stack(0x000000e57b900000,0x000000e57ba00000)]
  0x0000027b76c7b5e0 JavaThread "ReaderThread" [_thread_in_native, id=14904, stack(0x000000e57bc00000,0x000000e57bd00000)]
  0x0000027b77670ad0 JavaThread "ForkJoinPool.commonPool-worker-3" daemon [_thread_blocked, id=11144, stack(0x000000e57c600000,0x000000e57c700000)]
  0x0000027b7743c030 JavaThread "AsyncHttpClient-1-1" daemon [_thread_blocked, id=10340, stack(0x000000e57c700000,0x000000e57c800000)]
  0x0000027b79696a10 JavaThread "Exec Default Executor" daemon [_thread_in_native, id=15944, stack(0x000000e57c800000,0x000000e57c900000)]
  0x0000027b774de040 JavaThread "Driver Service Executor" daemon [_thread_blocked, id=2772, stack(0x000000e57c900000,0x000000e57ca00000)]
  0x0000027b797aca60 JavaThread "Driver Service Executor" daemon [_thread_blocked, id=11852, stack(0x000000e57ca00000,0x000000e57cb00000)]
  0x0000027b77539570 JavaThread "UrlChecker-2" daemon [_thread_blocked, id=15516, stack(0x000000e57cb00000,0x000000e57cc00000)]
  0x0000027b77538ad0 JavaThread "Exec Stream Pumper" daemon [_thread_in_native, id=13128, stack(0x000000e57cc00000,0x000000e57cd00000)]
  0x0000027b77539020 JavaThread "Exec Stream Pumper" daemon [_thread_in_native, id=9192, stack(0x000000e57cd00000,0x000000e57ce00000)]
  0x0000027b77536050 JavaThread "AsyncHttpClient-1-2" daemon [_thread_in_native, id=10648, stack(0x000000e57cf00000,0x000000e57d000000)]
  0x0000027b77537590 JavaThread "AsyncHttpClient-1-3" daemon [_thread_in_native, id=9180, stack(0x000000e57ba00000,0x000000e57bb00000)]
  0x0000027b77538030 JavaThread "AsyncHttpClient-1-4" daemon [_thread_in_native, id=2468, stack(0x000000e57bd00000,0x000000e57be00000)]
  0x0000027b77538580 JavaThread "ForkJoinPool.commonPool-worker-5" daemon [_thread_blocked, id=13756, stack(0x000000e57d100000,0x000000e57d200000)]
  0x0000027b77537ae0 JavaThread "ForkJoinPool.commonPool-worker-7" daemon [_thread_blocked, id=3124, stack(0x000000e57d200000,0x000000e57d300000)]
  0x0000027b77536af0 JavaThread "ForkJoinPool.commonPool-worker-9" daemon [_thread_blocked, id=10636, stack(0x000000e57d300000,0x000000e57d400000)]
  0x0000027b77537040 JavaThread "ForkJoinPool.commonPool-worker-11" daemon [_thread_blocked, id=16344, stack(0x000000e57d400000,0x000000e57d500000)]
  0x0000027b7b898ce0 JavaThread "ForkJoinPool.commonPool-worker-13" daemon [_thread_blocked, id=1432, stack(0x000000e57d500000,0x000000e57d600000)]
  0x0000027b7b898790 JavaThread "ForkJoinPool.commonPool-worker-15" daemon [_thread_blocked, id=14804, stack(0x000000e57d600000,0x000000e57d700000)]

Other Threads:
  0x0000027b74ca8510 VMThread "VM Thread" [stack: 0x000000e57ad00000,0x000000e57ae00000] [id=11368]
  0x0000027b759c9980 WatcherThread [stack: 0x000000e57b800000,0x000000e57b900000] [id=2804]
=>0x0000027b5af53af0 GCTaskThread "GC Thread#0" [stack: 0x000000e57a800000,0x000000e57a900000] [id=16280]
  0x0000027b77503f70 GCTaskThread "GC Thread#1" [stack: 0x000000e57be00000,0x000000e57bf00000] [id=14468]
  0x0000027b76b60480 GCTaskThread "GC Thread#2" [stack: 0x000000e57bf00000,0x000000e57c000000] [id=9292]
  0x0000027b76b60790 GCTaskThread "GC Thread#3" [stack: 0x000000e57c000000,0x000000e57c100000] [id=16368]
  0x0000027b76f78630 GCTaskThread "GC Thread#4" [stack: 0x000000e57c100000,0x000000e57c200000] [id=10044]
  0x0000027b775d8d70 GCTaskThread "GC Thread#5" [stack: 0x000000e57c200000,0x000000e57c300000] [id=14728]
  0x0000027b77bddfc0 GCTaskThread "GC Thread#6" [stack: 0x000000e57c300000,0x000000e57c400000] [id=9536]
  0x0000027b77bde2d0 GCTaskThread "GC Thread#7" [stack: 0x000000e57c400000,0x000000e57c500000] [id=15056]
  0x0000027b5af646f0 ConcurrentGCThread "G1 Main Marker" [stack: 0x000000e57a900000,0x000000e57aa00000] [id=8984]
  0x0000027b5af66990 ConcurrentGCThread "G1 Conc#0" [stack: 0x000000e57aa00000,0x000000e57ab00000] [id=15488]
  0x0000027b77bdca50 ConcurrentGCThread "G1 Conc#1" [stack: 0x000000e57c500000,0x000000e57c600000] [id=16192]
  0x0000027b5afddf00 ConcurrentGCThread "G1 Refine#0" [stack: 0x000000e57ab00000,0x000000e57ac00000] [id=6132]
  0x0000027b5afdea00 ConcurrentGCThread "G1 Service" [stack: 0x000000e57ac00000,0x000000e57ad00000] [id=1372]

Threads with active compile tasks:
C2 CompilerThread0    16330 3654       4       java.util.HashSet::contains (9 bytes)

VM state: at safepoint (normal execution)

VM Mutex/Monitor currently owned by a thread:  ([mutex/lock_event])
[0x0000027b5af120a0] Threads_lock - owner thread: 0x0000027b74ca8510
[0x0000027b5af114d0] Heap_lock - owner thread: 0x0000027b5af15a50

Heap address: 0x0000000082a00000, size: 2006 MB, Compressed Oops mode: 32-bit

CDS disabled.
Compressed class space mapped at: 0x0000000100000000-0x0000000140000000, reserved size: 1073741824
Narrow klass base: 0x0000000000000000, Narrow klass shift: 3, Narrow klass range: 0x140000000

GC Precious Log:
 CPUs: 8 total, 8 available
 Memory: 8022M
 Large Page Support: Disabled
 NUMA Support: Disabled
 Compressed Oops: Enabled (32-bit)
 Heap Region Size: 1M
 Heap Min Capacity: 8M
 Heap Initial Capacity: 126M
 Heap Max Capacity: 2006M
 Pre-touch: Disabled
 Parallel Workers: 8
 Concurrent Workers: 2
 Concurrent Refinement Workers: 8
 Periodic GC: Disabled

Heap:
 garbage-first heap   total 61440K, used 48388K [0x0000000082a00000, 0x0000000100000000)
  region size 1024K, 14 young (14336K), 1 survivors (1024K)
 Metaspace       used 38159K, committed 38400K, reserved 1089536K
  class space    used 4296K, committed 4416K, reserved 1048576K

Heap Regions: E=young(eden), S=young(survivor), O=old, HS=humongous(starts), HC=humongous(continues), CS=collection set, F=free, OA=open archive, CA=closed archive, TAMS=top-at-mark-start (previous, next)
|   0|0x0000000082a00000, 0x0000000082b00000, 0x0000000082b00000|100%|HS|  |TAMS 0x0000000082b00000, 0x0000000082b00000| Complete 
|   1|0x0000000082b00000, 0x0000000082c00000, 0x0000000082c00000|100%| O|  |TAMS 0x0000000082c00000, 0x0000000082c00000| Untracked 
|   2|0x0000000082c00000, 0x0000000082d00000, 0x0000000082d00000|100%| O|  |TAMS 0x0000000082d00000, 0x0000000082d00000| Untracked 
|   3|0x0000000082d00000, 0x0000000082e00000, 0x0000000082e00000|100%| O|  |TAMS 0x0000000082e00000, 0x0000000082e00000| Untracked 
|   4|0x0000000082e00000, 0x0000000082f00000, 0x0000000082f00000|100%| O|  |TAMS 0x0000000082f00000, 0x0000000082f00000| Untracked 
|   5|0x0000000082f00000, 0x0000000083000000, 0x0000000083000000|100%| O|  |TAMS 0x0000000083000000, 0x0000000083000000| Untracked 
|   6|0x0000000083000000, 0x0000000083100000, 0x0000000083100000|100%| O|  |TAMS 0x0000000083100000, 0x0000000083100000| Untracked 
|   7|0x0000000083100000, 0x0000000083200000, 0x0000000083200000|100%| O|  |TAMS 0x0000000083200000, 0x0000000083200000| Untracked 
|   8|0x0000000083200000, 0x0000000083215200, 0x0000000083300000|  8%| O|  |TAMS 0x0000000083215200, 0x0000000083215200| Untracked 
|   9|0x0000000083300000, 0x0000000083400000, 0x0000000083400000|100%| O|  |TAMS 0x0000000083400000, 0x0000000083400000| Untracked 
|  10|0x0000000083400000, 0x0000000083500000, 0x0000000083500000|100%| O|  |TAMS 0x0000000083500000, 0x0000000083500000| Untracked 
|  11|0x0000000083500000, 0x0000000083600000, 0x0000000083600000|100%| O|  |TAMS 0x0000000083600000, 0x0000000083600000| Untracked 
|  12|0x0000000083600000, 0x0000000083700000, 0x0000000083700000|100%| O|  |TAMS 0x0000000083700000, 0x0000000083700000| Untracked 
|  13|0x0000000083700000, 0x0000000083800000, 0x0000000083800000|100%| O|  |TAMS 0x0000000083800000, 0x0000000083800000| Untracked 
|  14|0x0000000083800000, 0x0000000083900000, 0x0000000083900000|100%| O|  |TAMS 0x0000000083900000, 0x0000000083900000| Untracked 
|  15|0x0000000083900000, 0x0000000083a00000, 0x0000000083a00000|100%| O|  |TAMS 0x0000000083900000, 0x0000000083998e00| Untracked 
|  16|0x0000000083a00000, 0x0000000083b00000, 0x0000000083b00000|100%| O|  |TAMS 0x0000000083a00000, 0x0000000083a00000| Untracked 
|  17|0x0000000083b00000, 0x0000000083b08010, 0x0000000083c00000|  3%| O|  |TAMS 0x0000000083b00000, 0x0000000083b00000| Untracked 
|  18|0x0000000083c00000, 0x0000000083c00000, 0x0000000083d00000|  0%| F|  |TAMS 0x0000000083c00000, 0x0000000083c00000| Untracked 
|  19|0x0000000083d00000, 0x0000000083e00000, 0x0000000083e00000|100%| O|  |TAMS 0x0000000083dcca00, 0x0000000083e00000| Untracked 
|  20|0x0000000083e00000, 0x0000000083f00000, 0x0000000083f00000|100%|HS|  |TAMS 0x0000000083f00000, 0x0000000083f00000| Complete 
|  21|0x0000000083f00000, 0x0000000084000000, 0x0000000084000000|100%|HC|  |TAMS 0x0000000084000000, 0x0000000084000000| Complete 
|  22|0x0000000084000000, 0x0000000084100000, 0x0000000084100000|100%|HC|  |TAMS 0x0000000084100000, 0x0000000084100000| Complete 
|  23|0x0000000084100000, 0x0000000084200000, 0x0000000084200000|100%|HC|  |TAMS 0x0000000084200000, 0x0000000084200000| Complete 
|  24|0x0000000084200000, 0x0000000084300000, 0x0000000084300000|100%|HC|  |TAMS 0x0000000084300000, 0x0000000084300000| Complete 
|  25|0x0000000084300000, 0x0000000084400000, 0x0000000084400000|100%|HC|  |TAMS 0x0000000084400000, 0x0000000084400000| Complete 
|  26|0x0000000084400000, 0x0000000084500000, 0x0000000084500000|100%|HC|  |TAMS 0x0000000084500000, 0x0000000084500000| Complete 
|  27|0x0000000084500000, 0x0000000084600000, 0x0000000084600000|100%|HC|  |TAMS 0x0000000084600000, 0x0000000084600000| Complete 
|  28|0x0000000084600000, 0x0000000084700000, 0x0000000084700000|100%|HC|  |TAMS 0x0000000084700000, 0x0000000084700000| Complete 
|  29|0x0000000084700000, 0x0000000084800000, 0x0000000084800000|100%|HC|  |TAMS 0x0000000084800000, 0x0000000084800000| Complete 
|  30|0x0000000084800000, 0x0000000084900000, 0x0000000084900000|100%|HC|  |TAMS 0x0000000084900000, 0x0000000084900000| Complete 
|  31|0x0000000084900000, 0x0000000084a00000, 0x0000000084a00000|100%|HC|  |TAMS 0x0000000084a00000, 0x0000000084a00000| Complete 
|  32|0x0000000084a00000, 0x0000000084b00000, 0x0000000084b00000|100%|HC|  |TAMS 0x0000000084b00000, 0x0000000084b00000| Complete 
|  33|0x0000000084b00000, 0x0000000084c00000, 0x0000000084c00000|100%|HC|  |TAMS 0x0000000084c00000, 0x0000000084c00000| Complete 
|  34|0x0000000084c00000, 0x0000000084d00000, 0x0000000084d00000|100%|HC|  |TAMS 0x0000000084d00000, 0x0000000084d00000| Complete 
|  35|0x0000000084d00000, 0x0000000084e00000, 0x0000000084e00000|100%|HC|  |TAMS 0x0000000084e00000, 0x0000000084e00000| Complete 
|  36|0x0000000084e00000, 0x0000000084f00000, 0x0000000084f00000|100%|HC|  |TAMS 0x0000000084f00000, 0x0000000084f00000| Complete 
|  37|0x0000000084f00000, 0x0000000084f00000, 0x0000000085000000|  0%| F|  |TAMS 0x0000000084f00000, 0x0000000084f00000| Untracked 
|  38|0x0000000085000000, 0x0000000085000000, 0x0000000085100000|  0%| F|  |TAMS 0x0000000085000000, 0x0000000085000000| Untracked 
|  39|0x0000000085100000, 0x0000000085100000, 0x0000000085200000|  0%| F|  |TAMS 0x0000000085100000, 0x0000000085100000| Untracked 
|  40|0x0000000085200000, 0x0000000085200000, 0x0000000085300000|  0%| F|  |TAMS 0x0000000085200000, 0x0000000085200000| Untracked 
|  41|0x0000000085300000, 0x0000000085300000, 0x0000000085400000|  0%| F|  |TAMS 0x0000000085300000, 0x0000000085300000| Untracked 
|  42|0x0000000085400000, 0x0000000085400000, 0x0000000085500000|  0%| F|  |TAMS 0x0000000085400000, 0x0000000085400000| Untracked 
|  43|0x0000000085500000, 0x0000000085500000, 0x0000000085600000|  0%| F|  |TAMS 0x0000000085500000, 0x0000000085500000| Untracked 
|  44|0x0000000085600000, 0x000000008566eed0, 0x0000000085700000| 43%| S|  |TAMS 0x0000000085600000, 0x0000000085600000| Complete 
|  45|0x0000000085700000, 0x0000000085800000, 0x0000000085800000|100%| E|CS|TAMS 0x0000000085700000, 0x0000000085800000| Complete 
|  46|0x0000000085800000, 0x0000000085893190, 0x0000000085900000| 57%| E|CS|TAMS 0x0000000085800000, 0x0000000085893190| Complete 
|  47|0x0000000085900000, 0x0000000085a00000, 0x0000000085a00000|100%| E|CS|TAMS 0x0000000085900000, 0x0000000085a00000| Complete 
|  48|0x0000000085a00000, 0x0000000085b00000, 0x0000000085b00000|100%| E|CS|TAMS 0x0000000085a00000, 0x0000000085b00000| Complete 
|  49|0x0000000085b00000, 0x0000000085c00000, 0x0000000085c00000|100%| E|CS|TAMS 0x0000000085b00000, 0x0000000085c00000| Complete 
|  50|0x0000000085c00000, 0x0000000085d00000, 0x0000000085d00000|100%| E|CS|TAMS 0x0000000085c00000, 0x0000000085d00000| Complete 
|  51|0x0000000085d00000, 0x0000000085e00000, 0x0000000085e00000|100%| E|CS|TAMS 0x0000000085d00000, 0x0000000085e00000| Complete 
|  52|0x0000000085e00000, 0x0000000085f00000, 0x0000000085f00000|100%| E|CS|TAMS 0x0000000085e00000, 0x0000000085f00000| Complete 
|  53|0x0000000085f00000, 0x0000000086000000, 0x0000000086000000|100%| E|CS|TAMS 0x0000000085f00000, 0x0000000086000000| Complete 
|  54|0x0000000086000000, 0x0000000086100000, 0x0000000086100000|100%| E|CS|TAMS 0x0000000086000000, 0x0000000086100000| Complete 
| 112|0x0000000089a00000, 0x0000000089b00000, 0x0000000089b00000|100%| E|CS|TAMS 0x0000000089a00000, 0x0000000089b00000| Complete 
| 113|0x0000000089b00000, 0x0000000089c00000, 0x0000000089c00000|100%| E|CS|TAMS 0x0000000089b00000, 0x0000000089c00000| Complete 
| 114|0x0000000089c00000, 0x0000000089d00000, 0x0000000089d00000|100%| E|CS|TAMS 0x0000000089c00000, 0x0000000089d00000| Complete 
| 115|0x0000000089d00000, 0x0000000089e00000, 0x0000000089e00000|100%| E|CS|TAMS 0x0000000089d00000, 0x0000000089e00000| Complete 
| 125|0x000000008a700000, 0x000000008a800000, 0x000000008a800000|100%| E|CS|TAMS 0x000000008a700000, 0x000000008a800000| Complete 

Card table byte_map: [0x0000027b6dba0000,0x0000027b6df90000] _byte_map_base: 0x0000027b6d78b000

Marking Bits (Prev, Next): (CMBitMap*) 0x0000027b5af541e0, (CMBitMap*) 0x0000027b5af54220
 Prev Bits: [0x0000027b6e380000, 0x0000027b702d8000)
 Next Bits: [0x0000027b702e0000, 0x0000027b72238000)

Polling page: 0x0000027b58e40000

Metaspace:

Usage:
  Non-class:     33.07 MB used.
      Class:      4.20 MB used.
       Both:     37.27 MB used.

Virtual space:
  Non-class space:       40.00 MB reserved,      33.19 MB ( 83%) committed,  5 nodes.
      Class space:        1.00 GB reserved,       4.31 MB ( <1%) committed,  1 nodes.
              Both:        1.04 GB reserved,      37.50 MB (  4%) committed. 

Chunk freelists:
   Non-Class:  2.63 MB
       Class:  3.64 MB
        Both:  6.27 MB

MaxMetaspaceSize: 17179869184.00 GB
CompressedClassSpaceSize: 1.00 GB
 - commit_granule_bytes: 65536.
 - commit_granule_words: 8192.
 - virtual_space_node_default_size: 1048576.
 - enlarge_chunks_in_place: 1.
 - new_chunks_are_fully_committed: 0.
 - uncommit_free_chunks: 1.
 - use_allocation_guard: 0.
 - handle_deallocations: 1.


Internal statistics:

num_allocs_failed_limit: 6.
num_arena_births: 236.
num_arena_deaths: 0.
num_vsnodes_births: 6.
num_vsnodes_deaths: 0.
num_space_committed: 600.
num_space_uncommitted: 0.
num_chunks_returned_to_freelist: 6.
num_chunks_taken_from_freelist: 1078.
num_chunk_merges: 6.
num_chunk_splits: 743.
num_chunks_enlarged: 580.
num_purges: 0.

CodeHeap 'non-profiled nmethods': size=120000Kb used=1599Kb max_used=1599Kb free=118400Kb
 bounds [0x0000027b65f50000, 0x0000027b661c0000, 0x0000027b6d480000]
CodeHeap 'profiled nmethods': size=120000Kb used=7189Kb max_used=7189Kb free=112810Kb
 bounds [0x0000027b5ea20000, 0x0000027b5f130000, 0x0000027b65f50000]
CodeHeap 'non-nmethods': size=5760Kb used=1286Kb max_used=1388Kb free=4474Kb
 bounds [0x0000027b5e480000, 0x0000027b5e6f0000, 0x0000027b5ea20000]
 total_blobs=4253 nmethods=3650 adapters=515
 compilation: enabled
              stopped_count=0, restarted_count=0
 full_count=0

Compilation events (20 events):
Event: 16.046 Thread 0x0000027b758383f0 3645       4       io.netty.buffer.PooledByteBuf::order (4 bytes)
Event: 16.047 Thread 0x0000027b75855f90 nmethod 3644 0x0000027b5f120210 code [0x0000027b5f120440, 0x0000027b5f120b18]
Event: 16.047 Thread 0x0000027b758383f0 nmethod 3645 0x0000027b660df310 code [0x0000027b660df4a0, 0x0000027b660df518]
Event: 16.101 Thread 0x0000027b758383f0 3646       4       com.google.common.base.CharMatcher$JavaIsoControl::matches (25 bytes)
Event: 16.102 Thread 0x0000027b758383f0 nmethod 3646 0x0000027b660df610 code [0x0000027b660df7a0, 0x0000027b660df838]
Event: 16.104 Thread 0x0000027b75855f90 3647       3       io.netty.buffer.ByteBufUtil::unsafeWriteUtf8 (433 bytes)
Event: 16.105 Thread 0x0000027b75855f90 nmethod 3647 0x0000027b5f120e10 code [0x0000027b5f121180, 0x0000027b5f1225c8]
Event: 16.105 Thread 0x0000027b75855f90 3648       3       io.netty.channel.DefaultChannelProgressivePromise::executor (21 bytes)
Event: 16.106 Thread 0x0000027b75855f90 nmethod 3648 0x0000027b5f123090 code [0x0000027b5f123240, 0x0000027b5f1234a8]
Event: 16.200 Thread 0x0000027b75855f90 3649       1       io.netty.channel.AbstractChannel::pipeline (5 bytes)
Event: 16.200 Thread 0x0000027b758383f0 3650       4       io.netty.buffer.AbstractReferenceCountedByteBuf::isAccessible (8 bytes)
Event: 16.200 Thread 0x0000027b75855f90 nmethod 3649 0x0000027b660df910 code [0x0000027b660dfaa0, 0x0000027b660dfb78]
Event: 16.202 Thread 0x0000027b758383f0 nmethod 3650 0x0000027b660dfc10 code [0x0000027b660dfda0, 0x0000027b660dfe38]
Event: 16.205 Thread 0x0000027b75855f90 3651       3       java.util.stream.IntPipeline$Head::forEach (29 bytes)
Event: 16.205 Thread 0x0000027b75855f90 nmethod 3651 0x0000027b5f123590 code [0x0000027b5f123800, 0x0000027b5f124268]
Event: 16.205 Thread 0x0000027b75855f90 3652       3       java.util.HashMap$KeySpliterator::tryAdvance (138 bytes)
Event: 16.206 Thread 0x0000027b75855f90 nmethod 3652 0x0000027b5f124590 code [0x0000027b5f1247a0, 0x0000027b5f124ed8]
Event: 16.206 Thread 0x0000027b75855f90 3653       3       java.util.concurrent.TimeUnit::toNanos (45 bytes)
Event: 16.206 Thread 0x0000027b75855f90 nmethod 3653 0x0000027b5f125110 code [0x0000027b5f1252c0, 0x0000027b5f125538]
Event: 16.225 Thread 0x0000027b758383f0 3654       4       java.util.HashSet::contains (9 bytes)

GC Heap History (17 events):
Event: 0.759 GC heap before
{Heap before GC invocations=0 (full 0):
 garbage-first heap   total 129024K, used 24576K [0x0000000082a00000, 0x0000000100000000)
  region size 1024K, 23 young (23552K), 0 survivors (0K)
 Metaspace       used 12272K, committed 12416K, reserved 1064960K
  class space    used 1147K, committed 1216K, reserved 1048576K
}
Event: 0.766 GC heap after
{Heap after GC invocations=1 (full 0):
 garbage-first heap   total 129024K, used 8310K [0x0000000082a00000, 0x0000000100000000)
  region size 1024K, 3 young (3072K), 3 survivors (3072K)
 Metaspace       used 12272K, committed 12416K, reserved 1064960K
  class space    used 1147K, committed 1216K, reserved 1048576K
}
Event: 1.275 GC heap before
{Heap before GC invocations=1 (full 0):
 garbage-first heap   total 129024K, used 34934K [0x0000000082a00000, 0x0000000100000000)
  region size 1024K, 29 young (29696K), 3 survivors (3072K)
 Metaspace       used 18752K, committed 18944K, reserved 1073152K
  class space    used 1844K, committed 1920K, reserved 1048576K
}
Event: 1.280 GC heap after
{Heap after GC invocations=2 (full 0):
 garbage-first heap   total 129024K, used 11570K [0x0000000082a00000, 0x0000000100000000)
  region size 1024K, 4 young (4096K), 4 survivors (4096K)
 Metaspace       used 18752K, committed 18944K, reserved 1073152K
  class space    used 1844K, committed 1920K, reserved 1048576K
}
Event: 1.449 GC heap before
{Heap before GC invocations=2 (full 0):
 garbage-first heap   total 129024K, used 20786K [0x0000000082a00000, 0x0000000100000000)
  region size 1024K, 14 young (14336K), 4 survivors (4096K)
 Metaspace       used 21093K, committed 21248K, reserved 1073152K
  class space    used 2152K, committed 2240K, reserved 1048576K
}
Event: 1.452 GC heap after
{Heap after GC invocations=3 (full 0):
 garbage-first heap   total 129024K, used 12285K [0x0000000082a00000, 0x0000000100000000)
  region size 1024K, 4 young (4096K), 4 survivors (4096K)
 Metaspace       used 21093K, committed 21248K, reserved 1073152K
  class space    used 2152K, committed 2240K, reserved 1048576K
}
Event: 1.928 GC heap before
{Heap before GC invocations=4 (full 0):
 garbage-first heap   total 48128K, used 36861K [0x0000000082a00000, 0x0000000100000000)
  region size 1024K, 28 young (28672K), 4 survivors (4096K)
 Metaspace       used 29216K, committed 29440K, reserved 1081344K
  class space    used 3102K, committed 3200K, reserved 1048576K
}
Event: 1.936 GC heap after
{Heap after GC invocations=5 (full 0):
 garbage-first heap   total 48128K, used 15365K [0x0000000082a00000, 0x0000000100000000)
  region size 1024K, 4 young (4096K), 4 survivors (4096K)
 Metaspace       used 29216K, committed 29440K, reserved 1081344K
  class space    used 3102K, committed 3200K, reserved 1048576K
}
Event: 2.319 GC heap before
{Heap before GC invocations=5 (full 0):
 garbage-first heap   total 48128K, used 30725K [0x0000000082a00000, 0x0000000100000000)
  region size 1024K, 20 young (20480K), 4 survivors (4096K)
 Metaspace       used 33260K, committed 33536K, reserved 1081344K
  class space    used 3681K, committed 3840K, reserved 1048576K
}
Event: 2.324 GC heap after
{Heap after GC invocations=6 (full 0):
 garbage-first heap   total 48128K, used 16465K [0x0000000082a00000, 0x0000000100000000)
  region size 1024K, 2 young (2048K), 2 survivors (2048K)
 Metaspace       used 33260K, committed 33536K, reserved 1081344K
  class space    used 3681K, committed 3840K, reserved 1048576K
}
Event: 2.385 GC heap before
{Heap before GC invocations=6 (full 0):
 garbage-first heap   total 48128K, used 18513K [0x0000000082a00000, 0x0000000100000000)
  region size 1024K, 5 young (5120K), 2 survivors (2048K)
 Metaspace       used 34095K, committed 34304K, reserved 1081344K
  class space    used 3810K, committed 3904K, reserved 1048576K
}
Event: 2.387 GC heap after
{Heap after GC invocations=7 (full 0):
 garbage-first heap   total 48128K, used 16418K [0x0000000082a00000, 0x0000000100000000)
  region size 1024K, 2 young (2048K), 2 survivors (2048K)
 Metaspace       used 34095K, committed 34304K, reserved 1081344K
  class space    used 3810K, committed 3904K, reserved 1048576K
}
Event: 3.112 GC heap before
{Heap before GC invocations=7 (full 0):
 garbage-first heap   total 48128K, used 36898K [0x0000000082a00000, 0x0000000100000000)
  region size 1024K, 6 young (6144K), 2 survivors (2048K)
 Metaspace       used 35292K, committed 35520K, reserved 1081344K
  class space    used 3979K, committed 4096K, reserved 1048576K
}
Event: 3.117 GC heap after
{Heap after GC invocations=8 (full 0):
 garbage-first heap   total 58368K, used 33992K [0x0000000082a00000, 0x0000000100000000)
  region size 1024K, 2 young (2048K), 2 survivors (2048K)
 Metaspace       used 35292K, committed 35520K, reserved 1081344K
  class space    used 3979K, committed 4096K, reserved 1048576K
}
Event: 7.619 GC heap before
{Heap before GC invocations=9 (full 0):
 garbage-first heap   total 61440K, used 45256K [0x0000000082a00000, 0x0000000100000000)
  region size 1024K, 14 young (14336K), 2 survivors (2048K)
 Metaspace       used 37508K, committed 37824K, reserved 1089536K
  class space    used 4268K, committed 4416K, reserved 1048576K
}
Event: 7.624 GC heap after
{Heap after GC invocations=10 (full 0):
 garbage-first heap   total 61440K, used 35076K [0x0000000082a00000, 0x0000000100000000)
  region size 1024K, 2 young (2048K), 2 survivors (2048K)
 Metaspace       used 37508K, committed 37824K, reserved 1089536K
  class space    used 4268K, committed 4416K, reserved 1048576K
}
Event: 16.230 GC heap before
{Heap before GC invocations=10 (full 0):
 garbage-first heap   total 61440K, used 47364K [0x0000000082a00000, 0x0000000100000000)
  region size 1024K, 15 young (15360K), 2 survivors (2048K)
 Metaspace       used 38159K, committed 38400K, reserved 1089536K
  class space    used 4296K, committed 4416K, reserved 1048576K
}

Deoptimization events (20 events):
Event: 3.681 Thread 0x0000027b77536050 DEOPT PACKING pc=0x0000027b65ff8928 sp=0x000000e57cffe950
Event: 3.682 Thread 0x0000027b77536050 DEOPT UNPACKING pc=0x0000027b5e4cd72e sp=0x000000e57cffe918 mode 2
Event: 3.690 Thread 0x0000027b77536050 Uncommon trap: trap_request=0xffffffde fr.pc=0x0000027b65ff8928 relative=0x0000000000000528
Event: 3.690 Thread 0x0000027b77536050 Uncommon trap: reason=class_check action=maybe_recompile pc=0x0000027b65ff8928 method=java.io.FilterInputStream.read([BII)I @ 7 c2
Event: 3.690 Thread 0x0000027b77536050 DEOPT PACKING pc=0x0000027b65ff8928 sp=0x000000e57cffe950
Event: 3.690 Thread 0x0000027b77536050 DEOPT UNPACKING pc=0x0000027b5e4cd72e sp=0x000000e57cffe918 mode 2
Event: 5.871 Thread 0x0000027b5af15a50 Uncommon trap: trap_request=0xffffff45 fr.pc=0x0000027b6608cd5c relative=0x000000000000031c
Event: 5.871 Thread 0x0000027b5af15a50 Uncommon trap: reason=unstable_if action=reinterpret pc=0x0000027b6608cd5c method=java.util.regex.Pattern$Start.match(Ljava/util/regex/Matcher;ILjava/lang/CharSequence;)Z @ 10 c2
Event: 5.871 Thread 0x0000027b5af15a50 DEOPT PACKING pc=0x0000027b6608cd5c sp=0x000000e57a7fd0e0
Event: 5.871 Thread 0x0000027b5af15a50 DEOPT UNPACKING pc=0x0000027b5e4cd72e sp=0x000000e57a7fd010 mode 2
Event: 7.627 Thread 0x0000027b5af15a50 Uncommon trap: trap_request=0xffffff45 fr.pc=0x0000027b65fc4e5c relative=0x00000000000002bc
Event: 7.627 Thread 0x0000027b5af15a50 Uncommon trap: reason=unstable_if action=reinterpret pc=0x0000027b65fc4e5c method=java.util.ArrayList.indexOfRange(Ljava/lang/Object;II)I @ 7 c2
Event: 7.627 Thread 0x0000027b5af15a50 DEOPT PACKING pc=0x0000027b65fc4e5c sp=0x000000e57a7fcf40
Event: 7.627 Thread 0x0000027b5af15a50 DEOPT UNPACKING pc=0x0000027b5e4cd72e sp=0x000000e57a7fced0 mode 2
Event: 14.932 Thread 0x0000027b5af15a50 Uncommon trap: trap_request=0xffffff45 fr.pc=0x0000027b66091228 relative=0x0000000000000388
Event: 14.932 Thread 0x0000027b5af15a50 Uncommon trap: reason=unstable_if action=reinterpret pc=0x0000027b66091228 method=java.util.HashMap$HashIterator.<init>(Ljava/util/HashMap;)V @ 45 c2
Event: 14.932 Thread 0x0000027b5af15a50 DEOPT PACKING pc=0x0000027b66091228 sp=0x000000e57a7fd830
Event: 14.932 Thread 0x0000027b5af15a50 DEOPT UNPACKING pc=0x0000027b5e4cd72e sp=0x000000e57a7fd7e8 mode 2
Event: 15.459 Thread 0x0000027b5af15a50 DEOPT PACKING pc=0x0000027b5f053d1b sp=0x000000e57a7fc5a0
Event: 15.459 Thread 0x0000027b5af15a50 DEOPT UNPACKING pc=0x0000027b5e4cdece sp=0x000000e57a7fba50 mode 0

Classes unloaded (0 events):
No events

Classes redefined (0 events):
No events

Internal exceptions (20 events):
Event: 2.060 Thread 0x0000027b77539570 Exception <a 'java/net/SocketException'{0x000000008538dbe8}: Socket is not connected: shutdown> (0x000000008538dbe8) 
thrown [t:\workspace\open\src\hotspot\share\prims\jni.cpp, line 600]
Event: 2.074 Thread 0x0000027b77539570 Exception <a 'java/net/ConnectException'{0x000000008538ec50}: Connection refused: no further information> (0x000000008538ec50) 
thrown [t:\workspace\open\src\hotspot\share\prims\jni.cpp, line 600]
Event: 2.074 Thread 0x0000027b77539570 Exception <a 'java/net/SocketException'{0x000000008538ef88}: Socket is not connected: shutdown> (0x000000008538ef88) 
thrown [t:\workspace\open\src\hotspot\share\prims\jni.cpp, line 600]
Event: 2.121 Thread 0x0000027b5af15a50 Exception <a 'java/lang/NoSuchMethodError'{0x0000000085271290}: 'double java.lang.invoke.DirectMethodHandle$Holder.invokeVirtual(java.lang.Object, java.lang.Object)'> (0x0000000085271290) 
thrown [t:\workspace\open\src\hotspot\share\interpreter\linkResolver.cpp, line 790]
Event: 2.122 Thread 0x0000027b5af15a50 Exception <a 'java/lang/NoSuchMethodError'{0x0000000085277f48}: 'float java.lang.invoke.DirectMethodHandle$Holder.invokeVirtual(java.lang.Object, java.lang.Object)'> (0x0000000085277f48) 
thrown [t:\workspace\open\src\hotspot\share\interpreter\linkResolver.cpp, line 790]
Event: 2.123 Thread 0x0000027b5af15a50 Exception <a 'java/lang/NoSuchMethodError'{0x0000000085281a48}: 'long java.lang.invoke.DirectMethodHandle$Holder.invokeVirtual(java.lang.Object, java.lang.Object)'> (0x0000000085281a48) 
thrown [t:\workspace\open\src\hotspot\share\interpreter\linkResolver.cpp, line 790]
Event: 2.146 Thread 0x0000027b5af15a50 Exception <a 'java/lang/NoSuchMethodError'{0x00000000851daf18}: 'void java.lang.invoke.DirectMethodHandle$Holder.invokeStatic(java.lang.Object, java.lang.Object, int)'> (0x00000000851daf18) 
thrown [t:\workspace\open\src\hotspot\share\interpreter\linkResolver.cpp, line 790]
Event: 2.159 Thread 0x0000027b5af15a50 Exception <a 'java/lang/NoSuchMethodError'{0x00000000850a0f10}: 'java.lang.Object java.lang.invoke.DirectMethodHandle$Holder.newInvokeSpecial(java.lang.Object, java.lang.Object, java.lang.Object, java.lang.Object, java.lang.Object)'> (0x00000000850a0f10) 
thrown [t:\workspace\open\src\hotspot\share\interpreter\linkResolver.cpp, line 790]
Event: 2.172 Thread 0x0000027b5af15a50 Exception <a 'java/lang/NoSuchMethodError'{0x0000000084f7fee8}: 'int java.lang.invoke.DirectMethodHandle$Holder.invokeSpecialIFC(java.lang.Object, java.lang.Object, java.lang.Object)'> (0x0000000084f7fee8) 
thrown [t:\workspace\open\src\hotspot\share\interpreter\linkResolver.cpp, line 790]
Event: 2.237 Thread 0x0000027b5af15a50 Exception <a 'java/lang/NoSuchMethodError'{0x0000000084cdada8}: 'void java.lang.invoke.DirectMethodHandle$Holder.invokeSpecial(java.lang.Object, java.lang.Object, java.lang.Object, java.lang.Object, java.lang.Object, java.lang.Object)'> (0x0000000084cdada8) 
thrown [t:\workspace\open\src\hotspot\share\interpreter\linkResolver.cpp, line 790]
Event: 3.048 Thread 0x0000027b5af15a50 Exception <a 'java/lang/NoSuchMethodError'{0x0000000089cb6c88}: 'java.lang.Object java.lang.invoke.DirectMethodHandle$Holder.invokeSpecialIFC(java.lang.Object, java.lang.Object, java.lang.Object)'> (0x0000000089cb6c88) 
thrown [t:\workspace\open\src\hotspot\share\interpreter\linkResolver.cpp, line 790]
Event: 3.081 Thread 0x0000027b5af15a50 Exception <a 'java/lang/ClassNotFoundException'{0x0000000085344de8}: sun/util/logging/resources/spi/loggingProvider> (0x0000000085344de8) 
thrown [t:\workspace\open\src\hotspot\share\classfile\systemDictionary.cpp, line 256]
Event: 3.380 Thread 0x0000027b5af15a50 Exception <a 'java/lang/NoSuchMethodError'{0x0000000086069198}: 'java.lang.Object java.lang.invoke.DirectMethodHandle$Holder.newInvokeSpecial(java.lang.Object, int, java.lang.Object)'> (0x0000000086069198) 
thrown [t:\workspace\open\src\hotspot\share\interpreter\linkResolver.cpp, line 790]
Event: 3.395 Thread 0x0000027b5af15a50 Exception <a 'java/lang/NoSuchMethodError'{0x00000000860982a8}: 'java.lang.Object java.lang.invoke.DirectMethodHandle$Holder.invokeStatic(java.lang.Object, java.lang.Object, int, java.lang.Object, java.lang.Object)'> (0x00000000860982a8) 
thrown [t:\workspace\open\src\hotspot\share\interpreter\linkResolver.cpp, line 790]
Event: 3.396 Thread 0x0000027b5af15a50 Exception <a 'java/lang/NoSuchMethodError'{0x00000000860a0228}: 'java.lang.Object java.lang.invoke.DirectMethodHandle$Holder.newInvokeSpecial(java.lang.Object, java.lang.Object, int, java.lang.Object)'> (0x00000000860a0228) 
thrown [t:\workspace\open\src\hotspot\share\interpreter\linkResolver.cpp, line 790]
Event: 3.397 Thread 0x0000027b5af15a50 Exception <a 'java/lang/NoSuchMethodError'{0x00000000860a4720}: 'java.lang.Object java.lang.invoke.DirectMethodHandle$Holder.invokeSpecial(java.lang.Object, java.lang.Object, java.lang.Object, int, java.lang.Object)'> (0x00000000860a4720) 
thrown [t:\workspace\open\src\hotspot\share\interpreter\linkResolver.cpp, line 790]
Event: 3.398 Thread 0x0000027b5af15a50 Exception <a 'java/lang/NoSuchMethodError'{0x00000000860a84e0}: 'java.lang.Object java.lang.invoke.Invokers$Holder.linkToTargetMethod(java.lang.Object, int, java.lang.Object, java.lang.Object)'> (0x00000000860a84e0) 
thrown [t:\workspace\open\src\hotspot\share\interpreter\linkResolver.cpp, line 790]
Event: 3.479 Thread 0x0000027b5af15a50 Exception <a 'java/lang/NoSuchMethodError'{0x0000000085ebdf40}: 'void java.lang.invoke.DirectMethodHandle$Holder.invokeInterface(java.lang.Object, java.lang.Object)'> (0x0000000085ebdf40) 
thrown [t:\workspace\open\src\hotspot\share\interpreter\linkResolver.cpp, line 790]
Event: 7.627 Thread 0x0000027b5af15a50 Implicit null exception at 0x0000027b65fc4bd7 to 0x0000027b65fc4e40
Event: 15.145 Thread 0x0000027b5af15a50 Exception <a 'java/lang/ClassNotFoundException'{0x0000000085e9dff8}: sun/misc/SharedSecrets> (0x0000000085e9dff8) 
thrown [t:\workspace\open\src\hotspot\share\classfile\systemDictionary.cpp, line 256]

Events (20 events):
Event: 12.447 Executing  VM operation: ICBufferFull done
Event: 12.555 Executing  VM operation: ICBufferFull
Event: 12.555 Executing  VM operation: ICBufferFull done
Event: 13.563 Executing  VM operation: Cleanup
Event: 13.564 Executing  VM operation: Cleanup done
Event: 14.970 loading class java/util/LinkedList$LLSpliterator
Event: 14.971 loading class java/util/LinkedList$LLSpliterator done
Event: 15.145 loading class sun/misc/SharedSecrets
Event: 15.145 loading class sun/misc/SharedSecrets done
Event: 15.150 Executing  VM operation: ICBufferFull
Event: 15.150 Executing  VM operation: ICBufferFull done
Event: 15.243 Executing  VM operation: ICBufferFull
Event: 15.243 Executing  VM operation: ICBufferFull done
Event: 15.490 Executing  VM operation: ICBufferFull
Event: 15.490 Executing  VM operation: ICBufferFull done
Event: 15.844 Executing  VM operation: ICBufferFull
Event: 15.844 Executing  VM operation: ICBufferFull done
Event: 16.120 Executing  VM operation: ICBufferFull
Event: 16.121 Executing  VM operation: ICBufferFull done
Event: 16.230 Executing  VM operation: G1CollectForAllocation


Dynamic libraries:
0x00007ff793670000 - 0x00007ff79367e000 	C:\Users\vadap\Downloads\sts-4.11.1.RELEASE\plugins\org.eclipse.justj.openjdk.hotspot.jre.full.win32.x86_64_16.0.2.v20210721-1149\jre\bin\javaw.exe
0x00007ffc77130000 - 0x00007ffc77325000 	C:\WINDOWS\SYSTEM32\ntdll.dll
0x00007ffc75a20000 - 0x00007ffc75ade000 	C:\WINDOWS\System32\KERNEL32.DLL
0x00007ffc74b40000 - 0x00007ffc74e09000 	C:\WINDOWS\System32\KERNELBASE.dll
0x00007ffc74a40000 - 0x00007ffc74b40000 	C:\WINDOWS\System32\ucrtbase.dll
0x00007ffc72970000 - 0x00007ffc72988000 	C:\Users\vadap\Downloads\sts-4.11.1.RELEASE\plugins\org.eclipse.justj.openjdk.hotspot.jre.full.win32.x86_64_16.0.2.v20210721-1149\jre\bin\jli.dll
0x00007ffc72990000 - 0x00007ffc729a9000 	C:\Users\vadap\Downloads\sts-4.11.1.RELEASE\plugins\org.eclipse.justj.openjdk.hotspot.jre.full.win32.x86_64_16.0.2.v20210721-1149\jre\bin\VCRUNTIME140.dll
0x00007ffc75ce0000 - 0x00007ffc75e81000 	C:\WINDOWS\System32\USER32.dll
0x00007ffc749b0000 - 0x00007ffc749d2000 	C:\WINDOWS\System32\win32u.dll
0x00007ffc73c50000 - 0x00007ffc73eea000 	C:\WINDOWS\WinSxS\amd64_microsoft.windows.common-controls_6595b64144ccf1df_6.0.19041.1110_none_60b5254171f9507e\COMCTL32.dll
0x00007ffc75660000 - 0x00007ffc7568b000 	C:\WINDOWS\System32\GDI32.dll
0x00007ffc74850000 - 0x00007ffc7495b000 	C:\WINDOWS\System32\gdi32full.dll
0x00007ffc77040000 - 0x00007ffc770de000 	C:\WINDOWS\System32\msvcrt.dll
0x00007ffc75050000 - 0x00007ffc750ed000 	C:\WINDOWS\System32\msvcp_win.dll
0x00007ffc75330000 - 0x00007ffc75360000 	C:\WINDOWS\System32\IMM32.DLL
0x00007ffc74260000 - 0x00007ffc7426c000 	C:\Users\vadap\Downloads\sts-4.11.1.RELEASE\plugins\org.eclipse.justj.openjdk.hotspot.jre.full.win32.x86_64_16.0.2.v20210721-1149\jre\bin\vcruntime140_1.dll
0x00007ffc40b90000 - 0x00007ffc40c21000 	C:\Users\vadap\Downloads\sts-4.11.1.RELEASE\plugins\org.eclipse.justj.openjdk.hotspot.jre.full.win32.x86_64_16.0.2.v20210721-1149\jre\bin\msvcp140.dll
0x00007ffc17860000 - 0x00007ffc1840b000 	C:\Users\vadap\Downloads\sts-4.11.1.RELEASE\plugins\org.eclipse.justj.openjdk.hotspot.jre.full.win32.x86_64_16.0.2.v20210721-1149\jre\bin\server\jvm.dll
0x00007ffc75360000 - 0x00007ffc7540c000 	C:\WINDOWS\System32\ADVAPI32.dll
0x00007ffc75920000 - 0x00007ffc759bb000 	C:\WINDOWS\System32\sechost.dll
0x00007ffc761f0000 - 0x00007ffc7631a000 	C:\WINDOWS\System32\RPCRT4.dll
0x00007ffc770e0000 - 0x00007ffc770e8000 	C:\WINDOWS\System32\PSAPI.DLL
0x00007ffc582d0000 - 0x00007ffc582d9000 	C:\WINDOWS\SYSTEM32\WSOCK32.dll
0x00007ffc72350000 - 0x00007ffc7235a000 	C:\WINDOWS\SYSTEM32\VERSION.dll
0x00007ffc582a0000 - 0x00007ffc582c7000 	C:\WINDOWS\SYSTEM32\WINMM.dll
0x00007ffc75b40000 - 0x00007ffc75bab000 	C:\WINDOWS\System32\WS2_32.dll
0x00007ffc71b40000 - 0x00007ffc71b52000 	C:\WINDOWS\SYSTEM32\kernel.appcore.dll
0x00007ffc46e10000 - 0x00007ffc46e1a000 	C:\Users\vadap\Downloads\sts-4.11.1.RELEASE\plugins\org.eclipse.justj.openjdk.hotspot.jre.full.win32.x86_64_16.0.2.v20210721-1149\jre\bin\jimage.dll
0x00007ffc74270000 - 0x00007ffc74454000 	C:\WINDOWS\SYSTEM32\DBGHELP.DLL
0x00007ffc741c0000 - 0x00007ffc741ec000 	C:\WINDOWS\SYSTEM32\dbgcore.DLL
0x00007ffc750f0000 - 0x00007ffc75173000 	C:\WINDOWS\System32\bcryptPrimitives.dll
0x00007ffc17810000 - 0x00007ffc17835000 	C:\Users\vadap\Downloads\sts-4.11.1.RELEASE\plugins\org.eclipse.justj.openjdk.hotspot.jre.full.win32.x86_64_16.0.2.v20210721-1149\jre\bin\java.dll
0x00007ffc177f0000 - 0x00007ffc17808000 	C:\Users\vadap\Downloads\sts-4.11.1.RELEASE\plugins\org.eclipse.justj.openjdk.hotspot.jre.full.win32.x86_64_16.0.2.v20210721-1149\jre\bin\zip.dll
0x00007ffc76320000 - 0x00007ffc76a5f000 	C:\WINDOWS\System32\SHELL32.dll
0x00007ffc71b60000 - 0x00007ffc722f0000 	C:\WINDOWS\SYSTEM32\windows.storage.dll
0x00007ffc75e90000 - 0x00007ffc761e5000 	C:\WINDOWS\System32\combase.dll
0x00007ffc73bb0000 - 0x00007ffc73bdc000 	C:\WINDOWS\SYSTEM32\Wldp.dll
0x00007ffc75690000 - 0x00007ffc7573e000 	C:\WINDOWS\System32\SHCORE.dll
0x00007ffc75740000 - 0x00007ffc75795000 	C:\WINDOWS\System32\shlwapi.dll
0x00007ffc74790000 - 0x00007ffc747af000 	C:\WINDOWS\SYSTEM32\profapi.dll
0x00007ffc72be0000 - 0x00007ffc72bf9000 	C:\Users\vadap\Downloads\sts-4.11.1.RELEASE\plugins\org.eclipse.justj.openjdk.hotspot.jre.full.win32.x86_64_16.0.2.v20210721-1149\jre\bin\net.dll
0x00007ffc6ba60000 - 0x00007ffc6bb68000 	C:\WINDOWS\SYSTEM32\WINHTTP.dll
0x00007ffc73a80000 - 0x00007ffc73aea000 	C:\WINDOWS\system32\mswsock.dll
0x00007ffc695d0000 - 0x00007ffc695e3000 	C:\Users\vadap\Downloads\sts-4.11.1.RELEASE\plugins\org.eclipse.justj.openjdk.hotspot.jre.full.win32.x86_64_16.0.2.v20210721-1149\jre\bin\nio.dll
0x00007ffc73640000 - 0x00007ffc7370c000 	C:\WINDOWS\SYSTEM32\DNSAPI.dll
0x00007ffc73600000 - 0x00007ffc7363b000 	C:\WINDOWS\SYSTEM32\IPHLPAPI.DLL
0x00007ffc75430000 - 0x00007ffc75438000 	C:\WINDOWS\System32\NSI.dll
0x00007ffc68e20000 - 0x00007ffc68e2a000 	C:\Windows\System32\rasadhlp.dll
0x00007ffc686a0000 - 0x00007ffc6871f000 	C:\WINDOWS\System32\fwpuclnt.dll
0x00007ffc75020000 - 0x00007ffc75047000 	C:\WINDOWS\System32\bcrypt.dll
0x00007ffc745d0000 - 0x00007ffc745e8000 	C:\WINDOWS\SYSTEM32\CRYPTSP.dll
0x00007ffc732b0000 - 0x00007ffc732e4000 	C:\WINDOWS\system32\rsaenh.dll
0x00007ffc74710000 - 0x00007ffc7473e000 	C:\WINDOWS\SYSTEM32\USERENV.dll
0x00007ffc73b70000 - 0x00007ffc73b7c000 	C:\WINDOWS\SYSTEM32\CRYPTBASE.dll
0x00007ffc69040000 - 0x00007ffc69057000 	C:\WINDOWS\SYSTEM32\dhcpcsvc6.DLL
0x00007ffc68e60000 - 0x00007ffc68e7d000 	C:\WINDOWS\SYSTEM32\dhcpcsvc.DLL
0x00007ffc69590000 - 0x00007ffc695a0000 	C:\Users\vadap\Downloads\sts-4.11.1.RELEASE\plugins\org.eclipse.justj.openjdk.hotspot.jre.full.win32.x86_64_16.0.2.v20210721-1149\jre\bin\verify.dll
0x00007ffc72960000 - 0x00007ffc72969000 	C:\Users\vadap\Downloads\sts-4.11.1.RELEASE\plugins\org.eclipse.justj.openjdk.hotspot.jre.full.win32.x86_64_16.0.2.v20210721-1149\jre\bin\management.dll
0x00007ffc72950000 - 0x00007ffc7295b000 	C:\Users\vadap\Downloads\sts-4.11.1.RELEASE\plugins\org.eclipse.justj.openjdk.hotspot.jre.full.win32.x86_64_16.0.2.v20210721-1149\jre\bin\management_ext.dll
0x00007ffc725c0000 - 0x00007ffc725ce000 	C:\Users\vadap\Downloads\sts-4.11.1.RELEASE\plugins\org.eclipse.justj.openjdk.hotspot.jre.full.win32.x86_64_16.0.2.v20210721-1149\jre\bin\sunmscapi.dll
0x00007ffc74ec0000 - 0x00007ffc75016000 	C:\WINDOWS\System32\CRYPT32.dll
0x00007ffc73c20000 - 0x00007ffc73c47000 	C:\WINDOWS\SYSTEM32\ncrypt.dll
0x00007ffc73be0000 - 0x00007ffc73c1b000 	C:\WINDOWS\SYSTEM32\NTASN1.dll
0x00007ffc72940000 - 0x00007ffc72947000 	C:\WINDOWS\system32\wshunix.dll
0x00007ffc53b10000 - 0x00007ffc53b27000 	C:\WINDOWS\system32\napinsp.dll
0x00007ffc53af0000 - 0x00007ffc53b0b000 	C:\WINDOWS\system32\pnrpnsp.dll
0x00007ffc53ad0000 - 0x00007ffc53ae5000 	C:\WINDOWS\system32\wshbth.dll
0x00007ffc6c1c0000 - 0x00007ffc6c1dd000 	C:\WINDOWS\system32\NLAapi.dll
0x00007ffc53a40000 - 0x00007ffc53a52000 	C:\WINDOWS\System32\winrnr.dll

dbghelp: loaded successfully - version: 4.0.5 - missing functions: none
symbol engine: initialized successfully - sym options: 0x614 - pdb path: .;C:\Users\vadap\Downloads\sts-4.11.1.RELEASE\plugins\org.eclipse.justj.openjdk.hotspot.jre.full.win32.x86_64_16.0.2.v20210721-1149\jre\bin;C:\WINDOWS\SYSTEM32;C:\WINDOWS\WinSxS\amd64_microsoft.windows.common-controls_6595b64144ccf1df_6.0.19041.1110_none_60b5254171f9507e;C:\Users\vadap\Downloads\sts-4.11.1.RELEASE\plugins\org.eclipse.justj.openjdk.hotspot.jre.full.win32.x86_64_16.0.2.v20210721-1149\jre\bin\server

VM Arguments:
jvm_args: -ea -Dfile.encoding=Cp1252 -XX:+ShowCodeDetailsInExceptionMessages 
java_command: org.testng.remote.RemoteTestNG -serport 56354 -protocol json -d C:\Users\vadap\Documents\workspace-spring-tool-suite-4-4.11.1.RELEASE\easyMyTrip\test-output C:\Users\vadap\AppData\Local\Temp\testng-eclipse--776997823\testng-customsuite.xml
java_class_path (initial): C:\Users\vadap\Downloads\sts-4.11.1.RELEASE\configuration\org.eclipse.osgi\583\0\.cp\lib\testng-remote.jar;C:\Users\vadap\Documents\workspace-spring-tool-suite-4-4.11.1.RELEASE\easyMyTrip\target\test-classes;C:\Users\vadap\Documents\workspace-spring-tool-suite-4-4.11.1.RELEASE\easyMyTrip\target\classes;C:\Users\vadap\.m2\repository\org\seleniumhq\selenium\selenium-java\4.0.0-rc-1\selenium-java-4.0.0-rc-1.jar;C:\Users\vadap\.m2\repository\org\seleniumhq\selenium\selenium-api\4.0.0-rc-1\selenium-api-4.0.0-rc-1.jar;C:\Users\vadap\.m2\repository\org\seleniumhq\selenium\selenium-chrome-driver\4.0.0-rc-1\selenium-chrome-driver-4.0.0-rc-1.jar;C:\Users\vadap\.m2\repository\com\google\auto\service\auto-service-annotations\1.0\auto-service-annotations-1.0.jar;C:\Users\vadap\.m2\repository\com\google\auto\service\auto-service\1.0\auto-service-1.0.jar;C:\Users\vadap\.m2\repository\com\google\auto\auto-common\1.0\auto-common-1.0.jar;C:\Users\vadap\.m2\repository\com\google\guava\guava\30.1.1-jre\guava-30.1.1-jre.jar;C:\Users\vadap\.m2\repository\com\google\guava\failureaccess\1.0.1\failureaccess-1.0.1.jar;C:\Users\vadap\.m2\repository\com\google\guava\listenablefuture\9999.0-empty-to-avoid-conflict-with-guava\listenablefuture-9999.0-empty-to-avoid-conflict-with-guava.jar;C:\Users\vadap\.m2\repository\com\google\code\findbugs\jsr305\3.0.2\jsr305-3.0.2.jar;C:\Users\vadap\.m2\repository\org\checkerframework\checker-qual\3.8.0\checker-qual-3.8.0.jar;C:\Users\vadap\.m2\repository\com\google\errorprone\error_prone_annotations\2.5.1\error_prone_annotations-2.5.1.jar;C:\Users\vadap\.m2\repository\com\google\j2objc\j2objc-annotations\1.3\j2objc-annotations-1.3.jar;C:\Users\vadap\.m2\repository\org\seleniumhq\selenium\selenium-chromium-driver\4.0.0-rc-1\selenium-chromium-driver-4.0.0-rc-1.jar;C:\Users\vadap\.m2\repository\org\seleniumhq\selenium\selenium-devtools\4.0.0-rc-1\selenium-devtools-4.0.0-rc-1.jar;C:\Users\vadap\.m2\repository\org\seleniumhq\selenium\
Launcher Type: SUN_STANDARD

[Global flags]
     intx CICompilerCount                          = 4                                         {product} {ergonomic}
     uint ConcGCThreads                            = 2                                         {product} {ergonomic}
     uint G1ConcRefinementThreads                  = 8                                         {product} {ergonomic}
   size_t G1HeapRegionSize                         = 1048576                                   {product} {ergonomic}
    uintx GCDrainStackTargetSize                   = 64                                        {product} {ergonomic}
   size_t InitialHeapSize                          = 132120576                                 {product} {ergonomic}
   size_t MarkStackSize                            = 4194304                                   {product} {ergonomic}
   size_t MaxHeapSize                              = 2103443456                                {product} {ergonomic}
   size_t MaxNewSize                               = 1261436928                                {product} {ergonomic}
   size_t MinHeapDeltaBytes                        = 1048576                                   {product} {ergonomic}
   size_t MinHeapSize                              = 8388608                                   {product} {ergonomic}
    uintx NonNMethodCodeHeapSize                   = 5839372                                {pd product} {ergonomic}
    uintx NonProfiledCodeHeapSize                  = 122909434                              {pd product} {ergonomic}
    uintx ProfiledCodeHeapSize                     = 122909434                              {pd product} {ergonomic}
    uintx ReservedCodeCacheSize                    = 251658240                              {pd product} {ergonomic}
     bool SegmentedCodeCache                       = true                                      {product} {ergonomic}
     bool ShowCodeDetailsInExceptionMessages       = true                                   {manageable} {command line}
   size_t SoftMaxHeapSize                          = 2103443456                             {manageable} {ergonomic}
     bool UseCompressedClassPointers               = true                           {product lp64_product} {ergonomic}
     bool UseCompressedOops                        = true                           {product lp64_product} {ergonomic}
     bool UseG1GC                                  = true                                      {product} {ergonomic}
     bool UseLargePagesIndividualAllocation        = false                                  {pd product} {ergonomic}

Logging:
Log output configuration:
 #0: stdout all=warning uptime,level,tags
 #1: stderr all=off uptime,level,tags

Environment Variables:
JAVA_HOME=C:\Program Files\Java\jdk-16.0.1
PATH=C:/Users/vadap/Downloads/sts-4.11.1.RELEASE//plugins/org.eclipse.justj.openjdk.hotspot.jre.full.win32.x86_64_16.0.2.v20210721-1149/jre/bin/server;C:/Users/vadap/Downloads/sts-4.11.1.RELEASE//plugins/org.eclipse.justj.openjdk.hotspot.jre.full.win32.x86_64_16.0.2.v20210721-1149/jre/bin;C:\Users\vadap\AppData\Local\Microsoft\WindowsApps;C:\Users\vadap\AppData\Local\Programs\Microsoft VS Code\bin;C:\Users\vadap\AppData\Roaming\npm;C:\Users\vadap\flutter\bin;C:\Program Files\heroku\bin;%MAVEN_HOME%\bin;C:\Program Files\Git\bin;C:\Program Files\Java\jdk-16.0.1\bin;C:\Program Files\nodejs;C:\Windows\System32;C:\Program Files\Git\cmd;C:\Program Files\Git\git-cmd.exe;C:\Users\vadap\AppData\Local\Microsoft\WindowsApps;C:\Users\vadap\AppData\Local\Programs\Microsoft VS Code\bin;C:\Users\vadap\AppData\Roaming\npm;C:\Users\vadap\flutter\bin;C:\Program Files\heroku\bin;C:\Program Files\Git\bin;C:\Program Files\Java\jdk-16.0.1\bin;C:\Users\vadap\Downloads\apache-maven-3.8.2\bin;C:\Program Files\nodejs;C:\Windows\System32;C:\Program Files\Git\cmd;C:\Program Files\Git\git-cmd.exe;C:\Windows\System32\WindowsPowerShell\v1.0;C:\WINDOWS\System32\WindowsPowerShell\v1.0\;;C:\Users\vadap\Downloads\sts-4.11.1.RELEASE;
USERNAME=vadap
OS=Windows_NT
PROCESSOR_IDENTIFIER=Intel64 Family 6 Model 142 Stepping 12, GenuineIntel



---------------  S Y S T E M  ---------------

OS:
 Windows 10 , 64 bit Build 19041 (10.0.19041.1202)
OS uptime: 0 days 3:15 hours

CPU: total 8 (initial active 8) (4 cores per cpu, 2 threads per core) family 6 model 142 stepping 12 microcode 0xc0, cx8, cmov, fxsr, ht, mmx, 3dnowpref, sse, sse2, sse3, ssse3, sse4.1, sse4.2, popcnt, lzcnt, tsc, tscinvbit, avx, avx2, aes, erms, clmul, bmi1, bmi2, adx, fma, vzeroupper, clflush, clflushopt

Memory: 4k page, system-wide physical 8022M (1685M free)
TotalPageFile size 13910M (AvailPageFile size 3695M)
current process WorkingSet (physical memory assigned to process): 208M, peak: 256M
current process commit charge ("private bytes"): 244M, peak: 300M

vm_info: OpenJDK 64-Bit Server VM (16.0.2+7-67) for windows-amd64 JRE (16.0.2+7-67), built on Jun  8 2021 23:21:43 by "mach5one" with MS VC++ 16.7 (VS2019)

END.
